#
# A fatal error has been detected by the Java Runtime Environment:
#
#  EXCEPTION_ACCESS_VIOLATION (0xc0000005) at pc=0x00007ffc9cab9a9d, pid=15744, tid=0x000000000000178c
#
# JRE version: Java(TM) SE Runtime Environment (8.0_201-b09) (build 1.8.0_201-b09)
# Java VM: Java HotSpot(TM) 64-Bit Server VM (25.201-b09 mixed mode windows-amd64 compressed oops)
# Problematic frame:
# C  [ntdll.dll+0x9a9d]
#
# Failed to write core dump. Minidumps are not enabled by default on client versions of Windows
#
# If you would like to submit a bug report, please visit:
#   http://bugreport.java.com/bugreport/crash.jsp
# The crash happened outside the Java Virtual Machine in native code.
# See problematic frame for where to report the bug.
#

---------------  T H R E A D  ---------------

Current thread (0x000000001e0d0800):  JavaThread "Finalizer" daemon [_thread_in_native, id=6028, stack(0x000000001e4b0000,0x000000001e5b0000)]

siginfo: ExceptionCode=0xc0000005, reading address 0xffffffffffffffff

Registers:
RAX=0x000000000052a000, RBX=0x0000000020a9f688, RCX=0xa9104236fb8fb5c1, RDX=0x000000001e5af4e0
RSP=0x000000001e5af3b0, RBP=0x000000001e5af4b0, RSI=0x00000000003d0150, RDI=0x00000000d8593056
R8 =0x0000000020a9f688, R9 =0x00000000026d5b00, R10=0x00000000027c97af, R11=0x00000000661ecd40
R12=0x0000000000000000, R13=0x000000002686e240, R14=0x000000001e5af4e0, R15=0x000000001e0d0800
RIP=0x00007ffc9cab9a9d, EFLAGS=0x0000000000010202

Top of Stack: (sp=0x000000001e5af3b0)
0x000000001e5af3b0:   000000001e0d0800 000000001e0d0800
0x000000001e5af3c0:   000000001e5af460 00000000661fecca
0x000000001e5af3d0:   000000001c1d3d28 000000006cdfa0d4
0x000000001e5af3e0:   000000076b434dc0 000000001bcd1600
0x000000001e5af3f0:   000000001c1c8140 0000000066077f71
0x000000001e5af400:   000000001e5afa18 000000002686e240
0x000000001e5af410:   000000076b434dc0 00000000027c97db
0x000000001e5af420:   00000000d8593056 00000000027c9542
0x000000001e5af430:   000000001e0d0800 000000002686e240
0x000000001e5af440:   000000001e5af458 000000001e0d0800
0x000000001e5af450:   000000001e5af528 00000000027c950a
0x000000001e5af460:   0000000000000003 00000006c2faafe0
0x000000001e5af470:   000000001e5af460 000000002686e240
0x000000001e5af480:   000000001e5af4e0 000000002689f300
0x000000001e5af490:   0000000000000000 000000002686e240
0x000000001e5af4a0:   0000000000000000 000000001e5af4d0 

Instructions: (pc=0x00007ffc9cab9a9d)
0x00007ffc9cab9a7d:   5e c3 f0 ff 43 38 eb c8 cc cc cc cc cc cc cc cc
0x00007ffc9cab9a8d:   cc cc cc 48 83 ec 28 65 48 8b 04 25 30 00 00 00
0x00007ffc9cab9a9d:   f0 0f ba 71 08 00 48 8b 40 48 73 12 48 89 41 10
0x00007ffc9cab9aad:   33 c0 c7 41 0c 01 00 00 00 48 83 c4 28 c3 48 39 


Register to memory mapping:

RAX=0x000000000052a000 is an unknown value
RBX=0x0000000020a9f688 is an unknown value
RCX=0xa9104236fb8fb5c1 is an unknown value
RDX=0x000000001e5af4e0 is pointing into the stack for thread: 0x000000001e0d0800
RSP=0x000000001e5af3b0 is pointing into the stack for thread: 0x000000001e0d0800
RBP=0x000000001e5af4b0 is pointing into the stack for thread: 0x000000001e0d0800
RSI=0x00000000003d0150 is an unknown value
RDI=0x00000000d8593056 is an unknown value
R8 =0x0000000020a9f688 is an unknown value
R9 =0x00000000026d5b00 is an unknown value
R10=0x00000000027c97af is at code_begin+1295 in an Interpreter codelet
method entry point (kind = native_synchronized)  [0x00000000027c92a0, 0x00000000027c9e00]  2912 bytes
R11=0x00000000661ecd40 is an unknown value
R12=0x0000000000000000 is an unknown value
R13={method} {0x000000002686e248} 'reset' '(J)I' in 'org/sqlite/core/NativeDB'
R14=0x000000001e5af4e0 is pointing into the stack for thread: 0x000000001e0d0800
R15=0x000000001e0d0800 is a thread


Stack: [0x000000001e4b0000,0x000000001e5b0000],  sp=0x000000001e5af3b0,  free space=1020k
Native frames: (J=compiled Java code, j=interpreted, Vv=VM code, C=native code)
C  [ntdll.dll+0x9a9d]
C  [sqlite-3.16.1-aecb89bf-8547-4c90-bc1d-07ee84c1dda3-sqlitejdbc.dll+0x7a0d4]
C  0x00000000027c97db

Java frames: (J=compiled Java code, j=interpreted, Vv=VM code)
j  org.sqlite.core.NativeDB.reset(J)I+0
j  org.sqlite.core.CoreResultSet.close()V+81
j  org.sqlite.jdbc4.JDBC4ResultSet.close()V+6
j  org.sqlite.core.CoreStatement.internalClose()V+34
j  org.sqlite.jdbc3.JDBC3Statement.close()V+33
j  org.sqlite.jdbc4.JDBC4Statement.close()V+1
j  org.sqlite.jdbc3.JDBC3Statement.finalize()V+1
J 3469 C2 java.lang.ref.Finalizer.access$100(Ljava/lang/ref/Finalizer;Lsun/misc/JavaLangAccess;)V (6 bytes) @ 0x0000000003413068 [0x0000000003412e80+0x1e8]
j  java.lang.ref.Finalizer$FinalizerThread.run()V+45
v  ~StubRoutines::call_stub

---------------  P R O C E S S  ---------------

Java Threads: ( => current thread )
  0x000000002075a000 JavaThread "restartedMain" [_thread_in_native, id=1768, stack(0x00000000292f0000,0x00000000293f0000)]
  0x000000002075c000 JavaThread "Thread-5" [_thread_blocked, id=15888, stack(0x0000000028ef0000,0x0000000028ff0000)]
  0x000000002075b800 JavaThread "DestroyJavaVM" [_thread_blocked, id=9544, stack(0x00000000024b0000,0x00000000025b0000)]
  0x000000001e0f2000 JavaThread "Live Reload Server" daemon [_thread_in_native, id=16548, stack(0x0000000027890000,0x0000000027990000)]
  0x000000001e0f6000 JavaThread "mysql-cj-abandoned-connection-cleanup" daemon [_thread_blocked, id=17944, stack(0x00000000269b0000,0x0000000026ab0000)]
  0x000000001e1a1800 JavaThread "Service Thread" daemon [_thread_blocked, id=18176, stack(0x000000001ecb0000,0x000000001edb0000)]
  0x000000001e0f7800 JavaThread "C1 CompilerThread3" daemon [_thread_blocked, id=3148, stack(0x000000001ebb0000,0x000000001ecb0000)]
  0x000000001e0f6800 JavaThread "C2 CompilerThread2" daemon [_thread_blocked, id=18376, stack(0x000000001eab0000,0x000000001ebb0000)]
  0x000000001e0e6000 JavaThread "C2 CompilerThread1" daemon [_thread_blocked, id=9148, stack(0x000000001e9b0000,0x000000001eab0000)]
  0x000000001e0e2800 JavaThread "C2 CompilerThread0" daemon [_thread_blocked, id=15544, stack(0x000000001e8b0000,0x000000001e9b0000)]
  0x000000001e0df800 JavaThread "Attach Listener" daemon [_thread_blocked, id=4688, stack(0x000000001e7b0000,0x000000001e8b0000)]
  0x000000001c1de800 JavaThread "Signal Dispatcher" daemon [_thread_blocked, id=9156, stack(0x000000001e6b0000,0x000000001e7b0000)]
=>0x000000001e0d0800 JavaThread "Finalizer" daemon [_thread_in_native, id=6028, stack(0x000000001e4b0000,0x000000001e5b0000)]
  0x00000000027ab000 JavaThread "Reference Handler" daemon [_thread_blocked, id=4100, stack(0x000000001dfb0000,0x000000001e0b0000)]

Other Threads:
  0x000000001c1c9000 VMThread [stack: 0x000000001deb0000,0x000000001dfb0000] [id=84]
  0x000000001e1a3800 WatcherThread [stack: 0x000000001edb0000,0x000000001eeb0000] [id=5476]

VM state:not at safepoint (normal execution)

VM Mutex/Monitor currently owned by a thread:  ([mutex/lock_event])
[0x00000000026b2f60] MethodCompileQueue_lock - owner thread: 0x0000000000000000

heap address: 0x00000006c1c00000, size: 4068 MB, Compressed Oops mode: Zero based, Oop shift amount: 3
Narrow klass base: 0x0000000000000000, Narrow klass shift: 3
Compressed class space size: 1073741824 Address: 0x00000007c0000000

Heap:
 PSYoungGen      total 135168K, used 4988K [0x000000076b400000, 0x0000000777600000, 0x00000007c0000000)
  eden space 128000K, 3% used [0x000000076b400000,0x000000076b8df258,0x0000000773100000)
  from space 7168K, 0% used [0x0000000775b00000,0x0000000775b00000,0x0000000776200000)
  to   space 17920K, 0% used [0x0000000776480000,0x0000000776480000,0x0000000777600000)
 ParOldGen       total 181248K, used 20906K [0x00000006c1c00000, 0x00000006ccd00000, 0x000000076b400000)
  object space 181248K, 11% used [0x00000006c1c00000,0x00000006c306a8c8,0x00000006ccd00000)
 Metaspace       used 51822K, capacity 53980K, committed 54272K, reserved 1095680K
  class space    used 6940K, capacity 7339K, committed 7424K, reserved 1048576K

Card table byte_map: [0x0000000011b70000,0x0000000012370000] byte_map_base: 0x000000000e562000

Marking Bits: (ParMarkBitMap*) 0x00000000667e4ce0
 Begin Bits: [0x00000000130c0000, 0x0000000017050000)
 End Bits:   [0x0000000017050000, 0x000000001afe0000)

Polling page: 0x00000000003e0000

CodeCache: size=245760Kb used=15458Kb max_used=15461Kb free=230301Kb
 bounds [0x00000000027b0000, 0x00000000036e0000, 0x00000000117b0000]
 total_blobs=5047 nmethods=4542 adapters=416
 compilation: enabled

Compilation events (10 events):
Event: 986.826 Thread 0x000000001e0f7800 nmethod 5313 0x0000000002b4bad0 code [0x0000000002b4bc40, 0x0000000002b4bf90]
Event: 986.828 Thread 0x000000001e0f7800 5314  s    3       org.apache.catalina.util.LifecycleBase::setStateInternal (144 bytes)
Event: 986.828 Thread 0x000000001e0f6800 5315       4       java.util.logging.Logger::isLoggable (25 bytes)
Event: 986.952 Thread 0x000000001e0f6800 nmethod 5315 0x00000000029111d0 code [0x0000000002911300, 0x0000000002911398]
Event: 986.952 Thread 0x000000001e0f7800 nmethod 5314 0x00000000036d60d0 code [0x00000000036d6320, 0x00000000036d73c8]
Event: 986.953 Thread 0x000000001e0f7800 5319   !   3       java.lang.ref.Reference::tryHandlePending (115 bytes)
Event: 986.953 Thread 0x000000001e0f7800 nmethod 5319 0x000000000292ec50 code [0x000000000292ee80, 0x000000000292fb28]
Event: 986.954 Thread 0x000000001e0f7800 5317       3       java.util.concurrent.locks.ReentrantLock$Sync::tryRelease (45 bytes)
Event: 986.954 Thread 0x000000001e0f7800 nmethod 5317 0x0000000002a93b90 code [0x0000000002a93d20, 0x0000000002a942c8]
Event: 986.954 Thread 0x000000001e0f7800 5318       3       java.util.concurrent.locks.ReentrantLock$NonfairSync::lock (25 bytes)

GC Heap History (10 events):
Event: 4.198 GC heap before
{Heap before GC invocations=8 (full 2):
 PSYoungGen      total 144896K, used 14311K [0x000000076b400000, 0x0000000777e80000, 0x00000007c0000000)
  eden space 130560K, 0% used [0x000000076b400000,0x000000076b400000,0x0000000773380000)
  from space 14336K, 99% used [0x0000000774480000,0x0000000775279ef8,0x0000000775280000)
  to   space 17408K, 0% used [0x0000000773380000,0x0000000773380000,0x0000000774480000)
 ParOldGen       total 110592K, used 10214K [0x00000006c1c00000, 0x00000006c8800000, 0x000000076b400000)
  object space 110592K, 9% used [0x00000006c1c00000,0x00000006c25f9be8,0x00000006c8800000)
 Metaspace       used 33957K, capacity 35412K, committed 35456K, reserved 1079296K
  class space    used 4435K, capacity 4721K, committed 4736K, reserved 1048576K
Event: 4.248 GC heap after
Heap after GC invocations=8 (full 2):
 PSYoungGen      total 144896K, used 0K [0x000000076b400000, 0x0000000777e80000, 0x00000007c0000000)
  eden space 130560K, 0% used [0x000000076b400000,0x000000076b400000,0x0000000773380000)
  from space 14336K, 0% used [0x0000000774480000,0x0000000774480000,0x0000000775280000)
  to   space 17408K, 0% used [0x0000000773380000,0x0000000773380000,0x0000000774480000)
 ParOldGen       total 181248K, used 19207K [0x00000006c1c00000, 0x00000006ccd00000, 0x000000076b400000)
  object space 181248K, 10% used [0x00000006c1c00000,0x00000006c2ec1f88,0x00000006ccd00000)
 Metaspace       used 33957K, capacity 35412K, committed 35456K, reserved 1079296K
  class space    used 4435K, capacity 4721K, committed 4736K, reserved 1048576K
}
Event: 6.473 GC heap before
{Heap before GC invocations=9 (full 2):
 PSYoungGen      total 144896K, used 130560K [0x000000076b400000, 0x0000000777e80000, 0x00000007c0000000)
  eden space 130560K, 100% used [0x000000076b400000,0x0000000773380000,0x0000000773380000)
  from space 14336K, 0% used [0x0000000774480000,0x0000000774480000,0x0000000775280000)
  to   space 17408K, 0% used [0x0000000773380000,0x0000000773380000,0x0000000774480000)
 ParOldGen       total 181248K, used 19207K [0x00000006c1c00000, 0x00000006ccd00000, 0x000000076b400000)
  object space 181248K, 10% used [0x00000006c1c00000,0x00000006c2ec1f88,0x00000006ccd00000)
 Metaspace       used 46549K, capacity 48396K, committed 48512K, reserved 1091584K
  class space    used 6324K, capacity 6691K, committed 6784K, reserved 1048576K
Event: 6.485 GC heap after
Heap after GC invocations=9 (full 2):
 PSYoungGen      total 147968K, used 15234K [0x000000076b400000, 0x0000000778880000, 0x00000007c0000000)
  eden space 130560K, 0% used [0x000000076b400000,0x000000076b400000,0x0000000773380000)
  from space 17408K, 87% used [0x0000000773380000,0x0000000774260900,0x0000000774480000)
  to   space 19456K, 0% used [0x0000000777580000,0x0000000777580000,0x0000000778880000)
 ParOldGen       total 181248K, used 19215K [0x00000006c1c00000, 0x00000006ccd00000, 0x000000076b400000)
  object space 181248K, 10% used [0x00000006c1c00000,0x00000006c2ec3f88,0x00000006ccd00000)
 Metaspace       used 46549K, capacity 48396K, committed 48512K, reserved 1091584K
  class space    used 6324K, capacity 6691K, committed 6784K, reserved 1048576K
}
Event: 537.859 GC heap before
{Heap before GC invocations=10 (full 2):
 PSYoungGen      total 147968K, used 145794K [0x000000076b400000, 0x0000000778880000, 0x00000007c0000000)
  eden space 130560K, 100% used [0x000000076b400000,0x0000000773380000,0x0000000773380000)
  from space 17408K, 87% used [0x0000000773380000,0x0000000774260900,0x0000000774480000)
  to   space 19456K, 0% used [0x0000000777580000,0x0000000777580000,0x0000000778880000)
 ParOldGen       total 181248K, used 19215K [0x00000006c1c00000, 0x00000006ccd00000, 0x000000076b400000)
  object space 181248K, 10% used [0x00000006c1c00000,0x00000006c2ec3f88,0x00000006ccd00000)
 Metaspace       used 50552K, capacity 52646K, committed 52864K, reserved 1095680K
  class space    used 6800K, capacity 7210K, committed 7296K, reserved 1048576K
Event: 537.869 GC heap after
Heap after GC invocations=10 (full 2):
 PSYoungGen      total 137728K, used 9304K [0x000000076b400000, 0x0000000777f00000, 0x00000007c0000000)
  eden space 128000K, 0% used [0x000000076b400000,0x000000076b400000,0x0000000773100000)
  from space 9728K, 95% used [0x0000000777580000,0x0000000777e960c0,0x0000000777f00000)
  to   space 18432K, 0% used [0x0000000775b00000,0x0000000775b00000,0x0000000776d00000)
 ParOldGen       total 181248K, used 19223K [0x00000006c1c00000, 0x00000006ccd00000, 0x000000076b400000)
  object space 181248K, 10% used [0x00000006c1c00000,0x00000006c2ec5f88,0x00000006ccd00000)
 Metaspace       used 50552K, capacity 52646K, committed 52864K, reserved 1095680K
  class space    used 6800K, capacity 7210K, committed 7296K, reserved 1048576K
}
Event: 986.829 GC heap before
{Heap before GC invocations=11 (full 2):
 PSYoungGen      total 137728K, used 104809K [0x000000076b400000, 0x0000000777f00000, 0x00000007c0000000)
  eden space 128000K, 74% used [0x000000076b400000,0x0000000771144658,0x0000000773100000)
  from space 9728K, 95% used [0x0000000777580000,0x0000000777e960c0,0x0000000777f00000)
  to   space 18432K, 0% used [0x0000000775b00000,0x0000000775b00000,0x0000000776d00000)
 ParOldGen       total 181248K, used 19223K [0x00000006c1c00000, 0x00000006ccd00000, 0x000000076b400000)
  object space 181248K, 10% used [0x00000006c1c00000,0x00000006c2ec5f88,0x00000006ccd00000)
 Metaspace       used 51821K, capacity 53988K, committed 54272K, reserved 1095680K
  class space    used 6939K, capacity 7340K, committed 7424K, reserved 1048576K
Event: 986.836 GC heap after
Heap after GC invocations=11 (full 2):
 PSYoungGen      total 135168K, used 7064K [0x000000076b400000, 0x0000000777600000, 0x00000007c0000000)
  eden space 128000K, 0% used [0x000000076b400000,0x000000076b400000,0x0000000773100000)
  from space 7168K, 98% used [0x0000000775b00000,0x00000007761e6228,0x0000000776200000)
  to   space 17920K, 0% used [0x0000000776480000,0x0000000776480000,0x0000000777600000)
 ParOldGen       total 181248K, used 19231K [0x00000006c1c00000, 0x00000006ccd00000, 0x000000076b400000)
  object space 181248K, 10% used [0x00000006c1c00000,0x00000006c2ec7f88,0x00000006ccd00000)
 Metaspace       used 51821K, capacity 53988K, committed 54272K, reserved 1095680K
  class space    used 6939K, capacity 7340K, committed 7424K, reserved 1048576K
}
Event: 986.836 GC heap before
{Heap before GC invocations=12 (full 3):
 PSYoungGen      total 135168K, used 7064K [0x000000076b400000, 0x0000000777600000, 0x00000007c0000000)
  eden space 128000K, 0% used [0x000000076b400000,0x000000076b400000,0x0000000773100000)
  from space 7168K, 98% used [0x0000000775b00000,0x00000007761e6228,0x0000000776200000)
  to   space 17920K, 0% used [0x0000000776480000,0x0000000776480000,0x0000000777600000)
 ParOldGen       total 181248K, used 19231K [0x00000006c1c00000, 0x00000006ccd00000, 0x000000076b400000)
  object space 181248K, 10% used [0x00000006c1c00000,0x00000006c2ec7f88,0x00000006ccd00000)
 Metaspace       used 51821K, capacity 53988K, committed 54272K, reserved 1095680K
  class space    used 6939K, capacity 7340K, committed 7424K, reserved 1048576K
Event: 986.951 GC heap after
Heap after GC invocations=12 (full 3):
 PSYoungGen      total 135168K, used 0K [0x000000076b400000, 0x0000000777600000, 0x00000007c0000000)
  eden space 128000K, 0% used [0x000000076b400000,0x000000076b400000,0x0000000773100000)
  from space 7168K, 0% used [0x0000000775b00000,0x0000000775b00000,0x0000000776200000)
  to   space 17920K, 0% used [0x0000000776480000,0x0000000776480000,0x0000000777600000)
 ParOldGen       total 181248K, used 20906K [0x00000006c1c00000, 0x00000006ccd00000, 0x000000076b400000)
  object space 181248K, 11% used [0x00000006c1c00000,0x00000006c306a8c8,0x00000006ccd00000)
 Metaspace       used 51816K, capacity 53974K, committed 54272K, reserved 1095680K
  class space    used 6937K, capacity 7337K, committed 7424K, reserved 1048576K
}

Deoptimization events (10 events):
Event: 840.694 Thread 0x0000000021ba0800 Uncommon trap: reason=unstable_if action=reinterpret pc=0x0000000002c362a8 method=java.nio.Buffer.<init>(IIII)V @ 66
Event: 840.694 Thread 0x0000000021ba0800 Uncommon trap: reason=class_check action=maybe_recompile pc=0x00000000032b8a1c method=java.util.concurrent.ConcurrentMap.computeIfAbsent(Ljava/lang/Object;Ljava/util/function/Function;)Ljava/lang/Object; @ 7
Event: 986.507 Thread 0x0000000021b9c000 Uncommon trap: reason=unstable_if action=reinterpret pc=0x0000000002daad4c method=org.springframework.boot.devtools.filewatch.FileSnapshot.equals(Ljava/lang/Object;)Z @ 93
Event: 986.518 Thread 0x000000002075c000 Uncommon trap: reason=unstable_if action=reinterpret pc=0x0000000002f2ad98 method=java.util.concurrent.locks.ReentrantLock$Sync.nonfairTryAcquire(I)Z @ 34
Event: 986.518 Thread 0x000000002075c000 Uncommon trap: reason=unstable_if action=reinterpret pc=0x0000000002cd7bf8 method=java.util.concurrent.locks.ReentrantLock$Sync.tryRelease(I)Z @ 28
Event: 986.521 Thread 0x000000002075c000 Uncommon trap: reason=unstable_if action=reinterpret pc=0x0000000002b900d4 method=java.util.concurrent.atomic.AtomicBoolean.get()Z @ 4
Event: 986.522 Thread 0x000000002075c000 Uncommon trap: reason=unstable_if action=reinterpret pc=0x00000000031bb5e4 method=java.util.concurrent.locks.ReentrantLock$Sync.nonfairTryAcquire(I)Z @ 34
Event: 986.522 Thread 0x000000002075c000 Uncommon trap: reason=unstable_if action=reinterpret pc=0x0000000002b8c104 method=java.util.concurrent.locks.ReentrantLock$Sync.tryRelease(I)Z @ 28
Event: 986.522 Thread 0x000000002075c000 Uncommon trap: reason=unstable_if action=reinterpret pc=0x0000000002ee07a4 method=java.util.concurrent.locks.AbstractQueuedSynchronizer.release(I)Z @ 5
Event: 986.951 Thread 0x00000000027ab000 Uncommon trap: reason=unstable_if action=reinterpret pc=0x00000000032c32b0 method=java.lang.ref.Reference.tryHandlePending(Z)Z @ 20

Classes redefined (0 events):
No events

Internal exceptions (10 events):
Event: 5.987 Thread 0x000000001f632800 Exception <a 'java/lang/ClassNotFoundException': org/springframework/context/annotation/ConfigurationClassEnhancer$EnhancedConfigurationCustomizer> (0x0000000770b640d8) thrown at [C:\re\workspace\8-2-build-windows-amd64-cygwin\jdk8u201\12322\hotspot\src\s
Event: 5.987 Thread 0x000000001f632800 Exception <a 'java/lang/ClassNotFoundException': org/springframework/beans/factory/BeanFactoryAwareCustomizer> (0x0000000770b79220) thrown at [C:\re\workspace\8-2-build-windows-amd64-cygwin\jdk8u201\12322\hotspot\src\share\vm\classfile\systemDictionary.cp
Event: 5.988 Thread 0x000000001f632800 Exception <a 'java/lang/ClassNotFoundException': org/springframework/beans/factory/AwareCustomizer> (0x0000000770b8ce18) thrown at [C:\re\workspace\8-2-build-windows-amd64-cygwin\jdk8u201\12322\hotspot\src\share\vm\classfile\systemDictionary.cpp, line 210
Event: 5.988 Thread 0x000000001f632800 Exception <a 'java/lang/ClassNotFoundException': org/springframework/context/ApplicationContextAwareCustomizer> (0x0000000770ba22c8) thrown at [C:\re\workspace\8-2-build-windows-amd64-cygwin\jdk8u201\12322\hotspot\src\share\vm\classfile\systemDictionary.c
Event: 5.989 Thread 0x000000001f632800 Exception <a 'java/lang/ClassNotFoundException': org/springframework/beans/factory/AwareCustomizer> (0x0000000770bb5e98) thrown at [C:\re\workspace\8-2-build-windows-amd64-cygwin\jdk8u201\12322\hotspot\src\share\vm\classfile\systemDictionary.cpp, line 210
Event: 5.990 Thread 0x000000001f632800 Exception <a 'java/lang/ClassNotFoundException': org/springframework/web/context/ServletContextAwareCustomizer> (0x0000000770bcb2d8) thrown at [C:\re\workspace\8-2-build-windows-amd64-cygwin\jdk8u201\12322\hotspot\src\share\vm\classfile\systemDictionary.c
Event: 5.990 Thread 0x000000001f632800 Exception <a 'java/lang/ClassNotFoundException': org/springframework/beans/factory/AwareCustomizer> (0x0000000770bde918) thrown at [C:\re\workspace\8-2-build-windows-amd64-cygwin\jdk8u201\12322\hotspot\src\share\vm\classfile\systemDictionary.cpp, line 210
Event: 11.331 Thread 0x0000000021b9e800 Implicit null exception at 0x0000000002f32e32 to 0x0000000002f35329
Event: 789.504 Thread 0x0000000021ba1800 Exception <a 'java/lang/NoSuchMethodError': java.lang.Object.lambda$andThen$1(Ljava/util/function/Function;Ljava/lang/Object;)Ljava/lang/Object;> (0x000000076eaea818) thrown at [C:\re\workspace\8-2-build-windows-amd64-cygwin\jdk8u201\12322\hotspot\src\sha
Event: 986.828 Thread 0x000000001e0f3800 Exception <a 'java/lang/InterruptedException': sleep interrupted> (0x000000077106f140) thrown at [C:\re\workspace\8-2-build-windows-amd64-cygwin\jdk8u201\12322\hotspot\src\share\vm\prims\jvm.cpp, line 3340]

Events (10 events):
Event: 986.952 Thread 0x00000000027ab000 DEOPT UNPACKING pc=0x00000000027f583b sp=0x000000001e0af248 mode 2
Event: 986.952 loading class java/lang/ref/Finalizer$2
Event: 986.952 loading class java/lang/ref/Finalizer$2 done
Event: 986.952 loading class java/lang/ref/Finalizer$1
Event: 986.952 loading class java/lang/ref/Finalizer$1 done
Event: 986.952 loading class org/sqlite/SQLiteErrorCode
Event: 986.952 loading class org/sqlite/SQLiteErrorCode done
Event: 986.952 Thread 0x0000000020759000 Thread added: 0x0000000020759000
Event: 986.953 Thread 0x000000001e0f7800 flushing nmethod 0x0000000002f13a50
Event: 986.954 Thread 0x000000001e0f7800 flushing nmethod 0x000000000307cd10


Dynamic libraries:
0x00007ff6a0660000 - 0x00007ff6a0697000 	C:\Program Files\Java\jre1.8.0_201\bin\javaw.exe
0x00007ffc9cab0000 - 0x00007ffc9cc9d000 	C:\WINDOWS\SYSTEM32\ntdll.dll
0x00007ffc9a080000 - 0x00007ffc9a133000 	C:\WINDOWS\System32\KERNEL32.DLL
0x00007ffc98c30000 - 0x00007ffc98ec3000 	C:\WINDOWS\System32\KERNELBASE.dll
0x00007ffc9c490000 - 0x00007ffc9c533000 	C:\WINDOWS\System32\ADVAPI32.dll
0x00007ffc9a140000 - 0x00007ffc9a1de000 	C:\WINDOWS\System32\msvcrt.dll
0x00007ffc99e90000 - 0x00007ffc99f2e000 	C:\WINDOWS\System32\sechost.dll
0x00007ffc9bf10000 - 0x00007ffc9c032000 	C:\WINDOWS\System32\RPCRT4.dll
0x00007ffc9a320000 - 0x00007ffc9a4b7000 	C:\WINDOWS\System32\USER32.dll
0x00007ffc99c20000 - 0x00007ffc99c40000 	C:\WINDOWS\System32\win32u.dll
0x00007ffc9a7f0000 - 0x00007ffc9a819000 	C:\WINDOWS\System32\GDI32.dll
0x00007ffc996c0000 - 0x00007ffc9985a000 	C:\WINDOWS\System32\gdi32full.dll
0x00007ffc99c40000 - 0x00007ffc99ce0000 	C:\WINDOWS\System32\msvcp_win.dll
0x00007ffc99b20000 - 0x00007ffc99c1a000 	C:\WINDOWS\System32\ucrtbase.dll
0x00007ffc878a0000 - 0x00007ffc87b19000 	C:\WINDOWS\WinSxS\amd64_microsoft.windows.common-controls_6595b64144ccf1df_6.0.17763.437_none_05b63dca071e5dd6\COMCTL32.dll
0x00007ffc9a4c0000 - 0x00007ffc9a7ec000 	C:\WINDOWS\System32\combase.dll
0x00007ffc99640000 - 0x00007ffc996be000 	C:\WINDOWS\System32\bcryptPrimitives.dll
0x00007ffc9bee0000 - 0x00007ffc9bf0e000 	C:\WINDOWS\System32\IMM32.DLL
0x0000000065ee0000 - 0x0000000065fb1000 	C:\Program Files\Java\jre1.8.0_201\bin\msvcr100.dll
0x0000000065fc0000 - 0x0000000066864000 	C:\Program Files\Java\jre1.8.0_201\bin\server\jvm.dll
0x00007ffc99f30000 - 0x00007ffc99f38000 	C:\WINDOWS\System32\PSAPI.DLL
0x00007ffc94420000 - 0x00007ffc94444000 	C:\WINDOWS\SYSTEM32\WINMM.dll
0x00007ffc91ac0000 - 0x00007ffc91aca000 	C:\WINDOWS\SYSTEM32\VERSION.dll
0x00007ffc96510000 - 0x00007ffc96519000 	C:\WINDOWS\SYSTEM32\WSOCK32.dll
0x00007ffc9c1f0000 - 0x00007ffc9c25d000 	C:\WINDOWS\System32\WS2_32.dll
0x00007ffc943e0000 - 0x00007ffc9440d000 	C:\WINDOWS\SYSTEM32\WINMMBASE.dll
0x00007ffc99860000 - 0x00007ffc998aa000 	C:\WINDOWS\System32\cfgmgr32.dll
0x00007ffc8cfc0000 - 0x00007ffc8cfcf000 	C:\Program Files\Java\jre1.8.0_201\bin\verify.dll
0x00007ffc88990000 - 0x00007ffc889b9000 	C:\Program Files\Java\jre1.8.0_201\bin\java.dll
0x00007ffc87e40000 - 0x00007ffc87e56000 	C:\Program Files\Java\jre1.8.0_201\bin\zip.dll
0x00007ffc9a990000 - 0x00007ffc9be80000 	C:\WINDOWS\System32\SHELL32.dll
0x00007ffc9a270000 - 0x00007ffc9a318000 	C:\WINDOWS\System32\shcore.dll
0x00007ffc98ed0000 - 0x00007ffc9961a000 	C:\WINDOWS\System32\windows.storage.dll
0x00007ffc98b50000 - 0x00007ffc98b74000 	C:\WINDOWS\System32\profapi.dll
0x00007ffc98ad0000 - 0x00007ffc98b2d000 	C:\WINDOWS\System32\powrprof.dll
0x00007ffc9be80000 - 0x00007ffc9bed2000 	C:\WINDOWS\System32\shlwapi.dll
0x00007ffc98ab0000 - 0x00007ffc98ac1000 	C:\WINDOWS\System32\kernel.appcore.dll
0x00007ffc99620000 - 0x00007ffc99637000 	C:\WINDOWS\System32\cryptsp.dll
0x00007ffc8b440000 - 0x00007ffc8b44d000 	C:\Program Files\Java\jre1.8.0_201\bin\management.dll
0x00007ffc87e20000 - 0x00007ffc87e3a000 	C:\Program Files\Java\jre1.8.0_201\bin\net.dll
0x00007ffc8cdd0000 - 0x00007ffc8cfa6000 	C:\WINDOWS\SYSTEM32\urlmon.dll
0x00007ffc8c750000 - 0x00007ffc8c9f8000 	C:\WINDOWS\SYSTEM32\iertutil.dll
0x00007ffc98500000 - 0x00007ffc9850c000 	C:\WINDOWS\SYSTEM32\CRYPTBASE.DLL
0x00007ffc98330000 - 0x00007ffc98397000 	C:\WINDOWS\system32\mswsock.dll
0x00007ffc78120000 - 0x00007ffc78136000 	C:\WINDOWS\system32\napinsp.dll
0x00007ffc78100000 - 0x00007ffc7811a000 	C:\WINDOWS\system32\pnrpnsp.dll
0x00007ffc980d0000 - 0x00007ffc98196000 	C:\WINDOWS\SYSTEM32\DNSAPI.dll
0x00007ffc9a1e0000 - 0x00007ffc9a1e8000 	C:\WINDOWS\System32\NSI.dll
0x00007ffc98090000 - 0x00007ffc980cd000 	C:\WINDOWS\SYSTEM32\IPHLPAPI.DLL
0x00007ffc79500000 - 0x00007ffc7950e000 	C:\WINDOWS\System32\winrnr.dll
0x00007ffc95b10000 - 0x00007ffc95b2b000 	C:\WINDOWS\system32\NLAapi.dll
0x00007ffc93a70000 - 0x00007ffc93a85000 	C:\WINDOWS\system32\wshbth.dll
0x00007ffc8b540000 - 0x00007ffc8b54a000 	C:\Windows\System32\rasadhlp.dll
0x00007ffc8c0a0000 - 0x00007ffc8c119000 	C:\WINDOWS\System32\fwpuclnt.dll
0x00007ffc99910000 - 0x00007ffc99936000 	C:\WINDOWS\System32\bcrypt.dll
0x00007ffc7ff20000 - 0x00007ffc7ff31000 	C:\Program Files\Java\jre1.8.0_201\bin\nio.dll
0x00007ffc97ef0000 - 0x00007ffc97f23000 	C:\WINDOWS\system32\rsaenh.dll
0x00007ffc989e0000 - 0x00007ffc98a08000 	C:\WINDOWS\SYSTEM32\USERENV.dll
0x00007ffc91f10000 - 0x00007ffc91f26000 	C:\WINDOWS\SYSTEM32\dhcpcsvc6.DLL
0x00007ffc92530000 - 0x00007ffc9254c000 	C:\WINDOWS\SYSTEM32\dhcpcsvc.DLL
0x000000006cd80000 - 0x000000006ce70000 	C:\Users\Dominique\AppData\Local\Temp\sqlite-3.16.1-aecb89bf-8547-4c90-bc1d-07ee84c1dda3-sqlitejdbc.dll
0x00007ffc81d50000 - 0x00007ffc81f3d000 	C:\WINDOWS\SYSTEM32\dbghelp.dll

VM Arguments:
jvm_args: -Dfile.encoding=UTF-8 
java_command: Ascari.one.AscariCab.AscariCabApplication
java_class_path (initial): C:\Program Files\Java\jre1.8.0_201\lib\resources.jar;C:\Program Files\Java\jre1.8.0_201\lib\rt.jar;C:\Program Files\Java\jre1.8.0_201\lib\jsse.jar;C:\Program Files\Java\jre1.8.0_201\lib\jce.jar;C:\Program Files\Java\jre1.8.0_201\lib\charsets.jar;C:\Program Files\Java\jre1.8.0_201\lib\jfr.jar;C:\Program Files\Java\jre1.8.0_201\lib\ext\access-bridge-64.jar;C:\Program Files\Java\jre1.8.0_201\lib\ext\cldrdata.jar;C:\Program Files\Java\jre1.8.0_201\lib\ext\dnsns.jar;C:\Program Files\Java\jre1.8.0_201\lib\ext\jaccess.jar;C:\Program Files\Java\jre1.8.0_201\lib\ext\jfxrt.jar;C:\Program Files\Java\jre1.8.0_201\lib\ext\localedata.jar;C:\Program Files\Java\jre1.8.0_201\lib\ext\nashorn.jar;C:\Program Files\Java\jre1.8.0_201\lib\ext\sunec.jar;C:\Program Files\Java\jre1.8.0_201\lib\ext\sunjce_provider.jar;C:\Program Files\Java\jre1.8.0_201\lib\ext\sunmscapi.jar;C:\Program Files\Java\jre1.8.0_201\lib\ext\sunpkcs11.jar;C:\Program Files\Java\jre1.8.0_201\lib\ext\zipfs.jar;C:\Users\Dominique\Desktop\research\New folder (3)\JohnnysShop\target\classes;C:\Users\Dominique\.m2\repository\org\springframework\boot\spring-boot-starter-data-jpa\2.1.3.RELEASE\spring-boot-starter-data-jpa-2.1.3.RELEASE.jar;C:\Users\Dominique\.m2\repository\org\springframework\boot\spring-boot-starter-aop\2.1.3.RELEASE\spring-boot-starter-aop-2.1.3.RELEASE.jar;C:\Users\Dominique\.m2\repository\org\springframework\spring-aop\5.1.5.RELEASE\spring-aop-5.1.5.RELEASE.jar;C:\Users\Dominique\.m2\repository\org\aspectj\aspectjweaver\1.9.2\aspectjweaver-1.9.2.jar;C:\Users\Dominique\.m2\repository\org\springframework\boot\spring-boot-starter-jdbc\2.1.3.RELEASE\spring-boot-starter-jdbc-2.1.3.RELEASE.jar;C:\Users\Dominique\.m2\repository\com\zaxxer\HikariCP\3.2.0\HikariCP-3.2.0.jar;C:\Users\Dominique\.m2\repository\org\springframework\spring-jdbc\5.1.5.RELEASE\spring-jdbc-5.1.5.RELEASE.jar;C:\Users\Dominique\.m2\repository\javax\transaction\javax.transaction-api\1.3\javax.transaction-api-1.3.jar
Launcher Type: SUN_STANDARD

Environment Variables:
JAVA_HOME=C:\Program Files\Java\jdk1.8.0_201
PATH=C:/Program Files/Java/jre1.8.0_201/bin/server;C:/Program Files/Java/jre1.8.0_201/bin;C:/Program Files/Java/jre1.8.0_201/lib/amd64;C:\Program Files (x86)\Common Files\Oracle\Java\javapath;C:\ProgramData\Oracle\Java\javapath;C:\WINDOWS\system32;C:\WINDOWS;C:\WINDOWS\System32\Wbem;C:\WINDOWS\System32\WindowsPowerShell\v1.0\;C:\Program Files (x86)\NVIDIA Corporation\PhysX\Common;C:\WINDOWS\System32\OpenSSH\;C:\Program Files\NVIDIA Corporation\NVIDIA NvDLISR;C:\Program Files\swipl\bin;C:\Program Files (x86)\OpenVPN\bin;C:\Program Files (x86)\sbt\bin;C:\Program Files (x86)\Yarn\bin\;C:\Program Files\nodejs\;C:\Program Files\Git\cmd;C:\Users\Dominique\Documents\apache-maven-3.6.0\bin;C:\Users\Dominique\AppData\Local\Programs\Python\Python37-32;C:\Users\Dominique\AppData\Local\Programs\Python\Python37-32\Scripts;;%SystemRoot%\system32;%SystemRoot%;%SystemRoot%\System32\Wbem;%SYSTEMROOT%\System32\WindowsPowerShell\v1.0\;%SYSTEMROOT%\System32\OpenSSH\;C:\Users\Dominique\AppData\Local\Microsoft\WindowsApps;C:\Users\Dominique\AppData\Local\Yarn\bin;C:\Users\Dominique\AppData\Roaming\npm;C:\Users\Dominique\AppData\Local\Programs\Python;;C:\Users\Dominique\Desktop\eclipse;
USERNAME=Dominique
OS=Windows_NT
PROCESSOR_IDENTIFIER=Intel64 Family 6 Model 158 Stepping 9, GenuineIntel



---------------  S Y S T E M  ---------------

OS: Windows 10.0 , 64 bit Build 17763 (10.0.17763.437)

CPU:total 8 (initial active 8) (4 cores per cpu, 2 threads per core) family 6 model 158 stepping 9, cmov, cx8, fxsr, mmx, sse, sse2, sse3, ssse3, sse4.1, sse4.2, popcnt, avx, avx2, aes, clmul, erms, 3dnowpref, lzcnt, ht, tsc, tscinvbit, bmi1, bmi2, adx

Memory: 4k page, physical 16655964k(8380812k free), swap 29843032k(17729212k free)

vm_info: Java HotSpot(TM) 64-Bit Server VM (25.201-b09) for windows-amd64 JRE (1.8.0_201-b09), built on Dec 15 2018 18:36:39 by "java_re" with MS VC++ 10.0 (VS2010)

time: Fri Apr 19 09:37:56 2019
timezone: Central Daylight Time
elapsed time: 986 seconds (0d 0h 16m 26s)

