#
# A fatal error has been detected by the Java Runtime Environment:
#
#  EXCEPTION_ACCESS_VIOLATION (0xc0000005) at pc=0x00007ffd56299a9d, pid=15824, tid=0x00000000000005c8
#
# JRE version: Java(TM) SE Runtime Environment (8.0_201-b09) (build 1.8.0_201-b09)
# Java VM: Java HotSpot(TM) 64-Bit Server VM (25.201-b09 mixed mode windows-amd64 compressed oops)
# Problematic frame:
# C  [ntdll.dll+0x9a9d]
#
# Failed to write core dump. Minidumps are not enabled by default on client versions of Windows
#
# If you would like to submit a bug report, please visit:
#   http://bugreport.java.com/bugreport/crash.jsp
# The crash happened outside the Java Virtual Machine in native code.
# See problematic frame for where to report the bug.
#

---------------  T H R E A D  ---------------

Current thread (0x0000000021ee2800):  JavaThread "Secondary finalizer" [_thread_in_native, id=1480, stack(0x0000000029f50000,0x000000002a050000)]

siginfo: ExceptionCode=0xc0000005, reading address 0xffffffffffffffff

Registers:
RAX=0x0000000000258000, RBX=0x000000002087f688, RCX=0x6331ab8958f61d94, RDX=0x000000002a04f1a0
RSP=0x000000002a04f070, RBP=0x000000002a04f170, RSI=0x00000000006e0150, RDI=0x000000000e352000
R8 =0x000000002087f688, R9 =0x0000000025db5c00, R10=0x00000000025b97af, R11=0x00000000655ccd40
R12=0x0000000000000000, R13=0x00000000265d1278, R14=0x000000002a04f1a0, R15=0x0000000021ee2800
RIP=0x00007ffd56299a9d, EFLAGS=0x0000000000010202

Top of Stack: (sp=0x000000002a04f070)
0x000000002a04f070:   0000000021ee2800 0000000021ee2800
0x000000002a04f080:   000000002a04f120 00000000655decca
0x000000002a04f090:   0000000025c7fed8 000000006cdfa0d4
0x000000002a04f0a0:   0000000000000005 00000007c04b7a00
0x000000002a04f0b0:   0000000025dc9700 0000000065457f71
0x000000002a04f0c0:   000000002a04f728 00000000265d1278
0x000000002a04f0d0:   0000000000000005 00000000025b97db
0x000000002a04f0e0:   000000000e352000 00000000025b9542
0x000000002a04f0f0:   0000000021ee2800 00000000265d1278
0x000000002a04f100:   000000002a04f118 0000000021ee2800
0x000000002a04f110:   000000002a04f1e8 00000000025b950a
0x000000002a04f120:   0000000000000003 00000006c2fd5290
0x000000002a04f130:   000000002a04f120 00000000265d1278
0x000000002a04f140:   000000002a04f1a0 0000000026613198
0x000000002a04f150:   0000000000000000 00000000265d1278
0x000000002a04f160:   0000000000000000 000000002a04f190 

Instructions: (pc=0x00007ffd56299a9d)
0x00007ffd56299a7d:   5e c3 f0 ff 43 38 eb c8 cc cc cc cc cc cc cc cc
0x00007ffd56299a8d:   cc cc cc 48 83 ec 28 65 48 8b 04 25 30 00 00 00
0x00007ffd56299a9d:   f0 0f ba 71 08 00 48 8b 40 48 73 12 48 89 41 10
0x00007ffd56299aad:   33 c0 c7 41 0c 01 00 00 00 48 83 c4 28 c3 48 39 


Register to memory mapping:

RAX=0x0000000000258000 is an unknown value
RBX=0x000000002087f688 is an unknown value
RCX=0x6331ab8958f61d94 is an unknown value
RDX=0x000000002a04f1a0 is pointing into the stack for thread: 0x0000000021ee2800
RSP=0x000000002a04f070 is pointing into the stack for thread: 0x0000000021ee2800
RBP=0x000000002a04f170 is pointing into the stack for thread: 0x0000000021ee2800
RSI=0x00000000006e0150 is an unknown value
RDI=0x000000000e352000 is an unknown value
R8 =0x000000002087f688 is an unknown value
R9 =0x0000000025db5c00 is an unknown value
R10=0x00000000025b97af is at code_begin+1295 in an Interpreter codelet
method entry point (kind = native_synchronized)  [0x00000000025b92a0, 0x00000000025b9e00]  2912 bytes
R11=0x00000000655ccd40 is an unknown value
R12=0x0000000000000000 is an unknown value
R13={method} {0x00000000265d1280} 'reset' '(J)I' in 'org/sqlite/core/NativeDB'
R14=0x000000002a04f1a0 is pointing into the stack for thread: 0x0000000021ee2800
R15=0x0000000021ee2800 is a thread


Stack: [0x0000000029f50000,0x000000002a050000],  sp=0x000000002a04f070,  free space=1020k
Native frames: (J=compiled Java code, j=interpreted, Vv=VM code, C=native code)
C  [ntdll.dll+0x9a9d]
C  [sqlite-3.16.1-a9ac5832-aa4d-429f-a2e4-71c8408e2266-sqlitejdbc.dll+0x7a0d4]
C  0x00000000025b97db

Java frames: (J=compiled Java code, j=interpreted, Vv=VM code)
j  org.sqlite.core.NativeDB.reset(J)I+0
j  org.sqlite.core.CoreResultSet.close()V+81
j  org.sqlite.jdbc4.JDBC4ResultSet.close()V+6
j  org.sqlite.core.CoreStatement.internalClose()V+34
j  org.sqlite.jdbc3.JDBC3Statement.close()V+33
j  org.sqlite.jdbc4.JDBC4Statement.close()V+1
j  org.sqlite.jdbc3.JDBC3Statement.finalize()V+1
J 3143 C2 java.lang.ref.Finalizer.access$100(Ljava/lang/ref/Finalizer;Lsun/misc/JavaLangAccess;)V (6 bytes) @ 0x00000000030ad494 [0x00000000030ad2c0+0x1d4]
j  java.lang.ref.Finalizer$2.run()V+36
j  java.lang.Thread.run()V+11
v  ~StubRoutines::call_stub

---------------  P R O C E S S  ---------------

Java Threads: ( => current thread )
=>0x0000000021ee2800 JavaThread "Secondary finalizer" [_thread_in_native, id=1480, stack(0x0000000029f50000,0x000000002a050000)]
  0x0000000021ef0000 JavaThread "Thread-5" [_thread_blocked, id=15592, stack(0x0000000029c50000,0x0000000029d50000)]
  0x0000000021eec000 JavaThread "DestroyJavaVM" [_thread_blocked, id=5880, stack(0x0000000002330000,0x0000000002430000)]
  0x000000001dede800 JavaThread "Live Reload Server" daemon [_thread_in_native, id=10976, stack(0x0000000027640000,0x0000000027740000)]
  0x000000001dee2800 JavaThread "mysql-cj-abandoned-connection-cleanup" daemon [_thread_blocked, id=14948, stack(0x0000000026720000,0x0000000026820000)]
  0x000000001df85000 JavaThread "Service Thread" daemon [_thread_blocked, id=228, stack(0x000000001ea90000,0x000000001eb90000)]
  0x000000001dee1800 JavaThread "C1 CompilerThread3" daemon [_thread_blocked, id=15892, stack(0x000000001e990000,0x000000001ea90000)]
  0x000000001dec8800 JavaThread "C2 CompilerThread2" daemon [_thread_blocked, id=12096, stack(0x000000001e890000,0x000000001e990000)]
  0x000000001dec7000 JavaThread "C2 CompilerThread1" daemon [_thread_blocked, id=13744, stack(0x000000001e790000,0x000000001e890000)]
  0x000000001dec5000 JavaThread "C2 CompilerThread0" daemon [_thread_blocked, id=11128, stack(0x000000001e690000,0x000000001e790000)]
  0x000000001dec2000 JavaThread "Attach Listener" daemon [_thread_blocked, id=16216, stack(0x000000001e590000,0x000000001e690000)]
  0x000000001dec1000 JavaThread "Signal Dispatcher" daemon [_thread_blocked, id=13968, stack(0x000000001e490000,0x000000001e590000)]
  0x000000000259e800 JavaThread "Finalizer" daemon [_thread_blocked, id=1496, stack(0x000000001e290000,0x000000001e390000)]
  0x000000000259c000 JavaThread "Reference Handler" daemon [_thread_blocked, id=10836, stack(0x000000001dd90000,0x000000001de90000)]

Other Threads:
  0x000000001bfb9800 VMThread [stack: 0x000000001dc90000,0x000000001dd90000] [id=13272]
  0x000000001df87000 WatcherThread [stack: 0x000000001eb90000,0x000000001ec90000] [id=6080]

VM state:not at safepoint (normal execution)

VM Mutex/Monitor currently owned by a thread: None

heap address: 0x00000006c1c00000, size: 4068 MB, Compressed Oops mode: Zero based, Oop shift amount: 3
Narrow klass base: 0x0000000000000000, Narrow klass shift: 3
Compressed class space size: 1073741824 Address: 0x00000007c0000000

Heap:
 PSYoungGen      total 211456K, used 5155K [0x000000076b400000, 0x0000000779580000, 0x00000007c0000000)
  eden space 194048K, 2% used [0x000000076b400000,0x000000076b908d80,0x0000000777180000)
  from space 17408K, 0% used [0x0000000778480000,0x0000000778480000,0x0000000779580000)
  to   space 18432K, 0% used [0x0000000777180000,0x0000000777180000,0x0000000778380000)
 ParOldGen       total 171520K, used 21897K [0x00000006c1c00000, 0x00000006cc380000, 0x000000076b400000)
  object space 171520K, 12% used [0x00000006c1c00000,0x00000006c31625a0,0x00000006cc380000)
 Metaspace       used 50644K, capacity 52726K, committed 52864K, reserved 1095680K
  class space    used 6838K, capacity 7243K, committed 7296K, reserved 1048576K

Card table byte_map: [0x0000000011960000,0x0000000012160000] byte_map_base: 0x000000000e352000

Marking Bits: (ParMarkBitMap*) 0x0000000065bc4ce0
 Begin Bits: [0x0000000012eb0000, 0x0000000016e40000)
 End Bits:   [0x0000000016e40000, 0x000000001add0000)

Polling page: 0x00000000006c0000

CodeCache: size=245760Kb used=13368Kb max_used=15166Kb free=232392Kb
 bounds [0x00000000025a0000, 0x00000000034b0000, 0x00000000115a0000]
 total_blobs=4304 nmethods=3820 adapters=394
 compilation: enabled

Compilation events (10 events):
Event: 151.849 Thread 0x000000001dec7000 nmethod 4536 0x0000000002e03dd0 code [0x0000000002e03f20, 0x0000000002e03fa8]
Event: 151.849 Thread 0x000000001dee1800 nmethod 4534 0x00000000030ae550 code [0x00000000030ae780, 0x00000000030af428]
Event: 151.849 Thread 0x000000001dee1800 4532       3       java.util.concurrent.locks.ReentrantLock$Sync::tryRelease (45 bytes)
Event: 151.849 Thread 0x000000001dee1800 nmethod 4532 0x0000000002830e50 code [0x0000000002830fe0, 0x0000000002831588]
Event: 151.850 Thread 0x000000001dee1800 4531       3       java.util.Date::<init> (8 bytes)
Event: 151.850 Thread 0x000000001dee1800 nmethod 4531 0x0000000002830910 code [0x0000000002830a80, 0x0000000002830cb0]
Event: 151.850 Thread 0x000000001dee1800 4533       1       org.springframework.util.ConcurrentReferenceHashMap::access$600 (5 bytes)
Event: 151.850 Thread 0x000000001dee1800 nmethod 4533 0x00000000030be150 code [0x00000000030be2a0, 0x00000000030be390]
Event: 151.850 Thread 0x000000001dee1800 4537       3       java.util.regex.Matcher::start (22 bytes)
Event: 151.851 Thread 0x000000001dee1800 nmethod 4537 0x0000000002722810 code [0x0000000002722980, 0x0000000002722bc8]

GC Heap History (10 events):
Event: 3.225 GC heap before
{Heap before GC invocations=7 (full 1):
 PSYoungGen      total 134656K, used 114696K [0x000000076b400000, 0x0000000775900000, 0x00000007c0000000)
  eden space 123904K, 83% used [0x000000076b400000,0x0000000771986ca8,0x0000000772d00000)
  from space 10752K, 99% used [0x0000000772d00000,0x000000077377b588,0x0000000773780000)
  to   space 14336K, 0% used [0x0000000774b00000,0x0000000774b00000,0x0000000775900000)
 ParOldGen       total 107520K, used 10258K [0x00000006c1c00000, 0x00000006c8500000, 0x000000076b400000)
  object space 107520K, 9% used [0x00000006c1c00000,0x00000006c2604b40,0x00000006c8500000)
 Metaspace       used 33935K, capacity 35400K, committed 35456K, reserved 1079296K
  class space    used 4433K, capacity 4721K, committed 4736K, reserved 1048576K
Event: 3.235 GC heap after
Heap after GC invocations=7 (full 1):
 PSYoungGen      total 151552K, used 14335K [0x000000076b400000, 0x0000000778680000, 0x00000007c0000000)
  eden space 137216K, 0% used [0x000000076b400000,0x000000076b400000,0x0000000773a00000)
  from space 14336K, 99% used [0x0000000774b00000,0x00000007758ffff0,0x0000000775900000)
  to   space 17408K, 0% used [0x0000000773a00000,0x0000000773a00000,0x0000000774b00000)
 ParOldGen       total 107520K, used 10548K [0x00000006c1c00000, 0x00000006c8500000, 0x000000076b400000)
  object space 107520K, 9% used [0x00000006c1c00000,0x00000006c264d050,0x00000006c8500000)
 Metaspace       used 33935K, capacity 35400K, committed 35456K, reserved 1079296K
  class space    used 4433K, capacity 4721K, committed 4736K, reserved 1048576K
}
Event: 3.235 GC heap before
{Heap before GC invocations=8 (full 2):
 PSYoungGen      total 151552K, used 14335K [0x000000076b400000, 0x0000000778680000, 0x00000007c0000000)
  eden space 137216K, 0% used [0x000000076b400000,0x000000076b400000,0x0000000773a00000)
  from space 14336K, 99% used [0x0000000774b00000,0x00000007758ffff0,0x0000000775900000)
  to   space 17408K, 0% used [0x0000000773a00000,0x0000000773a00000,0x0000000774b00000)
 ParOldGen       total 107520K, used 10548K [0x00000006c1c00000, 0x00000006c8500000, 0x000000076b400000)
  object space 107520K, 9% used [0x00000006c1c00000,0x00000006c264d050,0x00000006c8500000)
 Metaspace       used 33935K, capacity 35400K, committed 35456K, reserved 1079296K
  class space    used 4433K, capacity 4721K, committed 4736K, reserved 1048576K
Event: 3.280 GC heap after
Heap after GC invocations=8 (full 2):
 PSYoungGen      total 151552K, used 0K [0x000000076b400000, 0x0000000778680000, 0x00000007c0000000)
  eden space 137216K, 0% used [0x000000076b400000,0x000000076b400000,0x0000000773a00000)
  from space 14336K, 0% used [0x0000000774b00000,0x0000000774b00000,0x0000000775900000)
  to   space 17408K, 0% used [0x0000000773a00000,0x0000000773a00000,0x0000000774b00000)
 ParOldGen       total 171520K, used 19008K [0x00000006c1c00000, 0x00000006cc380000, 0x000000076b400000)
  object space 171520K, 11% used [0x00000006c1c00000,0x00000006c2e90008,0x00000006cc380000)
 Metaspace       used 33935K, capacity 35400K, committed 35456K, reserved 1079296K
  class space    used 4433K, capacity 4721K, committed 4736K, reserved 1048576K
}
Event: 5.050 GC heap before
{Heap before GC invocations=9 (full 2):
 PSYoungGen      total 151552K, used 137216K [0x000000076b400000, 0x0000000778680000, 0x00000007c0000000)
  eden space 137216K, 100% used [0x000000076b400000,0x0000000773a00000,0x0000000773a00000)
  from space 14336K, 0% used [0x0000000774b00000,0x0000000774b00000,0x0000000775900000)
  to   space 17408K, 0% used [0x0000000773a00000,0x0000000773a00000,0x0000000774b00000)
 ParOldGen       total 171520K, used 19008K [0x00000006c1c00000, 0x00000006cc380000, 0x000000076b400000)
  object space 171520K, 11% used [0x00000006c1c00000,0x00000006c2e90008,0x00000006cc380000)
 Metaspace       used 47168K, capacity 49122K, committed 49408K, reserved 1091584K
  class space    used 6417K, capacity 6816K, committed 6912K, reserved 1048576K
Event: 5.065 GC heap after
Heap after GC invocations=9 (full 2):
 PSYoungGen      total 154624K, used 15268K [0x000000076b400000, 0x0000000779780000, 0x00000007c0000000)
  eden space 137216K, 0% used [0x000000076b400000,0x000000076b400000,0x0000000773a00000)
  from space 17408K, 87% used [0x0000000773a00000,0x00000007748e91a0,0x0000000774b00000)
  to   space 19456K, 0% used [0x0000000778480000,0x0000000778480000,0x0000000779780000)
 ParOldGen       total 171520K, used 19016K [0x00000006c1c00000, 0x00000006cc380000, 0x000000076b400000)
  object space 171520K, 11% used [0x00000006c1c00000,0x00000006c2e92008,0x00000006cc380000)
 Metaspace       used 47168K, capacity 49122K, committed 49408K, reserved 1091584K
  class space    used 6417K, capacity 6816K, committed 6912K, reserved 1048576K
}
Event: 151.726 GC heap before
{Heap before GC invocations=10 (full 2):
 PSYoungGen      total 154624K, used 88261K [0x000000076b400000, 0x0000000779780000, 0x00000007c0000000)
  eden space 137216K, 53% used [0x000000076b400000,0x000000076fb48530,0x0000000773a00000)
  from space 17408K, 87% used [0x0000000773a00000,0x00000007748e91a0,0x0000000774b00000)
  to   space 19456K, 0% used [0x0000000778480000,0x0000000778480000,0x0000000779780000)
 ParOldGen       total 171520K, used 19016K [0x00000006c1c00000, 0x00000006cc380000, 0x000000076b400000)
  object space 171520K, 11% used [0x00000006c1c00000,0x00000006c2e92008,0x00000006cc380000)
 Metaspace       used 50652K, capacity 52762K, committed 52864K, reserved 1095680K
  class space    used 6839K, capacity 7249K, committed 7296K, reserved 1048576K
Event: 151.736 GC heap after
Heap after GC invocations=10 (full 2):
 PSYoungGen      total 211456K, used 8092K [0x000000076b400000, 0x0000000779580000, 0x00000007c0000000)
  eden space 194048K, 0% used [0x000000076b400000,0x000000076b400000,0x0000000777180000)
  from space 17408K, 46% used [0x0000000778480000,0x0000000778c67160,0x0000000779580000)
  to   space 18432K, 0% used [0x0000000777180000,0x0000000777180000,0x0000000778380000)
 ParOldGen       total 171520K, used 19024K [0x00000006c1c00000, 0x00000006cc380000, 0x000000076b400000)
  object space 171520K, 11% used [0x00000006c1c00000,0x00000006c2e94008,0x00000006cc380000)
 Metaspace       used 50652K, capacity 52762K, committed 52864K, reserved 1095680K
  class space    used 6839K, capacity 7249K, committed 7296K, reserved 1048576K
}
Event: 151.736 GC heap before
{Heap before GC invocations=11 (full 3):
 PSYoungGen      total 211456K, used 8092K [0x000000076b400000, 0x0000000779580000, 0x00000007c0000000)
  eden space 194048K, 0% used [0x000000076b400000,0x000000076b400000,0x0000000777180000)
  from space 17408K, 46% used [0x0000000778480000,0x0000000778c67160,0x0000000779580000)
  to   space 18432K, 0% used [0x0000000777180000,0x0000000777180000,0x0000000778380000)
 ParOldGen       total 171520K, used 19024K [0x00000006c1c00000, 0x00000006cc380000, 0x000000076b400000)
  object space 171520K, 11% used [0x00000006c1c00000,0x00000006c2e94008,0x00000006cc380000)
 Metaspace       used 50652K, capacity 52762K, committed 52864K, reserved 1095680K
  class space    used 6839K, capacity 7249K, committed 7296K, reserved 1048576K
Event: 151.848 GC heap after
Heap after GC invocations=11 (full 3):
 PSYoungGen      total 211456K, used 0K [0x000000076b400000, 0x0000000779580000, 0x00000007c0000000)
  eden space 194048K, 0% used [0x000000076b400000,0x000000076b400000,0x0000000777180000)
  from space 17408K, 0% used [0x0000000778480000,0x0000000778480000,0x0000000779580000)
  to   space 18432K, 0% used [0x0000000777180000,0x0000000777180000,0x0000000778380000)
 ParOldGen       total 171520K, used 21897K [0x00000006c1c00000, 0x00000006cc380000, 0x000000076b400000)
  object space 171520K, 12% used [0x00000006c1c00000,0x00000006c31625a0,0x00000006cc380000)
 Metaspace       used 50640K, capacity 52726K, committed 52864K, reserved 1095680K
  class space    used 6836K, capacity 7243K, committed 7296K, reserved 1048576K
}

Deoptimization events (10 events):
Event: 5.994 Thread 0x000000001dedf800 Uncommon trap: reason=class_check action=maybe_recompile pc=0x00000000031cf0f8 method=java.util.AbstractCollection.containsAll(Ljava/util/Collection;)Z @ 1
Event: 27.950 Thread 0x0000000021ee7800 Uncommon trap: reason=null_check action=make_not_entrant pc=0x00000000034746c0 method=org.springframework.core.annotation.AnnotatedElementUtils.searchWithGetSemanticsInAnnotations(Ljava/lang/reflect/AnnotatedElement;Ljava/util/List;Ljava/util/Set;Ljava/la
Event: 28.279 Thread 0x0000000021ee5800 Uncommon trap: reason=unstable_if action=reinterpret pc=0x000000000289faf0 method=sun.net.www.ParseUtil.encodePath(Ljava/lang/String;Z)Ljava/lang/String; @ 95
Event: 28.377 Thread 0x0000000021ee5800 Uncommon trap: reason=unstable_if action=reinterpret pc=0x0000000002c349b0 method=org.springframework.util.ConcurrentReferenceHashMap$Segment.restructureIfNecessary(Z)V @ 124
Event: 28.377 Thread 0x0000000021ee5800 Uncommon trap: reason=unstable_if action=reinterpret pc=0x000000000309e92c method=org.springframework.util.ConcurrentReferenceHashMap$Segment.doTask(ILjava/lang/Object;Lorg/springframework/util/ConcurrentReferenceHashMap$Task;)Ljava/lang/Object; @ 86
Event: 40.693 Thread 0x0000000021ee5800 Uncommon trap: reason=unstable_if action=reinterpret pc=0x00000000030eb868 method=java.nio.Buffer.<init>(IIII)V @ 66
Event: 150.993 Thread 0x000000001dedf800 Uncommon trap: reason=unstable_if action=reinterpret pc=0x00000000027d4f78 method=java.util.AbstractCollection.containsAll(Ljava/util/Collection;)Z @ 28
Event: 151.414 Thread 0x000000001dedf800 Uncommon trap: reason=unstable_if action=reinterpret pc=0x00000000029c9cf0 method=org.springframework.boot.devtools.filewatch.FileSnapshot.equals(Ljava/lang/Object;)Z @ 93
Event: 151.428 Thread 0x0000000021ef0000 Uncommon trap: reason=unstable_if action=reinterpret pc=0x0000000002871c04 method=java.util.concurrent.locks.ReentrantLock$Sync.tryRelease(I)Z @ 28
Event: 151.848 Thread 0x000000000259c000 Uncommon trap: reason=unstable_if action=reinterpret pc=0x0000000002c32770 method=java.lang.ref.Reference.tryHandlePending(Z)Z @ 20

Classes redefined (0 events):
No events

Internal exceptions (10 events):
Event: 4.453 Thread 0x000000001f7d0000 Exception <a 'java/lang/ClassNotFoundException': org/springframework/boot/autoconfigure/web/servlet/WebMvcAutoConfiguration$EnableWebMvcConfiguration$$EnhancerBySpringCGLIB$$ad37768bCustomizer> (0x00000007708d9ed0) thrown at [C:\re\workspace\8-2-build-win
Event: 4.456 Thread 0x000000001f7d0000 Exception <a 'java/lang/ClassNotFoundException': org/springframework/context/annotation/ConfigurationClassEnhancer$EnhancedConfigurationCustomizer> (0x000000077091a3f8) thrown at [C:\re\workspace\8-2-build-windows-amd64-cygwin\jdk8u201\12322\hotspot\src\s
Event: 4.456 Thread 0x000000001f7d0000 Exception <a 'java/lang/ClassNotFoundException': org/springframework/beans/factory/BeanFactoryAwareCustomizer> (0x000000077092f540) thrown at [C:\re\workspace\8-2-build-windows-amd64-cygwin\jdk8u201\12322\hotspot\src\share\vm\classfile\systemDictionary.cp
Event: 4.457 Thread 0x000000001f7d0000 Exception <a 'java/lang/ClassNotFoundException': org/springframework/beans/factory/AwareCustomizer> (0x0000000770943138) thrown at [C:\re\workspace\8-2-build-windows-amd64-cygwin\jdk8u201\12322\hotspot\src\share\vm\classfile\systemDictionary.cpp, line 210
Event: 4.457 Thread 0x000000001f7d0000 Exception <a 'java/lang/ClassNotFoundException': org/springframework/context/ApplicationContextAwareCustomizer> (0x00000007709585e8) thrown at [C:\re\workspace\8-2-build-windows-amd64-cygwin\jdk8u201\12322\hotspot\src\share\vm\classfile\systemDictionary.c
Event: 4.458 Thread 0x000000001f7d0000 Exception <a 'java/lang/ClassNotFoundException': org/springframework/beans/factory/AwareCustomizer> (0x000000077096c1b8) thrown at [C:\re\workspace\8-2-build-windows-amd64-cygwin\jdk8u201\12322\hotspot\src\share\vm\classfile\systemDictionary.cpp, line 210
Event: 4.458 Thread 0x000000001f7d0000 Exception <a 'java/lang/ClassNotFoundException': org/springframework/web/context/ServletContextAwareCustomizer> (0x00000007709815f8) thrown at [C:\re\workspace\8-2-build-windows-amd64-cygwin\jdk8u201\12322\hotspot\src\share\vm\classfile\systemDictionary.c
Event: 4.459 Thread 0x000000001f7d0000 Exception <a 'java/lang/ClassNotFoundException': org/springframework/beans/factory/AwareCustomizer> (0x0000000770994c38) thrown at [C:\re\workspace\8-2-build-windows-amd64-cygwin\jdk8u201\12322\hotspot\src\share\vm\classfile\systemDictionary.cpp, line 210
Event: 27.950 Thread 0x0000000021ee7800 Implicit null exception at 0x000000000347243c to 0x0000000003474695
Event: 151.724 Thread 0x000000001dee0000 Exception <a 'java/lang/InterruptedException': sleep interrupted> (0x000000076f9da6d0) thrown at [C:\re\workspace\8-2-build-windows-amd64-cygwin\jdk8u201\12322\hotspot\src\share\vm\prims\jvm.cpp, line 3340]

Events (10 events):
Event: 151.848 loading class java/lang/ref/Finalizer$1
Event: 151.848 Thread 0x000000001dee1800 flushing nmethod 0x00000000027225d0
Event: 151.849 loading class java/lang/ref/Finalizer$1 done
Event: 151.849 Thread 0x0000000021ee2800 Thread added: 0x0000000021ee2800
Event: 151.849 loading class org/sqlite/SQLiteErrorCode
Event: 151.849 loading class org/sqlite/SQLiteErrorCode done
Event: 151.849 Thread 0x000000001dec5000 flushing nmethod 0x00000000027957d0
Event: 151.850 Thread 0x000000001dee1800 flushing nmethod 0x00000000028773d0
Event: 151.850 Thread 0x000000001dee1800 flushing nmethod 0x000000000288e410
Event: 151.850 Thread 0x000000001dee1800 flushing nmethod 0x00000000029bb7d0


Dynamic libraries:
0x00007ff6519a0000 - 0x00007ff6519d7000 	C:\Program Files\Java\jre1.8.0_201\bin\javaw.exe
0x00007ffd56290000 - 0x00007ffd5647d000 	C:\WINDOWS\SYSTEM32\ntdll.dll
0x00007ffd54030000 - 0x00007ffd540e3000 	C:\WINDOWS\System32\KERNEL32.DLL
0x00007ffd530b0000 - 0x00007ffd53343000 	C:\WINDOWS\System32\KERNELBASE.dll
0x00007ffd55b10000 - 0x00007ffd55bb3000 	C:\WINDOWS\System32\ADVAPI32.dll
0x00007ffd53b10000 - 0x00007ffd53bae000 	C:\WINDOWS\System32\msvcrt.dll
0x00007ffd53540000 - 0x00007ffd535de000 	C:\WINDOWS\System32\sechost.dll
0x00007ffd540f0000 - 0x00007ffd54212000 	C:\WINDOWS\System32\RPCRT4.dll
0x00007ffd53660000 - 0x00007ffd537f7000 	C:\WINDOWS\System32\USER32.dll
0x00007ffd53090000 - 0x00007ffd530b0000 	C:\WINDOWS\System32\win32u.dll
0x00007ffd56150000 - 0x00007ffd56179000 	C:\WINDOWS\System32\GDI32.dll
0x00007ffd52cf0000 - 0x00007ffd52e8a000 	C:\WINDOWS\System32\gdi32full.dll
0x00007ffd53400000 - 0x00007ffd534a0000 	C:\WINDOWS\System32\msvcp_win.dll
0x00007ffd52f90000 - 0x00007ffd5308a000 	C:\WINDOWS\System32\ucrtbase.dll
0x00007ffd41200000 - 0x00007ffd41479000 	C:\WINDOWS\WinSxS\amd64_microsoft.windows.common-controls_6595b64144ccf1df_6.0.17763.437_none_05b63dca071e5dd6\COMCTL32.dll
0x00007ffd55bc0000 - 0x00007ffd55eec000 	C:\WINDOWS\System32\combase.dll
0x00007ffd52ec0000 - 0x00007ffd52f3e000 	C:\WINDOWS\System32\bcryptPrimitives.dll
0x00007ffd557d0000 - 0x00007ffd557fe000 	C:\WINDOWS\System32\IMM32.DLL
0x00000000651e0000 - 0x00000000652b1000 	C:\Program Files\Java\jre1.8.0_201\bin\msvcr100.dll
0x00000000653a0000 - 0x0000000065c44000 	C:\Program Files\Java\jre1.8.0_201\bin\server\jvm.dll
0x00007ffd55f60000 - 0x00007ffd55f68000 	C:\WINDOWS\System32\PSAPI.DLL
0x00007ffd402e0000 - 0x00007ffd402e9000 	C:\WINDOWS\SYSTEM32\WSOCK32.dll
0x00007ffd4da70000 - 0x00007ffd4da94000 	C:\WINDOWS\SYSTEM32\WINMM.dll
0x00007ffd4caa0000 - 0x00007ffd4caaa000 	C:\WINDOWS\SYSTEM32\VERSION.dll
0x00007ffd53aa0000 - 0x00007ffd53b0d000 	C:\WINDOWS\System32\WS2_32.dll
0x00007ffd4da40000 - 0x00007ffd4da6d000 	C:\WINDOWS\SYSTEM32\WINMMBASE.dll
0x00007ffd52f40000 - 0x00007ffd52f8a000 	C:\WINDOWS\System32\cfgmgr32.dll
0x00007ffd402d0000 - 0x00007ffd402df000 	C:\Program Files\Java\jre1.8.0_201\bin\verify.dll
0x00007ffd402a0000 - 0x00007ffd402c9000 	C:\Program Files\Java\jre1.8.0_201\bin\java.dll
0x00007ffd40280000 - 0x00007ffd40296000 	C:\Program Files\Java\jre1.8.0_201\bin\zip.dll
0x00007ffd542e0000 - 0x00007ffd557d0000 	C:\WINDOWS\System32\SHELL32.dll
0x00007ffd560a0000 - 0x00007ffd56148000 	C:\WINDOWS\System32\shcore.dll
0x00007ffd52360000 - 0x00007ffd52aaa000 	C:\WINDOWS\System32\windows.storage.dll
0x00007ffd52330000 - 0x00007ffd52354000 	C:\WINDOWS\System32\profapi.dll
0x00007ffd522b0000 - 0x00007ffd5230d000 	C:\WINDOWS\System32\powrprof.dll
0x00007ffd534e0000 - 0x00007ffd53532000 	C:\WINDOWS\System32\shlwapi.dll
0x00007ffd52290000 - 0x00007ffd522a1000 	C:\WINDOWS\System32\kernel.appcore.dll
0x00007ffd534a0000 - 0x00007ffd534b7000 	C:\WINDOWS\System32\cryptsp.dll
0x00007ffd45a30000 - 0x00007ffd45a3d000 	C:\Program Files\Java\jre1.8.0_201\bin\management.dll
0x00007ffd40260000 - 0x00007ffd4027a000 	C:\Program Files\Java\jre1.8.0_201\bin\net.dll
0x00007ffd464e0000 - 0x00007ffd466b6000 	C:\WINDOWS\SYSTEM32\urlmon.dll
0x00007ffd46100000 - 0x00007ffd463a8000 	C:\WINDOWS\SYSTEM32\iertutil.dll
0x00007ffd51ce0000 - 0x00007ffd51cec000 	C:\WINDOWS\SYSTEM32\CRYPTBASE.DLL
0x00007ffd51b10000 - 0x00007ffd51b77000 	C:\WINDOWS\system32\mswsock.dll
0x00007ffd468f0000 - 0x00007ffd46906000 	C:\WINDOWS\system32\napinsp.dll
0x00007ffd468d0000 - 0x00007ffd468ea000 	C:\WINDOWS\system32\pnrpnsp.dll
0x00007ffd518b0000 - 0x00007ffd51976000 	C:\WINDOWS\SYSTEM32\DNSAPI.dll
0x00007ffd56250000 - 0x00007ffd56258000 	C:\WINDOWS\System32\NSI.dll
0x00007ffd51870000 - 0x00007ffd518ad000 	C:\WINDOWS\SYSTEM32\IPHLPAPI.DLL
0x00007ffd313b0000 - 0x00007ffd313be000 	C:\WINDOWS\System32\winrnr.dll
0x00007ffd4fa60000 - 0x00007ffd4fa7b000 	C:\WINDOWS\system32\NLAapi.dll
0x00007ffd4d1e0000 - 0x00007ffd4d1f5000 	C:\WINDOWS\system32\wshbth.dll
0x00007ffd42c00000 - 0x00007ffd42c0a000 	C:\Windows\System32\rasadhlp.dll
0x00007ffd42f80000 - 0x00007ffd42ff9000 	C:\WINDOWS\System32\fwpuclnt.dll
0x00007ffd52e90000 - 0x00007ffd52eb6000 	C:\WINDOWS\System32\bcrypt.dll
0x00007ffd40240000 - 0x00007ffd40251000 	C:\Program Files\Java\jre1.8.0_201\bin\nio.dll
0x00007ffd516d0000 - 0x00007ffd51703000 	C:\WINDOWS\system32\rsaenh.dll
0x00007ffd52190000 - 0x00007ffd521b8000 	C:\WINDOWS\SYSTEM32\USERENV.dll
0x00007ffd4cad0000 - 0x00007ffd4cae6000 	C:\WINDOWS\SYSTEM32\dhcpcsvc6.DLL
0x00007ffd4cc50000 - 0x00007ffd4cc6c000 	C:\WINDOWS\SYSTEM32\dhcpcsvc.DLL
0x000000006cd80000 - 0x000000006ce70000 	C:\Users\Dominique\AppData\Local\Temp\sqlite-3.16.1-a9ac5832-aa4d-429f-a2e4-71c8408e2266-sqlitejdbc.dll
0x00007ffd3bb90000 - 0x00007ffd3bd7d000 	C:\WINDOWS\SYSTEM32\dbghelp.dll

VM Arguments:
jvm_args: -Dfile.encoding=UTF-8 
java_command: Ascari.one.AscariCab.AscariCabApplication
java_class_path (initial): C:\Program Files\Java\jre1.8.0_201\lib\resources.jar;C:\Program Files\Java\jre1.8.0_201\lib\rt.jar;C:\Program Files\Java\jre1.8.0_201\lib\jsse.jar;C:\Program Files\Java\jre1.8.0_201\lib\jce.jar;C:\Program Files\Java\jre1.8.0_201\lib\charsets.jar;C:\Program Files\Java\jre1.8.0_201\lib\jfr.jar;C:\Program Files\Java\jre1.8.0_201\lib\ext\access-bridge-64.jar;C:\Program Files\Java\jre1.8.0_201\lib\ext\cldrdata.jar;C:\Program Files\Java\jre1.8.0_201\lib\ext\dnsns.jar;C:\Program Files\Java\jre1.8.0_201\lib\ext\jaccess.jar;C:\Program Files\Java\jre1.8.0_201\lib\ext\jfxrt.jar;C:\Program Files\Java\jre1.8.0_201\lib\ext\localedata.jar;C:\Program Files\Java\jre1.8.0_201\lib\ext\nashorn.jar;C:\Program Files\Java\jre1.8.0_201\lib\ext\sunec.jar;C:\Program Files\Java\jre1.8.0_201\lib\ext\sunjce_provider.jar;C:\Program Files\Java\jre1.8.0_201\lib\ext\sunmscapi.jar;C:\Program Files\Java\jre1.8.0_201\lib\ext\sunpkcs11.jar;C:\Program Files\Java\jre1.8.0_201\lib\ext\zipfs.jar;C:\Users\Dominique\Desktop\research\New folder (3)\JohnnysShop\target\classes;C:\Users\Dominique\.m2\repository\org\springframework\boot\spring-boot-starter-data-jpa\2.1.3.RELEASE\spring-boot-starter-data-jpa-2.1.3.RELEASE.jar;C:\Users\Dominique\.m2\repository\org\springframework\boot\spring-boot-starter-aop\2.1.3.RELEASE\spring-boot-starter-aop-2.1.3.RELEASE.jar;C:\Users\Dominique\.m2\repository\org\springframework\spring-aop\5.1.5.RELEASE\spring-aop-5.1.5.RELEASE.jar;C:\Users\Dominique\.m2\repository\org\aspectj\aspectjweaver\1.9.2\aspectjweaver-1.9.2.jar;C:\Users\Dominique\.m2\repository\org\springframework\boot\spring-boot-starter-jdbc\2.1.3.RELEASE\spring-boot-starter-jdbc-2.1.3.RELEASE.jar;C:\Users\Dominique\.m2\repository\com\zaxxer\HikariCP\3.2.0\HikariCP-3.2.0.jar;C:\Users\Dominique\.m2\repository\org\springframework\spring-jdbc\5.1.5.RELEASE\spring-jdbc-5.1.5.RELEASE.jar;C:\Users\Dominique\.m2\repository\javax\transaction\javax.transaction-api\1.3\javax.transaction-api-1.3.jar
Launcher Type: SUN_STANDARD

Environment Variables:
JAVA_HOME=C:\Program Files\Java\jdk1.8.0_201
PATH=C:/Program Files/Java/jre1.8.0_201/bin/server;C:/Program Files/Java/jre1.8.0_201/bin;C:/Program Files/Java/jre1.8.0_201/lib/amd64;C:\Program Files (x86)\Common Files\Oracle\Java\javapath;C:\ProgramData\Oracle\Java\javapath;C:\WINDOWS\system32;C:\WINDOWS;C:\WINDOWS\System32\Wbem;C:\WINDOWS\System32\WindowsPowerShell\v1.0\;C:\Program Files (x86)\NVIDIA Corporation\PhysX\Common;C:\WINDOWS\System32\OpenSSH\;C:\Program Files\NVIDIA Corporation\NVIDIA NvDLISR;C:\Program Files\swipl\bin;C:\Program Files (x86)\OpenVPN\bin;C:\Program Files (x86)\sbt\bin;C:\Program Files (x86)\Yarn\bin\;C:\Program Files\nodejs\;C:\Program Files\Git\cmd;C:\Users\Dominique\Documents\apache-maven-3.6.0\bin;C:\Users\Dominique\AppData\Local\Programs\Python\Python37-32;C:\Users\Dominique\AppData\Local\Programs\Python\Python37-32\Scripts;;%SystemRoot%\system32;%SystemRoot%;%SystemRoot%\System32\Wbem;%SYSTEMROOT%\System32\WindowsPowerShell\v1.0\;%SYSTEMROOT%\System32\OpenSSH\;C:\Users\Dominique\AppData\Local\Microsoft\WindowsApps;C:\Users\Dominique\AppData\Local\Yarn\bin;C:\Users\Dominique\AppData\Roaming\npm;C:\Users\Dominique\AppData\Local\Programs\Python;;C:\Users\Dominique\Desktop\eclipse;
USERNAME=Dominique
OS=Windows_NT
PROCESSOR_IDENTIFIER=Intel64 Family 6 Model 158 Stepping 9, GenuineIntel



---------------  S Y S T E M  ---------------

OS: Windows 10.0 , 64 bit Build 17763 (10.0.17763.437)

CPU:total 8 (initial active 8) (4 cores per cpu, 2 threads per core) family 6 model 158 stepping 9, cmov, cx8, fxsr, mmx, sse, sse2, sse3, ssse3, sse4.1, sse4.2, popcnt, avx, avx2, aes, clmul, erms, 3dnowpref, lzcnt, ht, tsc, tscinvbit, bmi1, bmi2, adx

Memory: 4k page, physical 16655964k(8737464k free), swap 29843032k(18974548k free)

vm_info: Java HotSpot(TM) 64-Bit Server VM (25.201-b09) for windows-amd64 JRE (1.8.0_201-b09), built on Dec 15 2018 18:36:39 by "java_re" with MS VC++ 10.0 (VS2010)

time: Mon Apr 15 15:35:35 2019
timezone: Central Daylight Time
elapsed time: 151 seconds (0d 0h 2m 31s)

