#
# A fatal error has been detected by the Java Runtime Environment:
#
#  EXCEPTION_ACCESS_VIOLATION (0xc0000005) at pc=0x00007ffd669dee9d, pid=9260, tid=0x0000000000002d48
#
# JRE version: Java(TM) SE Runtime Environment (8.0_201-b09) (build 1.8.0_201-b09)
# Java VM: Java HotSpot(TM) 64-Bit Server VM (25.201-b09 mixed mode windows-amd64 compressed oops)
# Problematic frame:
# C  [ntdll.dll+0x1ee9d]
#
# Failed to write core dump. Minidumps are not enabled by default on client versions of Windows
#
# If you would like to submit a bug report, please visit:
#   http://bugreport.java.com/bugreport/crash.jsp
# The crash happened outside the Java Virtual Machine in native code.
# See problematic frame for where to report the bug.
#

---------------  T H R E A D  ---------------

Current thread (0x00000000253fe800):  JavaThread "Secondary finalizer" [_thread_in_native, id=11592, stack(0x0000000029710000,0x0000000029810000)]

siginfo: ExceptionCode=0xc0000005, reading address 0xffffffffffffffff

Registers:
RAX=0x0000000000b84000, RBX=0x000000002117f7a8, RCX=0x7369786520746f6e, RDX=0x000000002980ee80
RSP=0x000000002980ed50, RBP=0x000000002980ee50, RSI=0x0000000021163730, RDI=0x000000000ec62000
R8 =0x000000002117f7a8, R9 =0x0000000025113800, R10=0x0000000002ec97af, R11=0x000000007061cd40
R12=0x0000000000000000, R13=0x0000000025f71e90, R14=0x000000002980ee80, R15=0x00000000253fe800
RIP=0x00007ffd669dee9d, EFLAGS=0x0000000000010206

Top of Stack: (sp=0x000000002980ed50)
0x000000002980ed50:   00000000253fe800 00000000253fe800
0x000000002980ed60:   000000002980ee00 000000007062ecca
0x000000002980ed70:   000000001fd86e78 000000006cdfa0d4
0x000000002980ed80:   000000076b829bf0 0000000025d80500
0x000000002980ed90:   00000000200f2170 00000000704a7f71
0x000000002980eda0:   000000002980f408 0000000025f71e90
0x000000002980edb0:   000000076b829bf0 0000000002ec97db
0x000000002980edc0:   000000000ec62000 0000000002ec9542
0x000000002980edd0:   00000000253fe800 0000000025f71e90
0x000000002980ede0:   000000002980edf8 00000000253fe800
0x000000002980edf0:   000000002980eec8 0000000002ec950a
0x000000002980ee00:   0000000000000003 00000006c300f238
0x000000002980ee10:   000000002980ee00 0000000025f71e90
0x000000002980ee20:   000000002980ee80 0000000025fa3c90
0x000000002980ee30:   0000000000000000 0000000025f71e90
0x000000002980ee40:   0000000000000000 000000002980ee70 

Instructions: (pc=0x00007ffd669dee9d)
0x00007ffd669dee7d:   5e c3 f0 ff 43 38 eb c8 cc cc cc cc cc cc cc cc
0x00007ffd669dee8d:   cc cc cc 48 83 ec 28 65 48 8b 04 25 30 00 00 00
0x00007ffd669dee9d:   f0 0f ba 71 08 00 48 8b 40 48 73 12 48 89 41 10
0x00007ffd669deead:   33 c0 c7 41 0c 01 00 00 00 48 83 c4 28 c3 48 39 


Register to memory mapping:

RAX=0x0000000000b84000 is an unknown value
RBX=0x000000002117f7a8 is an unknown value
RCX=0x7369786520746f6e is an unknown value
RDX=0x000000002980ee80 is pointing into the stack for thread: 0x00000000253fe800
RSP=0x000000002980ed50 is pointing into the stack for thread: 0x00000000253fe800
RBP=0x000000002980ee50 is pointing into the stack for thread: 0x00000000253fe800
RSI=0x0000000021163730 is an unknown value
RDI=0x000000000ec62000 is an unknown value
R8 =0x000000002117f7a8 is an unknown value
R9 =0x0000000025113800 is an unknown value
R10=0x0000000002ec97af is at code_begin+1295 in an Interpreter codelet
method entry point (kind = native_synchronized)  [0x0000000002ec92a0, 0x0000000002ec9e00]  2912 bytes
R11=0x000000007061cd40 is an unknown value
R12=0x0000000000000000 is an unknown value
R13={method} {0x0000000025f71e98} 'reset' '(J)I' in 'org/sqlite/core/NativeDB'
R14=0x000000002980ee80 is pointing into the stack for thread: 0x00000000253fe800
R15=0x00000000253fe800 is a thread


Stack: [0x0000000029710000,0x0000000029810000],  sp=0x000000002980ed50,  free space=1019k
Native frames: (J=compiled Java code, j=interpreted, Vv=VM code, C=native code)
C  [ntdll.dll+0x1ee9d]
C  [sqlite-3.16.1-f5b4516a-c8fd-4433-ac3e-58ddaeb95341-sqlitejdbc.dll+0x7a0d4]
C  0x0000000002ec97db

Java frames: (J=compiled Java code, j=interpreted, Vv=VM code)
j  org.sqlite.core.NativeDB.reset(J)I+0
j  org.sqlite.core.CoreResultSet.close()V+81
j  org.sqlite.jdbc4.JDBC4ResultSet.close()V+6
j  org.sqlite.core.CoreStatement.internalClose()V+34
j  org.sqlite.jdbc3.JDBC3Statement.close()V+33
j  org.sqlite.jdbc4.JDBC4Statement.close()V+1
j  org.sqlite.jdbc3.JDBC3Statement.finalize()V+1
J 3159 C2 java.lang.ref.Finalizer.access$100(Ljava/lang/ref/Finalizer;Lsun/misc/JavaLangAccess;)V (6 bytes) @ 0x00000000039d7b14 [0x00000000039d7940+0x1d4]
j  java.lang.ref.Finalizer$2.run()V+36
j  java.lang.Thread.run()V+11
v  ~StubRoutines::call_stub

---------------  P R O C E S S  ---------------

Java Threads: ( => current thread )
=>0x00000000253fe800 JavaThread "Secondary finalizer" [_thread_in_native, id=11592, stack(0x0000000029710000,0x0000000029810000)]
  0x0000000025408800 JavaThread "Thread-5" [_thread_blocked, id=17012, stack(0x0000000029410000,0x0000000029510000)]
  0x0000000025404000 JavaThread "DestroyJavaVM" [_thread_blocked, id=7628, stack(0x0000000002c20000,0x0000000002d20000)]
  0x0000000022a7a800 JavaThread "Live Reload Server" daemon [_thread_in_native, id=14424, stack(0x0000000028110000,0x0000000028210000)]
  0x0000000022a79000 JavaThread "mysql-cj-abandoned-connection-cleanup" daemon [_thread_blocked, id=2564, stack(0x00000000260b0000,0x00000000261b0000)]
  0x000000001e873800 JavaThread "Service Thread" daemon [_thread_blocked, id=14620, stack(0x000000001f390000,0x000000001f490000)]
  0x000000001e7e7800 JavaThread "C1 CompilerThread3" daemon [_thread_blocked, id=10724, stack(0x000000001f290000,0x000000001f390000)]
  0x000000001e7d3800 JavaThread "C2 CompilerThread2" daemon [_thread_blocked, id=19188, stack(0x000000001f190000,0x000000001f290000)]
  0x000000001e7d2800 JavaThread "C2 CompilerThread1" daemon [_thread_blocked, id=15520, stack(0x000000001f090000,0x000000001f190000)]
  0x000000001e7d0000 JavaThread "C2 CompilerThread0" daemon [_thread_blocked, id=3704, stack(0x000000001ef90000,0x000000001f090000)]
  0x000000001e7ce000 JavaThread "Attach Listener" daemon [_thread_blocked, id=1232, stack(0x000000001ee90000,0x000000001ef90000)]
  0x000000001c8de000 JavaThread "Signal Dispatcher" daemon [_thread_blocked, id=15704, stack(0x000000001ed90000,0x000000001ee90000)]
  0x0000000002ead800 JavaThread "Finalizer" daemon [_thread_blocked, id=18908, stack(0x000000001eba0000,0x000000001eca0000)]
  0x000000001c8cd800 JavaThread "Reference Handler" daemon [_thread_blocked, id=6952, stack(0x000000001e6a0000,0x000000001e7a0000)]

Other Threads:
  0x000000001c8c8800 VMThread [stack: 0x000000001e5a0000,0x000000001e6a0000] [id=11164]
  0x000000001e89e800 WatcherThread [stack: 0x000000001f490000,0x000000001f590000] [id=19312]

VM state:not at safepoint (normal execution)

VM Mutex/Monitor currently owned by a thread: None

heap address: 0x00000006c1c00000, size: 4068 MB, Compressed Oops mode: Zero based, Oop shift amount: 3
Narrow klass base: 0x0000000000000000, Narrow klass shift: 3
Compressed class space size: 1073741824 Address: 0x00000007c0000000

Heap:
 PSYoungGen      total 207872K, used 5020K [0x000000076b400000, 0x0000000779200000, 0x00000007c0000000)
  eden space 189440K, 2% used [0x000000076b400000,0x000000076b8e7168,0x0000000776d00000)
  from space 18432K, 0% used [0x0000000778000000,0x0000000778000000,0x0000000779200000)
  to   space 18944K, 0% used [0x0000000776d00000,0x0000000776d00000,0x0000000777f80000)
 ParOldGen       total 174080K, used 21719K [0x00000006c1c00000, 0x00000006cc600000, 0x000000076b400000)
  object space 174080K, 12% used [0x00000006c1c00000,0x00000006c3135e48,0x00000006cc600000)
 Metaspace       used 50406K, capacity 52500K, committed 52608K, reserved 1095680K
  class space    used 6805K, capacity 7208K, committed 7296K, reserved 1048576K

Card table byte_map: [0x0000000012270000,0x0000000012a70000] byte_map_base: 0x000000000ec62000

Marking Bits: (ParMarkBitMap*) 0x0000000070c14ce0
 Begin Bits: [0x00000000137c0000, 0x0000000017750000)
 End Bits:   [0x0000000017750000, 0x000000001b6e0000)

Polling page: 0x0000000000d90000

CodeCache: size=245760Kb used=13181Kb max_used=14768Kb free=232578Kb
 bounds [0x0000000002eb0000, 0x0000000003d40000, 0x0000000011eb0000]
 total_blobs=4356 nmethods=3875 adapters=392
 compilation: enabled

Compilation events (10 events):
Event: 443.835 Thread 0x000000001e7d2800 4607       4       java.util.zip.ZipFile$ZipFileInputStream::finalize (5 bytes)
Event: 443.835 Thread 0x000000001e7d3800 4608       4       java.util.zip.ZipFile$ZipFileInflaterInputStream::finalize (5 bytes)
Event: 443.836 Thread 0x000000001e7e7800 nmethod 4604 0x00000000038abe90 code [0x00000000038ac020, 0x00000000038ac5c8]
Event: 443.836 Thread 0x000000001e7d3800 nmethod 4608 0x0000000003038250 code [0x00000000030383a0, 0x0000000003038428]
Event: 443.836 Thread 0x000000001e7d2800 nmethod 4607 0x00000000033cdcd0 code [0x00000000033cde20, 0x00000000033cdea8]
Event: 443.836 Thread 0x000000001e7d3800 4609   !   4       java.lang.ref.ReferenceQueue::enqueue (119 bytes)
Event: 443.836 Thread 0x000000001e7e7800 4606   !   3       java.lang.ref.Reference::tryHandlePending (115 bytes)
Event: 443.837 Thread 0x000000001e7e7800 nmethod 4606 0x00000000032c8510 code [0x00000000032c8740, 0x00000000032c93e8]
Event: 443.837 Thread 0x000000001e7e7800 4603       1       org.springframework.util.ConcurrentReferenceHashMap::access$600 (5 bytes)
Event: 443.837 Thread 0x000000001e7e7800 nmethod 4603 0x0000000003009410 code [0x0000000003009560, 0x0000000003009650]

GC Heap History (10 events):
Event: 3.223 GC heap before
{Heap before GC invocations=7 (full 1):
 PSYoungGen      total 134656K, used 114867K [0x000000076b400000, 0x0000000775600000, 0x00000007c0000000)
  eden space 123904K, 84% used [0x000000076b400000,0x00000007719b31e0,0x0000000772d00000)
  from space 10752K, 99% used [0x0000000772d00000,0x0000000773779a88,0x0000000773780000)
  to   space 14336K, 0% used [0x0000000774800000,0x0000000774800000,0x0000000775600000)
 ParOldGen       total 109056K, used 9978K [0x00000006c1c00000, 0x00000006c8680000, 0x000000076b400000)
  object space 109056K, 9% used [0x00000006c1c00000,0x00000006c25beba8,0x00000006c8680000)
 Metaspace       used 33958K, capacity 35404K, committed 35456K, reserved 1079296K
  class space    used 4431K, capacity 4719K, committed 4736K, reserved 1048576K
Event: 3.233 GC heap after
Heap after GC invocations=7 (full 1):
 PSYoungGen      total 148480K, used 14319K [0x000000076b400000, 0x0000000778600000, 0x00000007c0000000)
  eden space 134144K, 0% used [0x000000076b400000,0x000000076b400000,0x0000000773700000)
  from space 14336K, 99% used [0x0000000774800000,0x00000007755fbc40,0x0000000775600000)
  to   space 17408K, 0% used [0x0000000773700000,0x0000000773700000,0x0000000774800000)
 ParOldGen       total 109056K, used 10392K [0x00000006c1c00000, 0x00000006c8680000, 0x000000076b400000)
  object space 109056K, 9% used [0x00000006c1c00000,0x00000006c26260b0,0x00000006c8680000)
 Metaspace       used 33958K, capacity 35404K, committed 35456K, reserved 1079296K
  class space    used 4431K, capacity 4719K, committed 4736K, reserved 1048576K
}
Event: 3.233 GC heap before
{Heap before GC invocations=8 (full 2):
 PSYoungGen      total 148480K, used 14319K [0x000000076b400000, 0x0000000778600000, 0x00000007c0000000)
  eden space 134144K, 0% used [0x000000076b400000,0x000000076b400000,0x0000000773700000)
  from space 14336K, 99% used [0x0000000774800000,0x00000007755fbc40,0x0000000775600000)
  to   space 17408K, 0% used [0x0000000773700000,0x0000000773700000,0x0000000774800000)
 ParOldGen       total 109056K, used 10392K [0x00000006c1c00000, 0x00000006c8680000, 0x000000076b400000)
  object space 109056K, 9% used [0x00000006c1c00000,0x00000006c26260b0,0x00000006c8680000)
 Metaspace       used 33958K, capacity 35404K, committed 35456K, reserved 1079296K
  class space    used 4431K, capacity 4719K, committed 4736K, reserved 1048576K
Event: 3.274 GC heap after
Heap after GC invocations=8 (full 2):
 PSYoungGen      total 148480K, used 0K [0x000000076b400000, 0x0000000778600000, 0x00000007c0000000)
  eden space 134144K, 0% used [0x000000076b400000,0x000000076b400000,0x0000000773700000)
  from space 14336K, 0% used [0x0000000774800000,0x0000000774800000,0x0000000775600000)
  to   space 17408K, 0% used [0x0000000773700000,0x0000000773700000,0x0000000774800000)
 ParOldGen       total 174080K, used 19159K [0x00000006c1c00000, 0x00000006cc600000, 0x000000076b400000)
  object space 174080K, 11% used [0x00000006c1c00000,0x00000006c2eb5e90,0x00000006cc600000)
 Metaspace       used 33958K, capacity 35404K, committed 35456K, reserved 1079296K
  class space    used 4431K, capacity 4719K, committed 4736K, reserved 1048576K
}
Event: 4.871 GC heap before
{Heap before GC invocations=9 (full 2):
 PSYoungGen      total 148480K, used 134144K [0x000000076b400000, 0x0000000778600000, 0x00000007c0000000)
  eden space 134144K, 100% used [0x000000076b400000,0x0000000773700000,0x0000000773700000)
  from space 14336K, 0% used [0x0000000774800000,0x0000000774800000,0x0000000775600000)
  to   space 17408K, 0% used [0x0000000773700000,0x0000000773700000,0x0000000774800000)
 ParOldGen       total 174080K, used 19159K [0x00000006c1c00000, 0x00000006cc600000, 0x000000076b400000)
  object space 174080K, 11% used [0x00000006c1c00000,0x00000006c2eb5e90,0x00000006cc600000)
 Metaspace       used 46711K, capacity 48564K, committed 48768K, reserved 1091584K
  class space    used 6348K, capacity 6701K, committed 6784K, reserved 1048576K
Event: 4.885 GC heap after
Heap after GC invocations=9 (full 2):
 PSYoungGen      total 151552K, used 15656K [0x000000076b400000, 0x0000000779300000, 0x00000007c0000000)
  eden space 134144K, 0% used [0x000000076b400000,0x000000076b400000,0x0000000773700000)
  from space 17408K, 89% used [0x0000000773700000,0x000000077464a280,0x0000000774800000)
  to   space 19456K, 0% used [0x0000000778000000,0x0000000778000000,0x0000000779300000)
 ParOldGen       total 174080K, used 19167K [0x00000006c1c00000, 0x00000006cc600000, 0x000000076b400000)
  object space 174080K, 11% used [0x00000006c1c00000,0x00000006c2eb7e90,0x00000006cc600000)
 Metaspace       used 46711K, capacity 48564K, committed 48768K, reserved 1091584K
  class space    used 6348K, capacity 6701K, committed 6784K, reserved 1048576K
}
Event: 443.721 GC heap before
{Heap before GC invocations=10 (full 2):
 PSYoungGen      total 151552K, used 132710K [0x000000076b400000, 0x0000000779300000, 0x00000007c0000000)
  eden space 134144K, 87% used [0x000000076b400000,0x000000077264f948,0x0000000773700000)
  from space 17408K, 89% used [0x0000000773700000,0x000000077464a280,0x0000000774800000)
  to   space 19456K, 0% used [0x0000000778000000,0x0000000778000000,0x0000000779300000)
 ParOldGen       total 174080K, used 19167K [0x00000006c1c00000, 0x00000006cc600000, 0x000000076b400000)
  object space 174080K, 11% used [0x00000006c1c00000,0x00000006c2eb7e90,0x00000006cc600000)
 Metaspace       used 50404K, capacity 52502K, committed 52608K, reserved 1095680K
  class space    used 6804K, capacity 7209K, committed 7296K, reserved 1048576K
Event: 443.729 GC heap after
Heap after GC invocations=10 (full 2):
 PSYoungGen      total 207872K, used 8038K [0x000000076b400000, 0x0000000779200000, 0x00000007c0000000)
  eden space 189440K, 0% used [0x000000076b400000,0x000000076b400000,0x0000000776d00000)
  from space 18432K, 43% used [0x0000000778000000,0x00000007787d9b78,0x0000000779200000)
  to   space 18944K, 0% used [0x0000000776d00000,0x0000000776d00000,0x0000000777f80000)
 ParOldGen       total 174080K, used 19175K [0x00000006c1c00000, 0x00000006cc600000, 0x000000076b400000)
  object space 174080K, 11% used [0x00000006c1c00000,0x00000006c2eb9e90,0x00000006cc600000)
 Metaspace       used 50404K, capacity 52502K, committed 52608K, reserved 1095680K
  class space    used 6804K, capacity 7209K, committed 7296K, reserved 1048576K
}
Event: 443.729 GC heap before
{Heap before GC invocations=11 (full 3):
 PSYoungGen      total 207872K, used 8038K [0x000000076b400000, 0x0000000779200000, 0x00000007c0000000)
  eden space 189440K, 0% used [0x000000076b400000,0x000000076b400000,0x0000000776d00000)
  from space 18432K, 43% used [0x0000000778000000,0x00000007787d9b78,0x0000000779200000)
  to   space 18944K, 0% used [0x0000000776d00000,0x0000000776d00000,0x0000000777f80000)
 ParOldGen       total 174080K, used 19175K [0x00000006c1c00000, 0x00000006cc600000, 0x000000076b400000)
  object space 174080K, 11% used [0x00000006c1c00000,0x00000006c2eb9e90,0x00000006cc600000)
 Metaspace       used 50404K, capacity 52502K, committed 52608K, reserved 1095680K
  class space    used 6804K, capacity 7209K, committed 7296K, reserved 1048576K
Event: 443.835 GC heap after
Heap after GC invocations=11 (full 3):
 PSYoungGen      total 207872K, used 0K [0x000000076b400000, 0x0000000779200000, 0x00000007c0000000)
  eden space 189440K, 0% used [0x000000076b400000,0x000000076b400000,0x0000000776d00000)
  from space 18432K, 0% used [0x0000000778000000,0x0000000778000000,0x0000000779200000)
  to   space 18944K, 0% used [0x0000000776d00000,0x0000000776d00000,0x0000000777f80000)
 ParOldGen       total 174080K, used 21719K [0x00000006c1c00000, 0x00000006cc600000, 0x000000076b400000)
  object space 174080K, 12% used [0x00000006c1c00000,0x00000006c3135e48,0x00000006cc600000)
 Metaspace       used 50402K, capacity 52500K, committed 52608K, reserved 1095680K
  class space    used 6803K, capacity 7208K, committed 7296K, reserved 1048576K
}

Deoptimization events (10 events):
Event: 8.716 Thread 0x0000000025401000 Uncommon trap: reason=null_check action=make_not_entrant pc=0x000000000361dc64 method=org.springframework.core.annotation.AnnotatedElementUtils.searchWithGetSemanticsInAnnotations(Ljava/lang/reflect/AnnotatedElement;Ljava/util/List;Ljava/util/Set;Ljava/la
Event: 29.814 Thread 0x00000000253fe000 Uncommon trap: reason=unstable_if action=reinterpret pc=0x00000000039d2524 method=org.springframework.util.ConcurrentReferenceHashMap$Segment.doTask(ILjava/lang/Object;Lorg/springframework/util/ConcurrentReferenceHashMap$Task;)Ljava/lang/Object; @ 86
Event: 29.814 Thread 0x00000000253fe000 Uncommon trap: reason=unstable_if action=reinterpret pc=0x00000000039ca008 method=java.util.concurrent.locks.ReentrantLock$NonfairSync.lock()V @ 6
Event: 29.814 Thread 0x00000000253fe800 Uncommon trap: reason=unstable_if action=reinterpret pc=0x00000000039c9808 method=org.springframework.util.ConcurrentReferenceHashMap$Segment.doTask(ILjava/lang/Object;Lorg/springframework/util/ConcurrentReferenceHashMap$Task;)Ljava/lang/Object; @ 86
Event: 443.022 Thread 0x00000000253fd000 Uncommon trap: reason=unstable_if action=reinterpret pc=0x00000000030e8838 method=java.util.AbstractCollection.containsAll(Ljava/util/Collection;)Z @ 28
Event: 443.443 Thread 0x00000000253fd000 Uncommon trap: reason=unstable_if action=reinterpret pc=0x0000000003af7f30 method=org.springframework.boot.devtools.filewatch.FileSnapshot.equals(Ljava/lang/Object;)Z @ 93
Event: 443.484 Thread 0x0000000025408800 Uncommon trap: reason=unstable_if action=reinterpret pc=0x0000000003231668 method=java.util.concurrent.locks.ReentrantLock$Sync.tryRelease(I)Z @ 28
Event: 443.497 Thread 0x0000000025408800 Uncommon trap: reason=unstable_if action=reinterpret pc=0x0000000002feb384 method=java.util.concurrent.locks.ReentrantLock$Sync.tryRelease(I)Z @ 28
Event: 443.497 Thread 0x0000000025408800 Uncommon trap: reason=unstable_if action=reinterpret pc=0x0000000003a78b04 method=java.util.concurrent.locks.AbstractQueuedSynchronizer.release(I)Z @ 5
Event: 443.835 Thread 0x000000001c8cd800 Uncommon trap: reason=unstable_if action=reinterpret pc=0x000000000354b570 method=java.lang.ref.Reference.tryHandlePending(Z)Z @ 20

Classes redefined (0 events):
No events

Internal exceptions (10 events):
Event: 4.361 Thread 0x000000001fcc5000 Exception <a 'java/lang/ClassNotFoundException': org/springframework/boot/autoconfigure/web/servlet/WebMvcAutoConfiguration$EnableWebMvcConfiguration$$EnhancerBySpringCGLIB$$cc97f673Customizer> (0x0000000770a3e9f8) thrown at [C:\re\workspace\8-2-build-win
Event: 4.363 Thread 0x000000001fcc5000 Exception <a 'java/lang/ClassNotFoundException': org/springframework/context/annotation/ConfigurationClassEnhancer$EnhancedConfigurationCustomizer> (0x0000000770a7ede8) thrown at [C:\re\workspace\8-2-build-windows-amd64-cygwin\jdk8u201\12322\hotspot\src\s
Event: 4.363 Thread 0x000000001fcc5000 Exception <a 'java/lang/ClassNotFoundException': org/springframework/beans/factory/BeanFactoryAwareCustomizer> (0x0000000770a93de0) thrown at [C:\re\workspace\8-2-build-windows-amd64-cygwin\jdk8u201\12322\hotspot\src\share\vm\classfile\systemDictionary.cp
Event: 4.364 Thread 0x000000001fcc5000 Exception <a 'java/lang/ClassNotFoundException': org/springframework/beans/factory/AwareCustomizer> (0x0000000770aa7888) thrown at [C:\re\workspace\8-2-build-windows-amd64-cygwin\jdk8u201\12322\hotspot\src\share\vm\classfile\systemDictionary.cpp, line 210
Event: 4.364 Thread 0x000000001fcc5000 Exception <a 'java/lang/ClassNotFoundException': org/springframework/context/ApplicationContextAwareCustomizer> (0x0000000770abcbe8) thrown at [C:\re\workspace\8-2-build-windows-amd64-cygwin\jdk8u201\12322\hotspot\src\share\vm\classfile\systemDictionary.c
Event: 4.365 Thread 0x000000001fcc5000 Exception <a 'java/lang/ClassNotFoundException': org/springframework/beans/factory/AwareCustomizer> (0x0000000770ad0668) thrown at [C:\re\workspace\8-2-build-windows-amd64-cygwin\jdk8u201\12322\hotspot\src\share\vm\classfile\systemDictionary.cpp, line 210
Event: 4.365 Thread 0x000000001fcc5000 Exception <a 'java/lang/ClassNotFoundException': org/springframework/web/context/ServletContextAwareCustomizer> (0x0000000770ae5958) thrown at [C:\re\workspace\8-2-build-windows-amd64-cygwin\jdk8u201\12322\hotspot\src\share\vm\classfile\systemDictionary.c
Event: 4.366 Thread 0x000000001fcc5000 Exception <a 'java/lang/ClassNotFoundException': org/springframework/beans/factory/AwareCustomizer> (0x0000000770af8e48) thrown at [C:\re\workspace\8-2-build-windows-amd64-cygwin\jdk8u201\12322\hotspot\src\share\vm\classfile\systemDictionary.cpp, line 210
Event: 8.716 Thread 0x0000000025401000 Implicit null exception at 0x000000000361b7dd to 0x000000000361dc31
Event: 443.720 Thread 0x0000000022a7f000 Exception <a 'java/lang/InterruptedException': sleep interrupted> (0x0000000772570058) thrown at [C:\re\workspace\8-2-build-windows-amd64-cygwin\jdk8u201\12322\hotspot\src\share\vm\prims\jvm.cpp, line 3340]

Events (10 events):
Event: 443.835 loading class java/lang/ref/Finalizer$2 done
Event: 443.835 loading class java/lang/ref/Finalizer$1
Event: 443.835 loading class java/lang/ref/Finalizer$1 done
Event: 443.836 loading class org/sqlite/SQLiteErrorCode
Event: 443.836 loading class org/sqlite/SQLiteErrorCode done
Event: 443.836 Thread 0x00000000253fe800 Thread added: 0x00000000253fe800
Event: 443.836 Executing VM operation: RevokeBias
Event: 443.836 Executing VM operation: RevokeBias done
Event: 443.837 Thread 0x000000001e7e7800 flushing nmethod 0x00000000031cda10
Event: 443.838 Thread 0x000000001e7e7800 flushing nmethod 0x0000000003242f10


Dynamic libraries:
0x00007ff6a9cb0000 - 0x00007ff6a9ce7000 	C:\Program Files\Java\jre1.8.0_201\bin\javaw.exe
0x00007ffd669c0000 - 0x00007ffd66ba1000 	C:\WINDOWS\SYSTEM32\ntdll.dll
0x00007ffd65450000 - 0x00007ffd65502000 	C:\WINDOWS\System32\KERNEL32.DLL
0x00007ffd63b80000 - 0x00007ffd63df3000 	C:\WINDOWS\System32\KERNELBASE.dll
0x00007ffd65e90000 - 0x00007ffd65f31000 	C:\WINDOWS\System32\ADVAPI32.dll
0x00007ffd65f40000 - 0x00007ffd65fde000 	C:\WINDOWS\System32\msvcrt.dll
0x00007ffd66930000 - 0x00007ffd6698b000 	C:\WINDOWS\System32\sechost.dll
0x00007ffd65570000 - 0x00007ffd65694000 	C:\WINDOWS\System32\RPCRT4.dll
0x00007ffd65fe0000 - 0x00007ffd66170000 	C:\WINDOWS\System32\USER32.dll
0x00007ffd63ac0000 - 0x00007ffd63ae0000 	C:\WINDOWS\System32\win32u.dll
0x00007ffd65d80000 - 0x00007ffd65da8000 	C:\WINDOWS\System32\GDI32.dll
0x00007ffd63820000 - 0x00007ffd639b2000 	C:\WINDOWS\System32\gdi32full.dll
0x00007ffd63ae0000 - 0x00007ffd63b7f000 	C:\WINDOWS\System32\msvcp_win.dll
0x00007ffd639c0000 - 0x00007ffd63ab8000 	C:\WINDOWS\System32\ucrtbase.dll
0x00007ffd53380000 - 0x00007ffd535e9000 	C:\WINDOWS\WinSxS\amd64_microsoft.windows.common-controls_6595b64144ccf1df_6.0.17134.648_none_fb45a0e93062a6d2\COMCTL32.dll
0x00007ffd65740000 - 0x00007ffd65a62000 	C:\WINDOWS\System32\combase.dll
0x00007ffd63090000 - 0x00007ffd6310a000 	C:\WINDOWS\System32\bcryptPrimitives.dll
0x00007ffd65db0000 - 0x00007ffd65ddd000 	C:\WINDOWS\System32\IMM32.DLL
0x00000000701e0000 - 0x00000000702b1000 	C:\Program Files\Java\jre1.8.0_201\bin\msvcr100.dll
0x00000000703f0000 - 0x0000000070c94000 	C:\Program Files\Java\jre1.8.0_201\bin\server\jvm.dll
0x00007ffd65a80000 - 0x00007ffd65a88000 	C:\WINDOWS\System32\PSAPI.DLL
0x00007ffd5ec60000 - 0x00007ffd5ec83000 	C:\WINDOWS\SYSTEM32\WINMM.dll
0x00007ffd60880000 - 0x00007ffd60889000 	C:\WINDOWS\SYSTEM32\WSOCK32.dll
0x00007ffd5ad60000 - 0x00007ffd5ad6a000 	C:\WINDOWS\SYSTEM32\VERSION.dll
0x00007ffd66170000 - 0x00007ffd661dc000 	C:\WINDOWS\System32\WS2_32.dll
0x00007ffd5ec30000 - 0x00007ffd5ec5a000 	C:\WINDOWS\SYSTEM32\winmmbase.dll
0x00007ffd63e00000 - 0x00007ffd63e49000 	C:\WINDOWS\System32\cfgmgr32.dll
0x00007ffd60750000 - 0x00007ffd6075f000 	C:\Program Files\Java\jre1.8.0_201\bin\verify.dll
0x00007ffd55480000 - 0x00007ffd554a9000 	C:\Program Files\Java\jre1.8.0_201\bin\java.dll
0x00007ffd572b0000 - 0x00007ffd572c6000 	C:\Program Files\Java\jre1.8.0_201\bin\zip.dll
0x00007ffd63fb0000 - 0x00007ffd653f0000 	C:\WINDOWS\System32\SHELL32.dll
0x00007ffd65de0000 - 0x00007ffd65e89000 	C:\WINDOWS\System32\shcore.dll
0x00007ffd63110000 - 0x00007ffd6381d000 	C:\WINDOWS\System32\windows.storage.dll
0x00007ffd65b80000 - 0x00007ffd65bd1000 	C:\WINDOWS\System32\shlwapi.dll
0x00007ffd62d50000 - 0x00007ffd62d61000 	C:\WINDOWS\System32\kernel.appcore.dll
0x00007ffd62d70000 - 0x00007ffd62d8f000 	C:\WINDOWS\System32\profapi.dll
0x00007ffd62ce0000 - 0x00007ffd62d2c000 	C:\WINDOWS\System32\powrprof.dll
0x00007ffd62cd0000 - 0x00007ffd62cda000 	C:\WINDOWS\System32\FLTLIB.DLL
0x00007ffd5ecf0000 - 0x00007ffd5ecfd000 	C:\Program Files\Java\jre1.8.0_201\bin\management.dll
0x00007ffd55440000 - 0x00007ffd5545a000 	C:\Program Files\Java\jre1.8.0_201\bin\net.dll
0x00007ffd52a30000 - 0x00007ffd52bf8000 	C:\WINDOWS\SYSTEM32\urlmon.dll
0x00007ffd54480000 - 0x00007ffd54725000 	C:\WINDOWS\SYSTEM32\iertutil.dll
0x00007ffd62720000 - 0x00007ffd6272b000 	C:\WINDOWS\SYSTEM32\CRYPTBASE.DLL
0x00007ffd62550000 - 0x00007ffd625b6000 	C:\WINDOWS\system32\mswsock.dll
0x00007ffd388e0000 - 0x00007ffd388f6000 	C:\WINDOWS\system32\napinsp.dll
0x00007ffd388c0000 - 0x00007ffd388da000 	C:\WINDOWS\system32\pnrpnsp.dll
0x00007ffd5f940000 - 0x00007ffd5f959000 	C:\WINDOWS\system32\NLAapi.dll
0x00007ffd62310000 - 0x00007ffd623ce000 	C:\WINDOWS\SYSTEM32\DNSAPI.dll
0x00007ffd65a70000 - 0x00007ffd65a78000 	C:\WINDOWS\System32\NSI.dll
0x00007ffd622d0000 - 0x00007ffd62308000 	C:\WINDOWS\SYSTEM32\IPHLPAPI.DLL
0x00007ffd388b0000 - 0x00007ffd388be000 	C:\WINDOWS\System32\winrnr.dll
0x00007ffd5d660000 - 0x00007ffd5d675000 	C:\WINDOWS\System32\wshbth.dll
0x00007ffd56ec0000 - 0x00007ffd56eca000 	C:\Windows\System32\rasadhlp.dll
0x00007ffd575a0000 - 0x00007ffd57612000 	C:\WINDOWS\System32\fwpuclnt.dll
0x00007ffd62830000 - 0x00007ffd62855000 	C:\WINDOWS\SYSTEM32\bcrypt.dll
0x00007ffd55420000 - 0x00007ffd55431000 	C:\Program Files\Java\jre1.8.0_201\bin\nio.dll
0x00007ffd62700000 - 0x00007ffd62717000 	C:\WINDOWS\SYSTEM32\CRYPTSP.dll
0x00007ffd62130000 - 0x00007ffd62163000 	C:\WINDOWS\system32\rsaenh.dll
0x00007ffd62c00000 - 0x00007ffd62c28000 	C:\WINDOWS\SYSTEM32\USERENV.dll
0x00007ffd5ad70000 - 0x00007ffd5ad86000 	C:\WINDOWS\SYSTEM32\dhcpcsvc6.DLL
0x00007ffd5ad20000 - 0x00007ffd5ad3a000 	C:\WINDOWS\SYSTEM32\dhcpcsvc.DLL
0x000000006cd80000 - 0x000000006ce70000 	C:\Users\Dominique\AppData\Local\Temp\sqlite-3.16.1-f5b4516a-c8fd-4433-ac3e-58ddaeb95341-sqlitejdbc.dll
0x00007ffd43f30000 - 0x00007ffd440f9000 	C:\WINDOWS\SYSTEM32\dbghelp.dll

VM Arguments:
jvm_args: -Dfile.encoding=UTF-8 
java_command: Ascari.one.AscariCab.AscariCabApplication
java_class_path (initial): C:\Program Files\Java\jre1.8.0_201\lib\resources.jar;C:\Program Files\Java\jre1.8.0_201\lib\rt.jar;C:\Program Files\Java\jre1.8.0_201\lib\jsse.jar;C:\Program Files\Java\jre1.8.0_201\lib\jce.jar;C:\Program Files\Java\jre1.8.0_201\lib\charsets.jar;C:\Program Files\Java\jre1.8.0_201\lib\jfr.jar;C:\Program Files\Java\jre1.8.0_201\lib\ext\access-bridge-64.jar;C:\Program Files\Java\jre1.8.0_201\lib\ext\cldrdata.jar;C:\Program Files\Java\jre1.8.0_201\lib\ext\dnsns.jar;C:\Program Files\Java\jre1.8.0_201\lib\ext\jaccess.jar;C:\Program Files\Java\jre1.8.0_201\lib\ext\jfxrt.jar;C:\Program Files\Java\jre1.8.0_201\lib\ext\localedata.jar;C:\Program Files\Java\jre1.8.0_201\lib\ext\nashorn.jar;C:\Program Files\Java\jre1.8.0_201\lib\ext\sunec.jar;C:\Program Files\Java\jre1.8.0_201\lib\ext\sunjce_provider.jar;C:\Program Files\Java\jre1.8.0_201\lib\ext\sunmscapi.jar;C:\Program Files\Java\jre1.8.0_201\lib\ext\sunpkcs11.jar;C:\Program Files\Java\jre1.8.0_201\lib\ext\zipfs.jar;C:\Users\Dominique\Desktop\research\New folder\JohnnysShop\target\classes;C:\Users\Dominique\.m2\repository\org\springframework\boot\spring-boot-starter-data-jpa\2.1.3.RELEASE\spring-boot-starter-data-jpa-2.1.3.RELEASE.jar;C:\Users\Dominique\.m2\repository\org\springframework\boot\spring-boot-starter-aop\2.1.3.RELEASE\spring-boot-starter-aop-2.1.3.RELEASE.jar;C:\Users\Dominique\.m2\repository\org\springframework\spring-aop\5.1.5.RELEASE\spring-aop-5.1.5.RELEASE.jar;C:\Users\Dominique\.m2\repository\org\aspectj\aspectjweaver\1.9.2\aspectjweaver-1.9.2.jar;C:\Users\Dominique\.m2\repository\org\springframework\boot\spring-boot-starter-jdbc\2.1.3.RELEASE\spring-boot-starter-jdbc-2.1.3.RELEASE.jar;C:\Users\Dominique\.m2\repository\com\zaxxer\HikariCP\3.2.0\HikariCP-3.2.0.jar;C:\Users\Dominique\.m2\repository\org\springframework\spring-jdbc\5.1.5.RELEASE\spring-jdbc-5.1.5.RELEASE.jar;C:\Users\Dominique\.m2\repository\javax\transaction\javax.transaction-api\1.3\javax.transaction-api-1.3.jar;C:\
Launcher Type: SUN_STANDARD

Environment Variables:
JAVA_HOME=C:\Program Files\Java\jdk1.8.0_201
PATH=C:/Program Files/Java/jre1.8.0_201/bin/server;C:/Program Files/Java/jre1.8.0_201/bin;C:/Program Files/Java/jre1.8.0_201/lib/amd64;C:\Program Files (x86)\Common Files\Oracle\Java\javapath;C:\ProgramData\Oracle\Java\javapath;C:\WINDOWS\system32;C:\WINDOWS;C:\WINDOWS\System32\Wbem;C:\WINDOWS\System32\WindowsPowerShell\v1.0\;C:\Program Files (x86)\NVIDIA Corporation\PhysX\Common;C:\WINDOWS\system32;C:\WINDOWS;C:\WINDOWS\System32\Wbem;C:\WINDOWS\System32\WindowsPowerShell\v1.0\;C:\WINDOWS\System32\OpenSSH\;C:\Program Files\NVIDIA Corporation\NVIDIA NvDLISR;C:\Program Files\swipl\bin;C:\Program Files (x86)\OpenVPN\bin;C:\Program Files (x86)\sbt\bin;C:\Program Files (x86)\Yarn\bin\;C:\Program Files\nodejs\;C:\Program Files\Git\cmd;C:\Users\Dominique\Documents\apache-maven-3.6.0\bin;C:\Users\Dominique\AppData\Local\Programs\Python\Python37-32;C:\Users\Dominique\AppData\Local\Programs\Python\Python37-32\Scripts;C:\Users\Dominique\AppData\Local\Microsoft\WindowsApps;C:\Users\Dominique\AppData\Local\Yarn\bin;C:\Users\Dominique\AppData\Roaming\npm;C:\Users\Dominique\AppData\Local\Programs\Python;;C:\Users\Dominique\Desktop\JUMP FORCE [FitGirl Repack]\eclipse;
USERNAME=Dominique
OS=Windows_NT
PROCESSOR_IDENTIFIER=Intel64 Family 6 Model 158 Stepping 9, GenuineIntel



---------------  S Y S T E M  ---------------

OS: Windows 10.0 , 64 bit Build 17134 (10.0.17134.648)

CPU:total 8 (initial active 8) (4 cores per cpu, 2 threads per core) family 6 model 158 stepping 9, cmov, cx8, fxsr, mmx, sse, sse2, sse3, ssse3, sse4.1, sse4.2, popcnt, avx, avx2, aes, clmul, erms, 3dnowpref, lzcnt, ht, tsc, tscinvbit, bmi1, bmi2, adx

Memory: 4k page, physical 16655964k(6089412k free), swap 27911324k(13153192k free)

vm_info: Java HotSpot(TM) 64-Bit Server VM (25.201-b09) for windows-amd64 JRE (1.8.0_201-b09), built on Dec 15 2018 18:36:39 by "java_re" with MS VC++ 10.0 (VS2010)

time: Tue Apr 09 11:09:50 2019
timezone: Central Daylight Time
elapsed time: 443 seconds (0d 0h 7m 23s)

