#
# A fatal error has been detected by the Java Runtime Environment:
#
#  EXCEPTION_ACCESS_VIOLATION (0xc0000005) at pc=0x00007ffb06b0ee9d, pid=16300, tid=0x000000000000356c
#
# JRE version: Java(TM) SE Runtime Environment (8.0_201-b09) (build 1.8.0_201-b09)
# Java VM: Java HotSpot(TM) 64-Bit Server VM (25.201-b09 mixed mode windows-amd64 compressed oops)
# Problematic frame:
# C  [ntdll.dll+0x1ee9d]
#
# Failed to write core dump. Minidumps are not enabled by default on client versions of Windows
#
# If you would like to submit a bug report, please visit:
#   http://bugreport.java.com/bugreport/crash.jsp
# The crash happened outside the Java Virtual Machine in native code.
# See problematic frame for where to report the bug.
#

---------------  T H R E A D  ---------------

Current thread (0x000000001ec20800):  JavaThread "Finalizer" daemon [_thread_in_native, id=13676, stack(0x000000001f000000,0x000000001f100000)]

siginfo: ExceptionCode=0xc0000005, reading address 0xffffffffffffffff

Registers:
RAX=0x0000000000f3c000, RBX=0x000000002142f8f8, RCX=0x7266204c56412c65, RDX=0x000000001f0ff130
RSP=0x000000001f0ff000, RBP=0x000000001f0ff100, RSI=0x00000000214318f8, RDI=0x00000000d85a902d
R8 =0x000000002142f8f8, R9 =0x0000000000000001, R10=0x00000000032e97af, R11=0x000000006d9dcd40
R12=0x0000000000000000, R13=0x0000000027229350, R14=0x000000001f0ff130, R15=0x000000001ec20800
RIP=0x00007ffb06b0ee9d, EFLAGS=0x0000000000010206

Top of Stack: (sp=0x000000001f0ff000)
0x000000001f0ff000:   000000001ec20800 000000001ec20800
0x000000001f0ff010:   000000001f0ff0b0 000000006d9eecca
0x000000001f0ff020:   00000000032cee98 000000006cdfa0d4
0x000000001f0ff030:   0000000000000118 0000000003674d8c
0x000000001f0ff040:   000000001cce7a30 000000006d867f71
0x000000001f0ff050:   000000001f0ff558 0000000027229350
0x000000001f0ff060:   0000000000000118 00000000032e97db
0x000000001f0ff070:   00000000d85a902d 00000000032e9542
0x000000001f0ff080:   000000001ec20800 0000000027229350
0x000000001f0ff090:   000000001f0ff090 0000000025a3b508
0x000000001f0ff0a0:   000000001f0ff120 00000000032e950a
0x000000001f0ff0b0:   0000000000000003 00000006c2fa33a0
0x000000001f0ff0c0:   000000001f0ff0b0 0000000027229350
0x000000001f0ff0d0:   000000001f0ff130 000000002725b140
0x000000001f0ff0e0:   0000000000000000 0000000027229350
0x000000001f0ff0f0:   0000000000000000 000000001f0ff120 

Instructions: (pc=0x00007ffb06b0ee9d)
0x00007ffb06b0ee7d:   5e c3 f0 ff 43 38 eb c8 cc cc cc cc cc cc cc cc
0x00007ffb06b0ee8d:   cc cc cc 48 83 ec 28 65 48 8b 04 25 30 00 00 00
0x00007ffb06b0ee9d:   f0 0f ba 71 08 00 48 8b 40 48 73 12 48 89 41 10
0x00007ffb06b0eead:   33 c0 c7 41 0c 01 00 00 00 48 83 c4 28 c3 48 39 


Register to memory mapping:

RAX=0x0000000000f3c000 is an unknown value
RBX=0x000000002142f8f8 is an unknown value
RCX=0x7266204c56412c65 is an unknown value
RDX=0x000000001f0ff130 is pointing into the stack for thread: 0x000000001ec20800
RSP=0x000000001f0ff000 is pointing into the stack for thread: 0x000000001ec20800
RBP=0x000000001f0ff100 is pointing into the stack for thread: 0x000000001ec20800
RSI=0x00000000214318f8 is an unknown value
RDI=0x00000000d85a902d is an unknown value
R8 =0x000000002142f8f8 is an unknown value
R9 =0x0000000000000001 is an unknown value
R10=0x00000000032e97af is at code_begin+1295 in an Interpreter codelet
method entry point (kind = native_synchronized)  [0x00000000032e92a0, 0x00000000032e9e00]  2912 bytes
R11=0x000000006d9dcd40 is an unknown value
R12=0x0000000000000000 is an unknown value
R13={method} {0x0000000027229358} 'reset' '(J)I' in 'org/sqlite/core/NativeDB'
R14=0x000000001f0ff130 is pointing into the stack for thread: 0x000000001ec20800
R15=0x000000001ec20800 is a thread


Stack: [0x000000001f000000,0x000000001f100000],  sp=0x000000001f0ff000,  free space=1020k
Native frames: (J=compiled Java code, j=interpreted, Vv=VM code, C=native code)
C  [ntdll.dll+0x1ee9d]
C  [sqlite-3.16.1-f6a7d2e7-f54e-4a0c-9266-9cd578f6530d-sqlitejdbc.dll+0x7a0d4]
C  0x00000000032e97db

Java frames: (J=compiled Java code, j=interpreted, Vv=VM code)
j  org.sqlite.core.NativeDB.reset(J)I+0
j  org.sqlite.core.CoreResultSet.close()V+81
j  org.sqlite.jdbc4.JDBC4ResultSet.close()V+6
j  org.sqlite.jdbc3.JDBC3ResultSet.finalize()V+1
J 5026 C2 java.lang.ref.Finalizer.access$100(Ljava/lang/ref/Finalizer;Lsun/misc/JavaLangAccess;)V (6 bytes) @ 0x00000000035f2214 [0x00000000035f2040+0x1d4]
j  java.lang.ref.Finalizer$FinalizerThread.run()V+45
v  ~StubRoutines::call_stub

---------------  P R O C E S S  ---------------

Java Threads: ( => current thread )
  0x00000000269f0000 JavaThread "Secondary finalizer" [_thread_blocked, id=8968, stack(0x000000002c570000,0x000000002c670000)]
  0x00000000269f0800 JavaThread "Thread-10" [_thread_blocked, id=7884, stack(0x000000002c270000,0x000000002c370000)]
  0x00000000269fc000 JavaThread "DestroyJavaVM" [_thread_blocked, id=16464, stack(0x00000000030d0000,0x00000000031d0000)]
  0x000000001ec4b000 JavaThread "Live Reload Server" daemon [_thread_in_native, id=8620, stack(0x00000000281a0000,0x00000000282a0000)]
  0x000000001ec4e000 JavaThread "mysql-cj-abandoned-connection-cleanup" daemon [_thread_blocked, id=17284, stack(0x0000000027370000,0x0000000027470000)]
  0x000000001ecdc000 JavaThread "Service Thread" daemon [_thread_blocked, id=11468, stack(0x000000001f700000,0x000000001f800000)]
  0x000000001ec50000 JavaThread "C1 CompilerThread3" daemon [_thread_blocked, id=10960, stack(0x000000001f600000,0x000000001f700000)]
  0x000000001ec36800 JavaThread "C2 CompilerThread2" daemon [_thread_blocked, id=14224, stack(0x000000001f500000,0x000000001f600000)]
  0x000000001ec35800 JavaThread "C2 CompilerThread1" daemon [_thread_blocked, id=2572, stack(0x000000001f400000,0x000000001f500000)]
  0x000000001ec33000 JavaThread "C2 CompilerThread0" daemon [_thread_blocked, id=3184, stack(0x000000001f300000,0x000000001f400000)]
  0x000000001ec31000 JavaThread "Attach Listener" daemon [_thread_blocked, id=13136, stack(0x000000001f200000,0x000000001f300000)]
  0x000000001ec30000 JavaThread "Signal Dispatcher" daemon [_thread_blocked, id=14784, stack(0x000000001f100000,0x000000001f200000)]
=>0x000000001ec20800 JavaThread "Finalizer" daemon [_thread_in_native, id=13676, stack(0x000000001f000000,0x000000001f100000)]
  0x000000001cced800 JavaThread "Reference Handler" daemon [_thread_blocked, id=8204, stack(0x000000001eb00000,0x000000001ec00000)]

Other Threads:
  0x000000001cce9000 VMThread [stack: 0x000000001ea00000,0x000000001eb00000] [id=13948]
  0x000000001ed05800 WatcherThread [stack: 0x000000001f800000,0x000000001f900000] [id=1368]

VM state:not at safepoint (normal execution)

VM Mutex/Monitor currently owned by a thread: None

heap address: 0x00000006c1c00000, size: 4068 MB, Compressed Oops mode: Zero based, Oop shift amount: 3
Narrow klass base: 0x0000000000000000, Narrow klass shift: 3
Compressed class space size: 1073741824 Address: 0x00000007c0000000

Heap:
 PSYoungGen      total 183808K, used 1382K [0x000000076b400000, 0x0000000777880000, 0x00000007c0000000)
  eden space 166400K, 0% used [0x000000076b400000,0x000000076b559808,0x0000000775680000)
  from space 17408K, 0% used [0x0000000775680000,0x0000000775680000,0x0000000776780000)
  to   space 17408K, 0% used [0x0000000776780000,0x0000000776780000,0x0000000777880000)
 ParOldGen       total 174080K, used 20118K [0x00000006c1c00000, 0x00000006cc600000, 0x000000076b400000)
  object space 174080K, 11% used [0x00000006c1c00000,0x00000006c2fa5ba0,0x00000006cc600000)
 Metaspace       used 52804K, capacity 55054K, committed 55296K, reserved 1097728K
  class space    used 6960K, capacity 7387K, committed 7424K, reserved 1048576K

Card table byte_map: [0x0000000012690000,0x0000000012e90000] byte_map_base: 0x000000000f082000

Marking Bits: (ParMarkBitMap*) 0x000000006dfd4ce0
 Begin Bits: [0x0000000013be0000, 0x0000000017b70000)
 End Bits:   [0x0000000017b70000, 0x000000001bb00000)

Polling page: 0x0000000002f10000

CodeCache: size=245760Kb used=19859Kb max_used=19863Kb free=225900Kb
 bounds [0x00000000032d0000, 0x0000000004660000, 0x00000000122d0000]
 total_blobs=6217 nmethods=5713 adapters=415
 compilation: enabled

Compilation events (10 events):
Event: 2509.980 Thread 0x000000001ec35800 6688       4       java.lang.AbstractStringBuilder::append (144 bytes)
Event: 2509.980 Thread 0x000000001ec36800 6689       4       java.util.concurrent.locks.ReentrantLock::unlock (10 bytes)
Event: 2509.984 Thread 0x000000001ec36800 nmethod 6689 0x0000000004630fd0 code [0x0000000004631120, 0x00000000046312e8]
Event: 2509.984 Thread 0x000000001ec33000 nmethod 6686 0x000000000464e710 code [0x000000000464e860, 0x000000000464ed48]
Event: 2509.991 Thread 0x000000001ec35800 nmethod 6688 0x000000000464b250 code [0x000000000464b3c0, 0x000000000464ba98]
Event: 2510.205 Thread 0x000000001ec50000 6690       1       org.apache.tomcat.util.collections.ManagedConcurrentWeakHashMap$Key::hashCode (5 bytes)
Event: 2510.206 Thread 0x000000001ec50000 nmethod 6690 0x0000000004630c50 code [0x0000000004630da0, 0x0000000004630eb0]
Event: 2510.208 Thread 0x000000001ec50000 6691       1       org.apache.catalina.ContainerEvent::getType (5 bytes)
Event: 2510.208 Thread 0x000000001ec50000 nmethod 6691 0x00000000034b0710 code [0x00000000034b0860, 0x00000000034b0970]
Event: 2510.211 Thread 0x000000001ec50000 6692   !   3       org.apache.tomcat.util.modeler.Registry::getMBeanServer (161 bytes)

GC Heap History (10 events):
Event: 1412.482 GC heap before
{Heap before GC invocations=13 (full 3):
 PSYoungGen      total 193024K, used 5976K [0x000000076b400000, 0x0000000778200000, 0x00000007c0000000)
  eden space 175104K, 0% used [0x000000076b400000,0x000000076b400000,0x0000000775f00000)
  from space 17920K, 33% used [0x0000000777080000,0x0000000777656050,0x0000000778200000)
  to   space 17920K, 0% used [0x0000000775f00000,0x0000000775f00000,0x0000000777080000)
 ParOldGen       total 174080K, used 19013K [0x00000006c1c00000, 0x00000006cc600000, 0x000000076b400000)
  object space 174080K, 10% used [0x00000006c1c00000,0x00000006c2e91568,0x00000006cc600000)
 Metaspace       used 51851K, capacity 53994K, committed 54272K, reserved 1095680K
  class space    used 6944K, capacity 7341K, committed 7424K, reserved 1048576K
Event: 1412.608 GC heap after
Heap after GC invocations=13 (full 3):
 PSYoungGen      total 193024K, used 0K [0x000000076b400000, 0x0000000778200000, 0x00000007c0000000)
  eden space 175104K, 0% used [0x000000076b400000,0x000000076b400000,0x0000000775f00000)
  from space 17920K, 0% used [0x0000000777080000,0x0000000777080000,0x0000000778200000)
  to   space 17920K, 0% used [0x0000000775f00000,0x0000000775f00000,0x0000000777080000)
 ParOldGen       total 174080K, used 19885K [0x00000006c1c00000, 0x00000006cc600000, 0x000000076b400000)
  object space 174080K, 11% used [0x00000006c1c00000,0x00000006c2f6b5c8,0x00000006cc600000)
 Metaspace       used 51826K, capacity 53916K, committed 54272K, reserved 1095680K
  class space    used 6936K, capacity 7328K, committed 7424K, reserved 1048576K
}
Event: 1621.474 GC heap before
{Heap before GC invocations=14 (full 3):
 PSYoungGen      total 193024K, used 175104K [0x000000076b400000, 0x0000000778200000, 0x00000007c0000000)
  eden space 175104K, 100% used [0x000000076b400000,0x0000000775f00000,0x0000000775f00000)
  from space 17920K, 0% used [0x0000000777080000,0x0000000777080000,0x0000000778200000)
  to   space 17920K, 0% used [0x0000000775f00000,0x0000000775f00000,0x0000000777080000)
 ParOldGen       total 174080K, used 19885K [0x00000006c1c00000, 0x00000006cc600000, 0x000000076b400000)
  object space 174080K, 11% used [0x00000006c1c00000,0x00000006c2f6b5c8,0x00000006cc600000)
 Metaspace       used 52458K, capacity 54694K, committed 54784K, reserved 1097728K
  class space    used 6957K, capacity 7381K, committed 7424K, reserved 1048576K
Event: 1621.478 GC heap after
Heap after GC invocations=14 (full 3):
 PSYoungGen      total 176128K, used 5504K [0x000000076b400000, 0x0000000777c80000, 0x00000007c0000000)
  eden space 170496K, 0% used [0x000000076b400000,0x000000076b400000,0x0000000775a80000)
  from space 5632K, 97% used [0x0000000775f00000,0x00000007764603d8,0x0000000776480000)
  to   space 17408K, 0% used [0x0000000776b80000,0x0000000776b80000,0x0000000777c80000)
 ParOldGen       total 174080K, used 19893K [0x00000006c1c00000, 0x00000006cc600000, 0x000000076b400000)
  object space 174080K, 11% used [0x00000006c1c00000,0x00000006c2f6d5c8,0x00000006cc600000)
 Metaspace       used 52458K, capacity 54694K, committed 54784K, reserved 1097728K
  class space    used 6957K, capacity 7381K, committed 7424K, reserved 1048576K
}
Event: 2444.109 GC heap before
{Heap before GC invocations=15 (full 3):
 PSYoungGen      total 176128K, used 176000K [0x000000076b400000, 0x0000000777c80000, 0x00000007c0000000)
  eden space 170496K, 100% used [0x000000076b400000,0x0000000775a80000,0x0000000775a80000)
  from space 5632K, 97% used [0x0000000775f00000,0x00000007764603d8,0x0000000776480000)
  to   space 17408K, 0% used [0x0000000776b80000,0x0000000776b80000,0x0000000777c80000)
 ParOldGen       total 174080K, used 19893K [0x00000006c1c00000, 0x00000006cc600000, 0x000000076b400000)
  object space 174080K, 11% used [0x00000006c1c00000,0x00000006c2f6d5c8,0x00000006cc600000)
 Metaspace       used 52781K, capacity 55054K, committed 55296K, reserved 1097728K
  class space    used 6960K, capacity 7387K, committed 7424K, reserved 1048576K
Event: 2444.113 GC heap after
Heap after GC invocations=15 (full 3):
 PSYoungGen      total 179712K, used 4560K [0x000000076b400000, 0x0000000777880000, 0x00000007c0000000)
  eden space 166400K, 0% used [0x000000076b400000,0x000000076b400000,0x0000000775680000)
  from space 13312K, 34% used [0x0000000776b80000,0x0000000776ff40e0,0x0000000777880000)
  to   space 17408K, 0% used [0x0000000775680000,0x0000000775680000,0x0000000776780000)
 ParOldGen       total 174080K, used 19901K [0x00000006c1c00000, 0x00000006cc600000, 0x000000076b400000)
  object space 174080K, 11% used [0x00000006c1c00000,0x00000006c2f6f5c8,0x00000006cc600000)
 Metaspace       used 52781K, capacity 55054K, committed 55296K, reserved 1097728K
  class space    used 6960K, capacity 7387K, committed 7424K, reserved 1048576K
}
Event: 2510.212 GC heap before
{Heap before GC invocations=16 (full 3):
 PSYoungGen      total 179712K, used 22178K [0x000000076b400000, 0x0000000777880000, 0x00000007c0000000)
  eden space 166400K, 10% used [0x000000076b400000,0x000000076c534950,0x0000000775680000)
  from space 13312K, 34% used [0x0000000776b80000,0x0000000776ff40e0,0x0000000777880000)
  to   space 17408K, 0% used [0x0000000775680000,0x0000000775680000,0x0000000776780000)
 ParOldGen       total 174080K, used 19901K [0x00000006c1c00000, 0x00000006cc600000, 0x000000076b400000)
  object space 174080K, 11% used [0x00000006c1c00000,0x00000006c2f6f5c8,0x00000006cc600000)
 Metaspace       used 52804K, capacity 55060K, committed 55296K, reserved 1097728K
  class space    used 6960K, capacity 7389K, committed 7424K, reserved 1048576K
Event: 2510.215 GC heap after
Heap after GC invocations=16 (full 3):
 PSYoungGen      total 183808K, used 3057K [0x000000076b400000, 0x0000000777880000, 0x00000007c0000000)
  eden space 166400K, 0% used [0x000000076b400000,0x000000076b400000,0x0000000775680000)
  from space 17408K, 17% used [0x0000000775680000,0x000000077597c4a0,0x0000000776780000)
  to   space 17408K, 0% used [0x0000000776780000,0x0000000776780000,0x0000000777880000)
 ParOldGen       total 174080K, used 19909K [0x00000006c1c00000, 0x00000006cc600000, 0x000000076b400000)
  object space 174080K, 11% used [0x00000006c1c00000,0x00000006c2f715c8,0x00000006cc600000)
 Metaspace       used 52804K, capacity 55060K, committed 55296K, reserved 1097728K
  class space    used 6960K, capacity 7389K, committed 7424K, reserved 1048576K
}
Event: 2510.215 GC heap before
{Heap before GC invocations=17 (full 4):
 PSYoungGen      total 183808K, used 3057K [0x000000076b400000, 0x0000000777880000, 0x00000007c0000000)
  eden space 166400K, 0% used [0x000000076b400000,0x000000076b400000,0x0000000775680000)
  from space 17408K, 17% used [0x0000000775680000,0x000000077597c4a0,0x0000000776780000)
  to   space 17408K, 0% used [0x0000000776780000,0x0000000776780000,0x0000000777880000)
 ParOldGen       total 174080K, used 19909K [0x00000006c1c00000, 0x00000006cc600000, 0x000000076b400000)
  object space 174080K, 11% used [0x00000006c1c00000,0x00000006c2f715c8,0x00000006cc600000)
 Metaspace       used 52804K, capacity 55060K, committed 55296K, reserved 1097728K
  class space    used 6960K, capacity 7389K, committed 7424K, reserved 1048576K
Event: 2510.390 GC heap after
Heap after GC invocations=17 (full 4):
 PSYoungGen      total 183808K, used 0K [0x000000076b400000, 0x0000000777880000, 0x00000007c0000000)
  eden space 166400K, 0% used [0x000000076b400000,0x000000076b400000,0x0000000775680000)
  from space 17408K, 0% used [0x0000000775680000,0x0000000775680000,0x0000000776780000)
  to   space 17408K, 0% used [0x0000000776780000,0x0000000776780000,0x0000000777880000)
 ParOldGen       total 174080K, used 20118K [0x00000006c1c00000, 0x00000006cc600000, 0x000000076b400000)
  object space 174080K, 11% used [0x00000006c1c00000,0x00000006c2fa5ba0,0x00000006cc600000)
 Metaspace       used 52801K, capacity 55054K, committed 55296K, reserved 1097728K
  class space    used 6960K, capacity 7387K, committed 7424K, reserved 1048576K
}

Deoptimization events (10 events):
Event: 1412.663 Thread 0x00000000269f0800 Uncommon trap: reason=unstable_if action=reinterpret pc=0x0000000003ed1c4c method=java.util.Properties.load0(Ljava/util/Properties$LineReader;)V @ 145
Event: 1412.970 Thread 0x00000000269f0800 Uncommon trap: reason=range_check action=make_not_entrant pc=0x000000000410e180 method=java.lang.String.charAt(I)C @ 27
Event: 1413.002 Thread 0x00000000269f0800 Uncommon trap: reason=bimorphic action=maybe_recompile pc=0x0000000003c44cec method=java.util.Collections$SetFromMap.contains(Ljava/lang/Object;)Z @ 5
Event: 1413.046 Thread 0x00000000269f0800 Uncommon trap: reason=bimorphic action=maybe_recompile pc=0x0000000003c44cec method=java.util.Collections$SetFromMap.contains(Ljava/lang/Object;)Z @ 5
Event: 1413.046 Thread 0x00000000269f0800 Uncommon trap: reason=class_check action=maybe_recompile pc=0x0000000003dc60dc method=org.springframework.core.annotation.AnnotationUtils.getDeclaredAnnotations(Ljava/lang/reflect/AnnotatedElement;)[Ljava/lang/annotation/Annotation; @ 33
Event: 1413.488 Thread 0x00000000269f0800 Uncommon trap: reason=unstable_if action=reinterpret pc=0x0000000003fa6d20 method=java.util.WeakHashMap.put(Ljava/lang/Object;Ljava/lang/Object;)Ljava/lang/Object; @ 47
Event: 2013.501 Thread 0x00000000269f3800 Uncommon trap: reason=unstable_if action=reinterpret pc=0x0000000004202e48 method=java.util.concurrent.ScheduledThreadPoolExecutor$ScheduledFutureTask.compareTo(Ljava/util/concurrent/Delayed;)I @ 40
Event: 2123.270 Thread 0x00000000269f9000 Uncommon trap: reason=unstable_if action=reinterpret pc=0x000000000393002c method=java.util.concurrent.locks.ReentrantReadWriteLock$Sync.tryReleaseShared(I)Z @ 130
Event: 2132.186 Thread 0x00000000269fb000 Uncommon trap: reason=unstable_if action=reinterpret pc=0x00000000037711cc method=java.util.HashMap.putVal(ILjava/lang/Object;Ljava/lang/Object;ZZ)Ljava/lang/Object; @ 162
Event: 2510.208 Thread 0x000000001ec4e800 Uncommon trap: reason=unstable_if action=reinterpret pc=0x000000000462f8d0 method=org.apache.tomcat.util.net.NioEndpoint$Poller.timeout(IZ)V @ 109

Classes redefined (0 events):
No events

Internal exceptions (10 events):
Event: 1413.184 Thread 0x00000000269f0800 Exception <a 'java/lang/NullPointerException'> (0x0000000771384a98) thrown at [C:\re\workspace\8-2-build-windows-amd64-cygwin\jdk8u201\12322\hotspot\src\share\vm\runtime\sharedRuntime.cpp, line 605]
Event: 1413.184 Thread 0x00000000269f0800 Implicit null exception at 0x0000000003cdf995 to 0x0000000003cdff28
Event: 1413.184 Thread 0x00000000269f0800 Exception <a 'java/lang/NullPointerException'> (0x00000007713858b8) thrown at [C:\re\workspace\8-2-build-windows-amd64-cygwin\jdk8u201\12322\hotspot\src\share\vm\runtime\sharedRuntime.cpp, line 605]
Event: 1413.184 Thread 0x00000000269f0800 Implicit null exception at 0x0000000003cdf995 to 0x0000000003cdff28
Event: 1413.184 Thread 0x00000000269f0800 Exception <a 'java/lang/NullPointerException'> (0x0000000771386680) thrown at [C:\re\workspace\8-2-build-windows-amd64-cygwin\jdk8u201\12322\hotspot\src\share\vm\runtime\sharedRuntime.cpp, line 605]
Event: 1413.184 Thread 0x00000000269f0800 Implicit null exception at 0x0000000003cdf995 to 0x0000000003cdff28
Event: 1413.184 Thread 0x00000000269f0800 Exception <a 'java/lang/NullPointerException'> (0x0000000771387440) thrown at [C:\re\workspace\8-2-build-windows-amd64-cygwin\jdk8u201\12322\hotspot\src\share\vm\runtime\sharedRuntime.cpp, line 605]
Event: 1413.273 Thread 0x00000000269f0800 Exception <a 'java/lang/NullPointerException'> (0x00000007719141d8) thrown at [C:\re\workspace\8-2-build-windows-amd64-cygwin\jdk8u201\12322\hotspot\src\share\vm\interpreter\linkResolver.cpp, line 1287]
Event: 1413.277 Thread 0x00000000269f0800 Exception <a 'java/lang/NullPointerException'> (0x00000007719595e8) thrown at [C:\re\workspace\8-2-build-windows-amd64-cygwin\jdk8u201\12322\hotspot\src\share\vm\interpreter\linkResolver.cpp, line 1287]
Event: 2510.211 Thread 0x00000000269f4800 Exception <a 'java/lang/InterruptedException': sleep interrupted> (0x000000076c4e8f60) thrown at [C:\re\workspace\8-2-build-windows-amd64-cygwin\jdk8u201\12322\hotspot\src\share\vm\prims\jvm.cpp, line 3340]

Events (10 events):
Event: 2510.211 Executing VM operation: RevokeBias done
Event: 2510.211 Thread 0x00000000269f4800 Thread exited: 0x00000000269f4800
Event: 2510.211 Thread 0x00000000269f3800 Thread exited: 0x00000000269f3800
Event: 2510.211 Thread 0x00000000269f3000 Thread exited: 0x00000000269f3000
Event: 2510.212 Executing VM operation: ParallelGCSystemGC
Event: 2510.390 Executing VM operation: ParallelGCSystemGC done
Event: 2510.390 Executing VM operation: RevokeBias
Event: 2510.390 Executing VM operation: RevokeBias done
Event: 2510.390 Thread 0x000000001ec4f800 Thread exited: 0x000000001ec4f800
Event: 2510.390 Thread 0x00000000269f0000 Thread added: 0x00000000269f0000


Dynamic libraries:
0x00007ff65f4d0000 - 0x00007ff65f507000 	C:\Program Files\Java\jre1.8.0_201\bin\javaw.exe
0x00007ffb06af0000 - 0x00007ffb06cd1000 	C:\WINDOWS\SYSTEM32\ntdll.dll
0x00007ffb042a0000 - 0x00007ffb04351000 	C:\WINDOWS\System32\KERNEL32.DLL
0x00007ffb033f0000 - 0x00007ffb03663000 	C:\WINDOWS\System32\KERNELBASE.dll
0x00007ffb06900000 - 0x00007ffb069a1000 	C:\WINDOWS\System32\ADVAPI32.dll
0x00007ffb04d60000 - 0x00007ffb04dfe000 	C:\WINDOWS\System32\msvcrt.dll
0x00007ffb04450000 - 0x00007ffb044ab000 	C:\WINDOWS\System32\sechost.dll
0x00007ffb04900000 - 0x00007ffb04a24000 	C:\WINDOWS\System32\RPCRT4.dll
0x00007ffb04110000 - 0x00007ffb042a0000 	C:\WINDOWS\System32\USER32.dll
0x00007ffb033d0000 - 0x00007ffb033f0000 	C:\WINDOWS\System32\win32u.dll
0x00007ffb03f80000 - 0x00007ffb03fa8000 	C:\WINDOWS\System32\GDI32.dll
0x00007ffb036d0000 - 0x00007ffb03862000 	C:\WINDOWS\System32\gdi32full.dll
0x00007ffb032b0000 - 0x00007ffb0334f000 	C:\WINDOWS\System32\msvcp_win.dll
0x00007ffb02fc0000 - 0x00007ffb030b8000 	C:\WINDOWS\System32\ucrtbase.dll
0x00007ffaf2a20000 - 0x00007ffaf2c89000 	C:\WINDOWS\WinSxS\amd64_microsoft.windows.common-controls_6595b64144ccf1df_6.0.17134.706_none_fb43a2cb30647007\COMCTL32.dll
0x00007ffb04a30000 - 0x00007ffb04d52000 	C:\WINDOWS\System32\combase.dll
0x00007ffb03350000 - 0x00007ffb033ca000 	C:\WINDOWS\System32\bcryptPrimitives.dll
0x00007ffb04780000 - 0x00007ffb047ad000 	C:\WINDOWS\System32\IMM32.DLL
0x000000006d4e0000 - 0x000000006d5b1000 	C:\Program Files\Java\jre1.8.0_201\bin\msvcr100.dll
0x000000006d7b0000 - 0x000000006e054000 	C:\Program Files\Java\jre1.8.0_201\bin\server\jvm.dll
0x00007ffb06750000 - 0x00007ffb06758000 	C:\WINDOWS\System32\PSAPI.DLL
0x00007ffafe940000 - 0x00007ffafe963000 	C:\WINDOWS\SYSTEM32\WINMM.dll
0x00007ffafc290000 - 0x00007ffafc29a000 	C:\WINDOWS\SYSTEM32\VERSION.dll
0x00007ffaf2ee0000 - 0x00007ffaf2ee9000 	C:\WINDOWS\SYSTEM32\WSOCK32.dll
0x00007ffb046b0000 - 0x00007ffb0471c000 	C:\WINDOWS\System32\WS2_32.dll
0x00007ffafe910000 - 0x00007ffafe93a000 	C:\WINDOWS\SYSTEM32\WINMMBASE.dll
0x00007ffb02ec0000 - 0x00007ffb02f09000 	C:\WINDOWS\System32\cfgmgr32.dll
0x00007ffaf2500000 - 0x00007ffaf250f000 	C:\Program Files\Java\jre1.8.0_201\bin\verify.dll
0x00007ffad9f70000 - 0x00007ffad9f99000 	C:\Program Files\Java\jre1.8.0_201\bin\java.dll
0x00007ffaf2220000 - 0x00007ffaf2236000 	C:\Program Files\Java\jre1.8.0_201\bin\zip.dll
0x00007ffb04e00000 - 0x00007ffb06240000 	C:\WINDOWS\System32\SHELL32.dll
0x00007ffb047b0000 - 0x00007ffb04859000 	C:\WINDOWS\System32\shcore.dll
0x00007ffb03870000 - 0x00007ffb03f7d000 	C:\WINDOWS\System32\windows.storage.dll
0x00007ffb04720000 - 0x00007ffb04771000 	C:\WINDOWS\System32\shlwapi.dll
0x00007ffb02e20000 - 0x00007ffb02e31000 	C:\WINDOWS\System32\kernel.appcore.dll
0x00007ffb02ea0000 - 0x00007ffb02ebf000 	C:\WINDOWS\System32\profapi.dll
0x00007ffb02e50000 - 0x00007ffb02e9c000 	C:\WINDOWS\System32\powrprof.dll
0x00007ffb02e40000 - 0x00007ffb02e4a000 	C:\WINDOWS\System32\FLTLIB.DLL
0x00007ffacbd80000 - 0x00007ffacbd8d000 	C:\Program Files\Java\jre1.8.0_201\bin\management.dll
0x00007ffaabae0000 - 0x00007ffaabafa000 	C:\Program Files\Java\jre1.8.0_201\bin\net.dll
0x00007ffaf4e40000 - 0x00007ffaf5008000 	C:\WINDOWS\SYSTEM32\urlmon.dll
0x00007ffaf51c0000 - 0x00007ffaf5466000 	C:\WINDOWS\SYSTEM32\iertutil.dll
0x00007ffb02850000 - 0x00007ffb0285b000 	C:\WINDOWS\SYSTEM32\CRYPTBASE.DLL
0x00007ffb02680000 - 0x00007ffb026e6000 	C:\WINDOWS\system32\mswsock.dll
0x00007ffae3c80000 - 0x00007ffae3c96000 	C:\WINDOWS\system32\napinsp.dll
0x00007ffae3c60000 - 0x00007ffae3c7a000 	C:\WINDOWS\system32\pnrpnsp.dll
0x00007ffaff710000 - 0x00007ffaff729000 	C:\WINDOWS\system32\NLAapi.dll
0x00007ffb02440000 - 0x00007ffb024fe000 	C:\WINDOWS\SYSTEM32\DNSAPI.dll
0x00007ffb069e0000 - 0x00007ffb069e8000 	C:\WINDOWS\System32\NSI.dll
0x00007ffb02400000 - 0x00007ffb02438000 	C:\WINDOWS\SYSTEM32\IPHLPAPI.DLL
0x00007ffae5180000 - 0x00007ffae518e000 	C:\WINDOWS\System32\winrnr.dll
0x00007ffafdf80000 - 0x00007ffafdf95000 	C:\WINDOWS\System32\wshbth.dll
0x00007ffaf7030000 - 0x00007ffaf703a000 	C:\Windows\System32\rasadhlp.dll
0x00007ffaf76c0000 - 0x00007ffaf7732000 	C:\WINDOWS\System32\fwpuclnt.dll
0x00007ffb02960000 - 0x00007ffb02985000 	C:\WINDOWS\SYSTEM32\bcrypt.dll
0x00007ffaa94e0000 - 0x00007ffaa94f1000 	C:\Program Files\Java\jre1.8.0_201\bin\nio.dll
0x00007ffb02830000 - 0x00007ffb02847000 	C:\WINDOWS\SYSTEM32\CRYPTSP.dll
0x00007ffb02260000 - 0x00007ffb02293000 	C:\WINDOWS\system32\rsaenh.dll
0x00007ffb02d30000 - 0x00007ffb02d58000 	C:\WINDOWS\SYSTEM32\USERENV.dll
0x00007ffafdeb0000 - 0x00007ffafdec6000 	C:\WINDOWS\SYSTEM32\dhcpcsvc6.DLL
0x00007ffafde60000 - 0x00007ffafde7a000 	C:\WINDOWS\SYSTEM32\dhcpcsvc.DLL
0x000000006cd80000 - 0x000000006ce70000 	C:\Users\Dominique\AppData\Local\Temp\sqlite-3.16.1-f6a7d2e7-f54e-4a0c-9266-9cd578f6530d-sqlitejdbc.dll
0x00007ffaeff50000 - 0x00007ffaf0119000 	C:\WINDOWS\SYSTEM32\dbghelp.dll

VM Arguments:
jvm_args: -Dfile.encoding=UTF-8 
java_command: Ascari.one.AscariCab.AscariCabApplication
java_class_path (initial): C:\Program Files\Java\jre1.8.0_201\lib\resources.jar;C:\Program Files\Java\jre1.8.0_201\lib\rt.jar;C:\Program Files\Java\jre1.8.0_201\lib\jsse.jar;C:\Program Files\Java\jre1.8.0_201\lib\jce.jar;C:\Program Files\Java\jre1.8.0_201\lib\charsets.jar;C:\Program Files\Java\jre1.8.0_201\lib\jfr.jar;C:\Program Files\Java\jre1.8.0_201\lib\ext\access-bridge-64.jar;C:\Program Files\Java\jre1.8.0_201\lib\ext\cldrdata.jar;C:\Program Files\Java\jre1.8.0_201\lib\ext\dnsns.jar;C:\Program Files\Java\jre1.8.0_201\lib\ext\jaccess.jar;C:\Program Files\Java\jre1.8.0_201\lib\ext\jfxrt.jar;C:\Program Files\Java\jre1.8.0_201\lib\ext\localedata.jar;C:\Program Files\Java\jre1.8.0_201\lib\ext\nashorn.jar;C:\Program Files\Java\jre1.8.0_201\lib\ext\sunec.jar;C:\Program Files\Java\jre1.8.0_201\lib\ext\sunjce_provider.jar;C:\Program Files\Java\jre1.8.0_201\lib\ext\sunmscapi.jar;C:\Program Files\Java\jre1.8.0_201\lib\ext\sunpkcs11.jar;C:\Program Files\Java\jre1.8.0_201\lib\ext\zipfs.jar;C:\Users\Dominique\Desktop\research\New folder (3)\JohnnysShop\target\classes;C:\Users\Dominique\.m2\repository\org\springframework\boot\spring-boot-starter-data-jpa\2.1.3.RELEASE\spring-boot-starter-data-jpa-2.1.3.RELEASE.jar;C:\Users\Dominique\.m2\repository\org\springframework\boot\spring-boot-starter-aop\2.1.3.RELEASE\spring-boot-starter-aop-2.1.3.RELEASE.jar;C:\Users\Dominique\.m2\repository\org\springframework\spring-aop\5.1.5.RELEASE\spring-aop-5.1.5.RELEASE.jar;C:\Users\Dominique\.m2\repository\org\aspectj\aspectjweaver\1.9.2\aspectjweaver-1.9.2.jar;C:\Users\Dominique\.m2\repository\org\springframework\boot\spring-boot-starter-jdbc\2.1.3.RELEASE\spring-boot-starter-jdbc-2.1.3.RELEASE.jar;C:\Users\Dominique\.m2\repository\com\zaxxer\HikariCP\3.2.0\HikariCP-3.2.0.jar;C:\Users\Dominique\.m2\repository\org\springframework\spring-jdbc\5.1.5.RELEASE\spring-jdbc-5.1.5.RELEASE.jar;C:\Users\Dominique\.m2\repository\javax\transaction\javax.transaction-api\1.3\javax.transaction-api-1.3.jar
Launcher Type: SUN_STANDARD

Environment Variables:
JAVA_HOME=C:\Program Files\Java\jdk1.8.0_201
PATH=C:/Program Files/Java/jre1.8.0_201/bin/server;C:/Program Files/Java/jre1.8.0_201/bin;C:/Program Files/Java/jre1.8.0_201/lib/amd64;C:\Program Files (x86)\Common Files\Oracle\Java\javapath;C:\ProgramData\Oracle\Java\javapath;C:\WINDOWS\system32;C:\WINDOWS;C:\WINDOWS\System32\Wbem;C:\WINDOWS\System32\WindowsPowerShell\v1.0\;C:\Program Files (x86)\NVIDIA Corporation\PhysX\Common;C:\WINDOWS\system32;C:\WINDOWS;C:\WINDOWS\System32\Wbem;C:\WINDOWS\System32\WindowsPowerShell\v1.0\;C:\WINDOWS\System32\OpenSSH\;C:\Program Files\NVIDIA Corporation\NVIDIA NvDLISR;C:\Program Files\swipl\bin;C:\Program Files (x86)\OpenVPN\bin;C:\Program Files (x86)\sbt\bin;C:\Program Files (x86)\Yarn\bin\;C:\Program Files\nodejs\;C:\Program Files\Git\cmd;C:\Users\Dominique\Documents\apache-maven-3.6.0\bin;C:\Users\Dominique\AppData\Local\Programs\Python\Python37-32;C:\Users\Dominique\AppData\Local\Programs\Python\Python37-32\Scripts;C:\Users\Dominique\AppData\Local\Microsoft\WindowsApps;C:\Users\Dominique\AppData\Local\Yarn\bin;C:\Users\Dominique\AppData\Roaming\npm;C:\Users\Dominique\AppData\Local\Programs\Python;;C:\Users\Dominique\Desktop\eclipse;
USERNAME=Dominique
OS=Windows_NT
PROCESSOR_IDENTIFIER=Intel64 Family 6 Model 158 Stepping 9, GenuineIntel



---------------  S Y S T E M  ---------------

OS: Windows 10.0 , 64 bit Build 17134 (10.0.17134.706)

CPU:total 8 (initial active 8) (4 cores per cpu, 2 threads per core) family 6 model 158 stepping 9, cmov, cx8, fxsr, mmx, sse, sse2, sse3, ssse3, sse4.1, sse4.2, popcnt, avx, avx2, aes, clmul, erms, 3dnowpref, lzcnt, ht, tsc, tscinvbit, bmi1, bmi2, adx

Memory: 4k page, physical 16655964k(7970408k free), swap 29843032k(15047268k free)

vm_info: Java HotSpot(TM) 64-Bit Server VM (25.201-b09) for windows-amd64 JRE (1.8.0_201-b09), built on Dec 15 2018 18:36:39 by "java_re" with MS VC++ 10.0 (VS2010)

time: Thu Apr 11 19:41:10 2019
timezone: Central Daylight Time
elapsed time: 2510 seconds (0d 0h 41m 50s)

