#
# A fatal error has been detected by the Java Runtime Environment:
#
#  EXCEPTION_ACCESS_VIOLATION (0xc0000005) at pc=0x00007ffd669dee9d, pid=14896, tid=0x0000000000000608
#
# JRE version: Java(TM) SE Runtime Environment (8.0_201-b09) (build 1.8.0_201-b09)
# Java VM: Java HotSpot(TM) 64-Bit Server VM (25.201-b09 mixed mode windows-amd64 compressed oops)
# Problematic frame:
# C  [ntdll.dll+0x1ee9d]
#
# Failed to write core dump. Minidumps are not enabled by default on client versions of Windows
#
# If you would like to submit a bug report, please visit:
#   http://bugreport.java.com/bugreport/crash.jsp
# The crash happened outside the Java Virtual Machine in native code.
# See problematic frame for where to report the bug.
#

---------------  T H R E A D  ---------------

Current thread (0x00000000267dc800):  JavaThread "Secondary finalizer" [_thread_in_native, id=1544, stack(0x00000000296f0000,0x00000000297f0000)]

siginfo: ExceptionCode=0xc0000005, reading address 0xffffffffffffffff

Registers:
RAX=0x0000000000cb1000, RBX=0x0000000021308b98, RCX=0x7369786520746f6e, RDX=0x00000000297eee50
RSP=0x00000000297eed20, RBP=0x00000000297eee20, RSI=0x00000000212f3730, RDI=0x000000000ed92000
R8 =0x0000000021308b98, R9 =0x0000000024b5c000, R10=0x0000000002ff97af, R11=0x000000007061cd40
R12=0x0000000000000000, R13=0x00000000260db7f8, R14=0x00000000297eee50, R15=0x00000000267dc800
RIP=0x00007ffd669dee9d, EFLAGS=0x0000000000010202

Top of Stack: (sp=0x00000000297eed20)
0x00000000297eed20:   00000000267dc800 00000000267dc800
0x00000000297eed30:   00000000297eedd0 000000007062ecca
0x00000000297eed40:   0000000025903e48 000000006cdfa0d4
0x00000000297eed50:   00000006c33a4590 00000000033453d4
0x00000000297eed60:   00000000263ca580 00000000704a7f71
0x00000000297eed70:   00000000297ef3d8 00000000260db7f8
0x00000000297eed80:   00000006c33a4590 0000000002ff97db
0x00000000297eed90:   000000000ed92000 0000000002ff9542
0x00000000297eeda0:   00000000267dc800 00000000260db7f8
0x00000000297eedb0:   00000000297eedc8 00000000297eee08
0x00000000297eedc0:   0000000002fe80e0 0000000002ff950a
0x00000000297eedd0:   0000000000000003 00000006c3472438
0x00000000297eede0:   00000000297eedd0 00000000260db7f8
0x00000000297eedf0:   00000000297eee50 000000002610d708
0x00000000297eee00:   0000000000000000 00000000260db7f8
0x00000000297eee10:   0000000000000000 00000000297eee40 

Instructions: (pc=0x00007ffd669dee9d)
0x00007ffd669dee7d:   5e c3 f0 ff 43 38 eb c8 cc cc cc cc cc cc cc cc
0x00007ffd669dee8d:   cc cc cc 48 83 ec 28 65 48 8b 04 25 30 00 00 00
0x00007ffd669dee9d:   f0 0f ba 71 08 00 48 8b 40 48 73 12 48 89 41 10
0x00007ffd669deead:   33 c0 c7 41 0c 01 00 00 00 48 83 c4 28 c3 48 39 


Register to memory mapping:

RAX=0x0000000000cb1000 is an unknown value
RBX=0x0000000021308b98 is an unknown value
RCX=0x7369786520746f6e is an unknown value
RDX=0x00000000297eee50 is pointing into the stack for thread: 0x00000000267dc800
RSP=0x00000000297eed20 is pointing into the stack for thread: 0x00000000267dc800
RBP=0x00000000297eee20 is pointing into the stack for thread: 0x00000000267dc800
RSI=0x00000000212f3730 is an unknown value
RDI=0x000000000ed92000 is an unknown value
R8 =0x0000000021308b98 is an unknown value
R9 =0x0000000024b5c000 is an unknown value
R10=0x0000000002ff97af is at code_begin+1295 in an Interpreter codelet
method entry point (kind = native_synchronized)  [0x0000000002ff92a0, 0x0000000002ff9e00]  2912 bytes
R11=0x000000007061cd40 is an unknown value
R12=0x0000000000000000 is an unknown value
R13={method} {0x00000000260db800} 'reset' '(J)I' in 'org/sqlite/core/NativeDB'
R14=0x00000000297eee50 is pointing into the stack for thread: 0x00000000267dc800
R15=0x00000000267dc800 is a thread


Stack: [0x00000000296f0000,0x00000000297f0000],  sp=0x00000000297eed20,  free space=1019k
Native frames: (J=compiled Java code, j=interpreted, Vv=VM code, C=native code)
C  [ntdll.dll+0x1ee9d]
C  [sqlite-3.16.1-7f2f849f-f81f-41d2-af48-80291f0fdc09-sqlitejdbc.dll+0x7a0d4]
C  0x0000000002ff97db

Java frames: (J=compiled Java code, j=interpreted, Vv=VM code)
j  org.sqlite.core.NativeDB.reset(J)I+0
j  org.sqlite.core.CoreResultSet.close()V+81
j  org.sqlite.jdbc4.JDBC4ResultSet.close()V+6
j  org.sqlite.core.CoreStatement.internalClose()V+34
j  org.sqlite.jdbc3.JDBC3Statement.close()V+33
j  org.sqlite.jdbc4.JDBC4Statement.close()V+1
j  org.sqlite.jdbc3.JDBC3Statement.finalize()V+1
J 2732 C2 java.lang.ref.Finalizer.access$100(Ljava/lang/ref/Finalizer;Lsun/misc/JavaLangAccess;)V (6 bytes) @ 0x0000000003958d54 [0x0000000003958b80+0x1d4]
j  java.lang.ref.Finalizer$2.run()V+36
j  java.lang.Thread.run()V+11
v  ~StubRoutines::call_stub

---------------  P R O C E S S  ---------------

Java Threads: ( => current thread )
=>0x00000000267dc800 JavaThread "Secondary finalizer" [_thread_in_native, id=1544, stack(0x00000000296f0000,0x00000000297f0000)]
  0x00000000267e8000 JavaThread "Thread-5" [_thread_blocked, id=13988, stack(0x00000000293f0000,0x00000000294f0000)]
  0x00000000267e6800 JavaThread "DestroyJavaVM" [_thread_blocked, id=19560, stack(0x0000000002de0000,0x0000000002ee0000)]
  0x0000000020419000 JavaThread "Live Reload Server" daemon [_thread_in_native, id=8300, stack(0x00000000280f0000,0x00000000281f0000)]
  0x0000000020414800 JavaThread "mysql-cj-abandoned-connection-cleanup" daemon [_thread_blocked, id=12304, stack(0x0000000026220000,0x0000000026320000)]
  0x000000001ea08800 JavaThread "Service Thread" daemon [_thread_blocked, id=5948, stack(0x000000001f520000,0x000000001f620000)]
  0x000000001e97e000 JavaThread "C1 CompilerThread3" daemon [_thread_blocked, id=9208, stack(0x000000001f420000,0x000000001f520000)]
  0x000000001e970000 JavaThread "C2 CompilerThread2" daemon [_thread_blocked, id=8068, stack(0x000000001f320000,0x000000001f420000)]
  0x000000001e964000 JavaThread "C2 CompilerThread1" daemon [_thread_blocked, id=4236, stack(0x000000001f220000,0x000000001f320000)]
  0x000000001e962000 JavaThread "C2 CompilerThread0" daemon [_thread_blocked, id=1496, stack(0x000000001f120000,0x000000001f220000)]
  0x000000001e95f800 JavaThread "Attach Listener" daemon [_thread_blocked, id=2008, stack(0x000000001f020000,0x000000001f120000)]
  0x000000001ca0e800 JavaThread "Signal Dispatcher" daemon [_thread_blocked, id=20420, stack(0x000000001ef20000,0x000000001f020000)]
  0x0000000002fdd800 JavaThread "Finalizer" daemon [_thread_blocked, id=13552, stack(0x000000001ed30000,0x000000001ee30000)]
  0x000000001c9fd800 JavaThread "Reference Handler" daemon [_thread_blocked, id=9004, stack(0x000000001e830000,0x000000001e930000)]

Other Threads:
  0x000000001c9f8800 VMThread [stack: 0x000000001e730000,0x000000001e830000] [id=5388]
  0x000000001ea34000 WatcherThread [stack: 0x000000001f620000,0x000000001f720000] [id=892]

VM state:not at safepoint (normal execution)

VM Mutex/Monitor currently owned by a thread: None

heap address: 0x00000006c1c00000, size: 4068 MB, Compressed Oops mode: Zero based, Oop shift amount: 3
Narrow klass base: 0x0000000000000000, Narrow klass shift: 3
Compressed class space size: 1073741824 Address: 0x00000007c0000000

Heap:
 PSYoungGen      total 424448K, used 7055K [0x000000076b400000, 0x0000000786900000, 0x00000007c0000000)
  eden space 407040K, 1% used [0x000000076b400000,0x000000076bae3df8,0x0000000784180000)
  from space 17408K, 0% used [0x0000000785500000,0x0000000785500000,0x0000000786600000)
  to   space 19968K, 0% used [0x0000000784180000,0x0000000784180000,0x0000000785500000)
 ParOldGen       total 114176K, used 30691K [0x00000006c1c00000, 0x00000006c8b80000, 0x000000076b400000)
  object space 114176K, 26% used [0x00000006c1c00000,0x00000006c39f8df8,0x00000006c8b80000)
 Metaspace       used 50281K, capacity 52336K, committed 52816K, reserved 1095680K
  class space    used 6786K, capacity 7176K, committed 7296K, reserved 1048576K

Card table byte_map: [0x00000000123a0000,0x0000000012ba0000] byte_map_base: 0x000000000ed92000

Marking Bits: (ParMarkBitMap*) 0x0000000070c14ce0
 Begin Bits: [0x00000000138f0000, 0x0000000017880000)
 End Bits:   [0x0000000017880000, 0x000000001b810000)

Polling page: 0x00000000014e0000

CodeCache: size=245760Kb used=13505Kb max_used=15454Kb free=232254Kb
 bounds [0x0000000002fe0000, 0x0000000003f10000, 0x0000000011fe0000]
 total_blobs=4396 nmethods=3916 adapters=391
 compilation: enabled

Compilation events (10 events):
Event: 204.086 Thread 0x000000001e97e000 4622       3       java.util.concurrent.locks.ReentrantLock$Sync::tryRelease (45 bytes)
Event: 204.087 Thread 0x000000001e97e000 nmethod 4622 0x00000000031b0c50 code [0x00000000031b0de0, 0x00000000031b1388]
Event: 204.087 Thread 0x000000001e97e000 4621       1       org.springframework.util.ConcurrentReferenceHashMap::access$600 (5 bytes)
Event: 204.087 Thread 0x000000001e97e000 nmethod 4621 0x0000000003935c10 code [0x0000000003935d60, 0x0000000003935e50]
Event: 204.087 Thread 0x000000001e964000 4624   !   4       java.lang.ref.Reference::tryHandlePending (115 bytes)
Event: 204.088 Thread 0x000000001e962000 4625       4       java.util.zip.ZipFile$ZipFileInputStream::finalize (5 bytes)
Event: 204.088 Thread 0x000000001e97e000 4626       3       java.util.regex.Matcher::start (22 bytes)
Event: 204.089 Thread 0x000000001e962000 nmethod 4625 0x00000000031b09d0 code [0x00000000031b0b20, 0x00000000031b0ba8]
Event: 204.089 Thread 0x000000001e97e000 nmethod 4626 0x00000000039e1790 code [0x00000000039e1900, 0x00000000039e1b48]
Event: 204.089 Thread 0x000000001e97e000 4627       3       java.util.Formatter$Conversion::isGeneral (64 bytes)

GC Heap History (10 events):
Event: 3.035 GC heap before
{Heap before GC invocations=7 (full 1):
 PSYoungGen      total 141824K, used 140220K [0x000000076b400000, 0x000000077b280000, 0x00000007c0000000)
  eden space 131072K, 100% used [0x000000076b400000,0x0000000773400000,0x0000000773400000)
  from space 10752K, 85% used [0x0000000773400000,0x0000000773cef070,0x0000000773e80000)
  to   space 12288K, 0% used [0x000000077a680000,0x000000077a680000,0x000000077b280000)
 ParOldGen       total 81408K, used 4919K [0x00000006c1c00000, 0x00000006c6b80000, 0x000000076b400000)
  object space 81408K, 6% used [0x00000006c1c00000,0x00000006c20cde30,0x00000006c6b80000)
 Metaspace       used 33651K, capacity 35126K, committed 35452K, reserved 1079296K
  class space    used 4387K, capacity 4648K, committed 4736K, reserved 1048576K
Event: 3.048 GC heap after
Heap after GC invocations=7 (full 1):
 PSYoungGen      total 243712K, used 12279K [0x000000076b400000, 0x000000077b500000, 0x00000007c0000000)
  eden space 231424K, 0% used [0x000000076b400000,0x000000076b400000,0x0000000779600000)
  from space 12288K, 99% used [0x000000077a680000,0x000000077b27dfd8,0x000000077b280000)
  to   space 15872K, 0% used [0x0000000779600000,0x0000000779600000,0x000000077a580000)
 ParOldGen       total 81408K, used 7934K [0x00000006c1c00000, 0x00000006c6b80000, 0x000000076b400000)
  object space 81408K, 9% used [0x00000006c1c00000,0x00000006c23bfb38,0x00000006c6b80000)
 Metaspace       used 33651K, capacity 35126K, committed 35452K, reserved 1079296K
  class space    used 4387K, capacity 4648K, committed 4736K, reserved 1048576K
}
Event: 3.167 GC heap before
{Heap before GC invocations=8 (full 1):
 PSYoungGen      total 243712K, used 25900K [0x000000076b400000, 0x000000077b500000, 0x00000007c0000000)
  eden space 231424K, 5% used [0x000000076b400000,0x000000076c14d0f8,0x0000000779600000)
  from space 12288K, 99% used [0x000000077a680000,0x000000077b27dfd8,0x000000077b280000)
  to   space 15872K, 0% used [0x0000000779600000,0x0000000779600000,0x000000077a580000)
 ParOldGen       total 81408K, used 7934K [0x00000006c1c00000, 0x00000006c6b80000, 0x000000076b400000)
  object space 81408K, 9% used [0x00000006c1c00000,0x00000006c23bfb38,0x00000006c6b80000)
 Metaspace       used 34436K, capacity 35942K, committed 36048K, reserved 1081344K
  class space    used 4482K, capacity 4790K, committed 4864K, reserved 1048576K
Event: 3.176 GC heap after
Heap after GC invocations=8 (full 1):
 PSYoungGen      total 247296K, used 12960K [0x000000076b400000, 0x0000000786600000, 0x00000007c0000000)
  eden space 231424K, 0% used [0x000000076b400000,0x000000076b400000,0x0000000779600000)
  from space 15872K, 81% used [0x0000000779600000,0x000000077a2a8098,0x000000077a580000)
  to   space 17408K, 0% used [0x0000000785500000,0x0000000785500000,0x0000000786600000)
 ParOldGen       total 81408K, used 7942K [0x00000006c1c00000, 0x00000006c6b80000, 0x000000076b400000)
  object space 81408K, 9% used [0x00000006c1c00000,0x00000006c23c1b38,0x00000006c6b80000)
 Metaspace       used 34436K, capacity 35942K, committed 36048K, reserved 1081344K
  class space    used 4482K, capacity 4790K, committed 4864K, reserved 1048576K
}
Event: 3.176 GC heap before
{Heap before GC invocations=9 (full 2):
 PSYoungGen      total 247296K, used 12960K [0x000000076b400000, 0x0000000786600000, 0x00000007c0000000)
  eden space 231424K, 0% used [0x000000076b400000,0x000000076b400000,0x0000000779600000)
  from space 15872K, 81% used [0x0000000779600000,0x000000077a2a8098,0x000000077a580000)
  to   space 17408K, 0% used [0x0000000785500000,0x0000000785500000,0x0000000786600000)
 ParOldGen       total 81408K, used 7942K [0x00000006c1c00000, 0x00000006c6b80000, 0x000000076b400000)
  object space 81408K, 9% used [0x00000006c1c00000,0x00000006c23c1b38,0x00000006c6b80000)
 Metaspace       used 34436K, capacity 35942K, committed 36048K, reserved 1081344K
  class space    used 4482K, capacity 4790K, committed 4864K, reserved 1048576K
Event: 3.217 GC heap after
Heap after GC invocations=9 (full 2):
 PSYoungGen      total 247296K, used 0K [0x000000076b400000, 0x0000000786600000, 0x00000007c0000000)
  eden space 231424K, 0% used [0x000000076b400000,0x000000076b400000,0x0000000779600000)
  from space 15872K, 0% used [0x0000000779600000,0x0000000779600000,0x000000077a580000)
  to   space 17408K, 0% used [0x0000000785500000,0x0000000785500000,0x0000000786600000)
 ParOldGen       total 114176K, used 17452K [0x00000006c1c00000, 0x00000006c8b80000, 0x000000076b400000)
  object space 114176K, 15% used [0x00000006c1c00000,0x00000006c2d0b2c8,0x00000006c8b80000)
 Metaspace       used 34436K, capacity 35942K, committed 36048K, reserved 1081344K
  class space    used 4482K, capacity 4790K, committed 4864K, reserved 1048576K
}
Event: 203.952 GC heap before
{Heap before GC invocations=10 (full 2):
 PSYoungGen      total 247296K, used 231424K [0x000000076b400000, 0x0000000786600000, 0x00000007c0000000)
  eden space 231424K, 100% used [0x000000076b400000,0x0000000779600000,0x0000000779600000)
  from space 15872K, 0% used [0x0000000779600000,0x0000000779600000,0x000000077a580000)
  to   space 17408K, 0% used [0x0000000785500000,0x0000000785500000,0x0000000786600000)
 ParOldGen       total 114176K, used 17452K [0x00000006c1c00000, 0x00000006c8b80000, 0x000000076b400000)
  object space 114176K, 15% used [0x00000006c1c00000,0x00000006c2d0b2c8,0x00000006c8b80000)
 Metaspace       used 50342K, capacity 52516K, committed 52816K, reserved 1095680K
  class space    used 6804K, capacity 7210K, committed 7296K, reserved 1048576K
Event: 203.966 GC heap after
Heap after GC invocations=10 (full 2):
 PSYoungGen      total 424448K, used 17371K [0x000000076b400000, 0x0000000786900000, 0x00000007c0000000)
  eden space 407040K, 0% used [0x000000076b400000,0x000000076b400000,0x0000000784180000)
  from space 17408K, 99% used [0x0000000785500000,0x00000007865f6c00,0x0000000786600000)
  to   space 19968K, 0% used [0x0000000784180000,0x0000000784180000,0x0000000785500000)
 ParOldGen       total 114176K, used 17460K [0x00000006c1c00000, 0x00000006c8b80000, 0x000000076b400000)
  object space 114176K, 15% used [0x00000006c1c00000,0x00000006c2d0d2c8,0x00000006c8b80000)
 Metaspace       used 50342K, capacity 52516K, committed 52816K, reserved 1095680K
  class space    used 6804K, capacity 7210K, committed 7296K, reserved 1048576K
}
Event: 203.967 GC heap before
{Heap before GC invocations=11 (full 3):
 PSYoungGen      total 424448K, used 17371K [0x000000076b400000, 0x0000000786900000, 0x00000007c0000000)
  eden space 407040K, 0% used [0x000000076b400000,0x000000076b400000,0x0000000784180000)
  from space 17408K, 99% used [0x0000000785500000,0x00000007865f6c00,0x0000000786600000)
  to   space 19968K, 0% used [0x0000000784180000,0x0000000784180000,0x0000000785500000)
 ParOldGen       total 114176K, used 17460K [0x00000006c1c00000, 0x00000006c8b80000, 0x000000076b400000)
  object space 114176K, 15% used [0x00000006c1c00000,0x00000006c2d0d2c8,0x00000006c8b80000)
 Metaspace       used 50342K, capacity 52516K, committed 52816K, reserved 1095680K
  class space    used 6804K, capacity 7210K, committed 7296K, reserved 1048576K
Event: 204.085 GC heap after
Heap after GC invocations=11 (full 3):
 PSYoungGen      total 424448K, used 0K [0x000000076b400000, 0x0000000786900000, 0x00000007c0000000)
  eden space 407040K, 0% used [0x000000076b400000,0x000000076b400000,0x0000000784180000)
  from space 17408K, 0% used [0x0000000785500000,0x0000000785500000,0x0000000786600000)
  to   space 19968K, 0% used [0x0000000784180000,0x0000000784180000,0x0000000785500000)
 ParOldGen       total 114176K, used 30691K [0x00000006c1c00000, 0x00000006c8b80000, 0x000000076b400000)
  object space 114176K, 26% used [0x00000006c1c00000,0x00000006c39f8df8,0x00000006c8b80000)
 Metaspace       used 50277K, capacity 52336K, committed 52816K, reserved 1095680K
  class space    used 6784K, capacity 7176K, committed 7296K, reserved 1048576K
}

Deoptimization events (10 events):
Event: 11.732 Thread 0x00000000267df000 Uncommon trap: reason=unstable_if action=reinterpret pc=0x0000000003ac83a4 method=org.springframework.util.ConcurrentReferenceHashMap$Segment.doTask(ILjava/lang/Object;Lorg/springframework/util/ConcurrentReferenceHashMap$Task;)Ljava/lang/Object; @ 86
Event: 11.732 Thread 0x00000000267dc000 Uncommon trap: reason=unstable_if action=reinterpret pc=0x0000000003ace880 method=java.util.concurrent.locks.ReentrantLock$NonfairSync.lock()V @ 6
Event: 11.732 Thread 0x00000000267df000 Uncommon trap: reason=unstable_if action=reinterpret pc=0x0000000003ace088 method=org.springframework.util.ConcurrentReferenceHashMap$Segment.doTask(ILjava/lang/Object;Lorg/springframework/util/ConcurrentReferenceHashMap$Task;)Ljava/lang/Object; @ 86
Event: 11.821 Thread 0x00000000267dc800 Uncommon trap: reason=unstable_if action=reinterpret pc=0x0000000003d35b70 method=java.util.IdentityHashMap.maskNull(Ljava/lang/Object;)Ljava/lang/Object; @ 1
Event: 11.821 Thread 0x00000000267de000 Uncommon trap: reason=unstable_if action=reinterpret pc=0x0000000003d35b70 method=java.util.IdentityHashMap.maskNull(Ljava/lang/Object;)Ljava/lang/Object; @ 1
Event: 203.236 Thread 0x00000000267df800 Uncommon trap: reason=unstable_if action=reinterpret pc=0x0000000003ef0c78 method=java.util.AbstractCollection.containsAll(Ljava/util/Collection;)Z @ 28
Event: 203.669 Thread 0x00000000267df800 Uncommon trap: reason=unstable_if action=reinterpret pc=0x0000000003daf96c method=org.springframework.boot.devtools.filewatch.FileSnapshot.equals(Ljava/lang/Object;)Z @ 93
Event: 203.691 Thread 0x00000000267e8000 Uncommon trap: reason=unstable_if action=reinterpret pc=0x00000000033eefa8 method=java.util.concurrent.locks.ReentrantLock$Sync.tryRelease(I)Z @ 28
Event: 203.699 Thread 0x00000000267e8000 Uncommon trap: reason=unstable_if action=reinterpret pc=0x0000000003354bc4 method=java.util.concurrent.locks.ReentrantLock$Sync.tryRelease(I)Z @ 28
Event: 204.086 Thread 0x000000001c9fd800 Uncommon trap: reason=unstable_if action=reinterpret pc=0x000000000393bfb0 method=java.lang.ref.Reference.tryHandlePending(Z)Z @ 20

Classes redefined (0 events):
No events

Internal exceptions (10 events):
Event: 4.164 Thread 0x00000000202a5000 Exception <a 'java/lang/ClassNotFoundException': org/springframework/boot/autoconfigure/web/servlet/WebMvcAutoConfiguration$EnableWebMvcConfiguration$$EnhancerBySpringCGLIB$$42bd736aCustomizer> (0x0000000770c373b8) thrown at [C:\re\workspace\8-2-build-win
Event: 4.166 Thread 0x00000000202a5000 Exception <a 'java/lang/ClassNotFoundException': org/springframework/context/annotation/ConfigurationClassEnhancer$EnhancedConfigurationCustomizer> (0x0000000770c774d8) thrown at [C:\re\workspace\8-2-build-windows-amd64-cygwin\jdk8u201\12322\hotspot\src\s
Event: 4.166 Thread 0x00000000202a5000 Exception <a 'java/lang/ClassNotFoundException': org/springframework/beans/factory/BeanFactoryAwareCustomizer> (0x0000000770c8c4d0) thrown at [C:\re\workspace\8-2-build-windows-amd64-cygwin\jdk8u201\12322\hotspot\src\share\vm\classfile\systemDictionary.cp
Event: 4.167 Thread 0x00000000202a5000 Exception <a 'java/lang/ClassNotFoundException': org/springframework/beans/factory/AwareCustomizer> (0x0000000770c9ff78) thrown at [C:\re\workspace\8-2-build-windows-amd64-cygwin\jdk8u201\12322\hotspot\src\share\vm\classfile\systemDictionary.cpp, line 210
Event: 4.167 Thread 0x00000000202a5000 Exception <a 'java/lang/ClassNotFoundException': org/springframework/context/ApplicationContextAwareCustomizer> (0x0000000770cb5320) thrown at [C:\re\workspace\8-2-build-windows-amd64-cygwin\jdk8u201\12322\hotspot\src\share\vm\classfile\systemDictionary.c
Event: 4.168 Thread 0x00000000202a5000 Exception <a 'java/lang/ClassNotFoundException': org/springframework/beans/factory/AwareCustomizer> (0x0000000770cc8da0) thrown at [C:\re\workspace\8-2-build-windows-amd64-cygwin\jdk8u201\12322\hotspot\src\share\vm\classfile\systemDictionary.cpp, line 210
Event: 4.168 Thread 0x00000000202a5000 Exception <a 'java/lang/ClassNotFoundException': org/springframework/web/context/ServletContextAwareCustomizer> (0x0000000770cde090) thrown at [C:\re\workspace\8-2-build-windows-amd64-cygwin\jdk8u201\12322\hotspot\src\share\vm\classfile\systemDictionary.c
Event: 4.169 Thread 0x00000000202a5000 Exception <a 'java/lang/ClassNotFoundException': org/springframework/beans/factory/AwareCustomizer> (0x0000000770cf1580) thrown at [C:\re\workspace\8-2-build-windows-amd64-cygwin\jdk8u201\12322\hotspot\src\share\vm\classfile\systemDictionary.cpp, line 210
Event: 4.301 Thread 0x00000000202a5000 Implicit null exception at 0x0000000003de33b1 to 0x0000000003de56f9
Event: 203.951 Thread 0x0000000020417000 Exception <a 'java/lang/InterruptedException': sleep interrupted> (0x00000007795eec28) thrown at [C:\re\workspace\8-2-build-windows-amd64-cygwin\jdk8u201\12322\hotspot\src\share\vm\prims\jvm.cpp, line 3340]

Events (10 events):
Event: 204.086 Thread 0x000000001c9fd800 DEOPT UNPACKING pc=0x000000000302583b sp=0x000000001e92f3e8 mode 2
Event: 204.086 Executing VM operation: RevokeBias done
Event: 204.086 Thread 0x00000000267e5800 Thread exited: 0x00000000267e5800
Event: 204.086 loading class java/lang/ref/Finalizer$2
Event: 204.086 loading class java/lang/ref/Finalizer$2 done
Event: 204.086 loading class java/lang/ref/Finalizer$1
Event: 204.086 loading class java/lang/ref/Finalizer$1 done
Event: 204.086 Thread 0x00000000267dc800 Thread added: 0x00000000267dc800
Event: 204.086 loading class org/sqlite/SQLiteErrorCode
Event: 204.086 loading class org/sqlite/SQLiteErrorCode done


Dynamic libraries:
0x00007ff6a9cb0000 - 0x00007ff6a9ce7000 	C:\Program Files\Java\jre1.8.0_201\bin\javaw.exe
0x00007ffd669c0000 - 0x00007ffd66ba1000 	C:\WINDOWS\SYSTEM32\ntdll.dll
0x00007ffd65450000 - 0x00007ffd65502000 	C:\WINDOWS\System32\KERNEL32.DLL
0x00007ffd63b80000 - 0x00007ffd63df3000 	C:\WINDOWS\System32\KERNELBASE.dll
0x00007ffd65e90000 - 0x00007ffd65f31000 	C:\WINDOWS\System32\ADVAPI32.dll
0x00007ffd65f40000 - 0x00007ffd65fde000 	C:\WINDOWS\System32\msvcrt.dll
0x00007ffd66930000 - 0x00007ffd6698b000 	C:\WINDOWS\System32\sechost.dll
0x00007ffd65570000 - 0x00007ffd65694000 	C:\WINDOWS\System32\RPCRT4.dll
0x00007ffd65fe0000 - 0x00007ffd66170000 	C:\WINDOWS\System32\USER32.dll
0x00007ffd63ac0000 - 0x00007ffd63ae0000 	C:\WINDOWS\System32\win32u.dll
0x00007ffd65d80000 - 0x00007ffd65da8000 	C:\WINDOWS\System32\GDI32.dll
0x00007ffd63820000 - 0x00007ffd639b2000 	C:\WINDOWS\System32\gdi32full.dll
0x00007ffd63ae0000 - 0x00007ffd63b7f000 	C:\WINDOWS\System32\msvcp_win.dll
0x00007ffd639c0000 - 0x00007ffd63ab8000 	C:\WINDOWS\System32\ucrtbase.dll
0x00007ffd53380000 - 0x00007ffd535e9000 	C:\WINDOWS\WinSxS\amd64_microsoft.windows.common-controls_6595b64144ccf1df_6.0.17134.648_none_fb45a0e93062a6d2\COMCTL32.dll
0x00007ffd65740000 - 0x00007ffd65a62000 	C:\WINDOWS\System32\combase.dll
0x00007ffd63090000 - 0x00007ffd6310a000 	C:\WINDOWS\System32\bcryptPrimitives.dll
0x00007ffd65db0000 - 0x00007ffd65ddd000 	C:\WINDOWS\System32\IMM32.DLL
0x00000000701e0000 - 0x00000000702b1000 	C:\Program Files\Java\jre1.8.0_201\bin\msvcr100.dll
0x00000000703f0000 - 0x0000000070c94000 	C:\Program Files\Java\jre1.8.0_201\bin\server\jvm.dll
0x00007ffd65a80000 - 0x00007ffd65a88000 	C:\WINDOWS\System32\PSAPI.DLL
0x00007ffd5ad60000 - 0x00007ffd5ad6a000 	C:\WINDOWS\SYSTEM32\VERSION.dll
0x00007ffd60880000 - 0x00007ffd60889000 	C:\WINDOWS\SYSTEM32\WSOCK32.dll
0x00007ffd5ec60000 - 0x00007ffd5ec83000 	C:\WINDOWS\SYSTEM32\WINMM.dll
0x00007ffd66170000 - 0x00007ffd661dc000 	C:\WINDOWS\System32\WS2_32.dll
0x00007ffd5ec30000 - 0x00007ffd5ec5a000 	C:\WINDOWS\SYSTEM32\WINMMBASE.dll
0x00007ffd63e00000 - 0x00007ffd63e49000 	C:\WINDOWS\System32\cfgmgr32.dll
0x00007ffd60750000 - 0x00007ffd6075f000 	C:\Program Files\Java\jre1.8.0_201\bin\verify.dll
0x00007ffd55480000 - 0x00007ffd554a9000 	C:\Program Files\Java\jre1.8.0_201\bin\java.dll
0x00007ffd572b0000 - 0x00007ffd572c6000 	C:\Program Files\Java\jre1.8.0_201\bin\zip.dll
0x00007ffd63fb0000 - 0x00007ffd653f0000 	C:\WINDOWS\System32\SHELL32.dll
0x00007ffd65de0000 - 0x00007ffd65e89000 	C:\WINDOWS\System32\shcore.dll
0x00007ffd63110000 - 0x00007ffd6381d000 	C:\WINDOWS\System32\windows.storage.dll
0x00007ffd65b80000 - 0x00007ffd65bd1000 	C:\WINDOWS\System32\shlwapi.dll
0x00007ffd62d50000 - 0x00007ffd62d61000 	C:\WINDOWS\System32\kernel.appcore.dll
0x00007ffd62d70000 - 0x00007ffd62d8f000 	C:\WINDOWS\System32\profapi.dll
0x00007ffd62ce0000 - 0x00007ffd62d2c000 	C:\WINDOWS\System32\powrprof.dll
0x00007ffd62cd0000 - 0x00007ffd62cda000 	C:\WINDOWS\System32\FLTLIB.DLL
0x00007ffd5ecf0000 - 0x00007ffd5ecfd000 	C:\Program Files\Java\jre1.8.0_201\bin\management.dll
0x00007ffd55440000 - 0x00007ffd5545a000 	C:\Program Files\Java\jre1.8.0_201\bin\net.dll
0x00007ffd52a30000 - 0x00007ffd52bf8000 	C:\WINDOWS\SYSTEM32\urlmon.dll
0x00007ffd54480000 - 0x00007ffd54725000 	C:\WINDOWS\SYSTEM32\iertutil.dll
0x00007ffd62720000 - 0x00007ffd6272b000 	C:\WINDOWS\SYSTEM32\CRYPTBASE.DLL
0x00007ffd62550000 - 0x00007ffd625b6000 	C:\WINDOWS\system32\mswsock.dll
0x00007ffd388e0000 - 0x00007ffd388f6000 	C:\WINDOWS\system32\napinsp.dll
0x00007ffd388c0000 - 0x00007ffd388da000 	C:\WINDOWS\system32\pnrpnsp.dll
0x00007ffd5f940000 - 0x00007ffd5f959000 	C:\WINDOWS\system32\NLAapi.dll
0x00007ffd62310000 - 0x00007ffd623ce000 	C:\WINDOWS\SYSTEM32\DNSAPI.dll
0x00007ffd65a70000 - 0x00007ffd65a78000 	C:\WINDOWS\System32\NSI.dll
0x00007ffd622d0000 - 0x00007ffd62308000 	C:\WINDOWS\SYSTEM32\IPHLPAPI.DLL
0x00007ffd388b0000 - 0x00007ffd388be000 	C:\WINDOWS\System32\winrnr.dll
0x00007ffd5d660000 - 0x00007ffd5d675000 	C:\WINDOWS\System32\wshbth.dll
0x00007ffd56ec0000 - 0x00007ffd56eca000 	C:\Windows\System32\rasadhlp.dll
0x00007ffd575a0000 - 0x00007ffd57612000 	C:\WINDOWS\System32\fwpuclnt.dll
0x00007ffd62830000 - 0x00007ffd62855000 	C:\WINDOWS\SYSTEM32\bcrypt.dll
0x00007ffd55420000 - 0x00007ffd55431000 	C:\Program Files\Java\jre1.8.0_201\bin\nio.dll
0x00007ffd62700000 - 0x00007ffd62717000 	C:\WINDOWS\SYSTEM32\CRYPTSP.dll
0x00007ffd62130000 - 0x00007ffd62163000 	C:\WINDOWS\system32\rsaenh.dll
0x00007ffd62c00000 - 0x00007ffd62c28000 	C:\WINDOWS\SYSTEM32\USERENV.dll
0x00007ffd5ad70000 - 0x00007ffd5ad86000 	C:\WINDOWS\SYSTEM32\dhcpcsvc6.DLL
0x00007ffd5ad20000 - 0x00007ffd5ad3a000 	C:\WINDOWS\SYSTEM32\dhcpcsvc.DLL
0x000000006cd80000 - 0x000000006ce70000 	C:\Users\Dominique\AppData\Local\Temp\sqlite-3.16.1-7f2f849f-f81f-41d2-af48-80291f0fdc09-sqlitejdbc.dll
0x00007ffd43f30000 - 0x00007ffd440f9000 	C:\WINDOWS\SYSTEM32\dbghelp.dll

VM Arguments:
jvm_args: -Dfile.encoding=UTF-8 
java_command: Ascari.one.AscariCab.AscariCabApplication
java_class_path (initial): C:\Program Files\Java\jre1.8.0_201\lib\resources.jar;C:\Program Files\Java\jre1.8.0_201\lib\rt.jar;C:\Program Files\Java\jre1.8.0_201\lib\jsse.jar;C:\Program Files\Java\jre1.8.0_201\lib\jce.jar;C:\Program Files\Java\jre1.8.0_201\lib\charsets.jar;C:\Program Files\Java\jre1.8.0_201\lib\jfr.jar;C:\Program Files\Java\jre1.8.0_201\lib\ext\access-bridge-64.jar;C:\Program Files\Java\jre1.8.0_201\lib\ext\cldrdata.jar;C:\Program Files\Java\jre1.8.0_201\lib\ext\dnsns.jar;C:\Program Files\Java\jre1.8.0_201\lib\ext\jaccess.jar;C:\Program Files\Java\jre1.8.0_201\lib\ext\jfxrt.jar;C:\Program Files\Java\jre1.8.0_201\lib\ext\localedata.jar;C:\Program Files\Java\jre1.8.0_201\lib\ext\nashorn.jar;C:\Program Files\Java\jre1.8.0_201\lib\ext\sunec.jar;C:\Program Files\Java\jre1.8.0_201\lib\ext\sunjce_provider.jar;C:\Program Files\Java\jre1.8.0_201\lib\ext\sunmscapi.jar;C:\Program Files\Java\jre1.8.0_201\lib\ext\sunpkcs11.jar;C:\Program Files\Java\jre1.8.0_201\lib\ext\zipfs.jar;C:\Users\Dominique\Desktop\research\New folder\JohnnysShop\target\classes;C:\Users\Dominique\.m2\repository\org\springframework\boot\spring-boot-starter-data-jpa\2.1.3.RELEASE\spring-boot-starter-data-jpa-2.1.3.RELEASE.jar;C:\Users\Dominique\.m2\repository\org\springframework\boot\spring-boot-starter-aop\2.1.3.RELEASE\spring-boot-starter-aop-2.1.3.RELEASE.jar;C:\Users\Dominique\.m2\repository\org\springframework\spring-aop\5.1.5.RELEASE\spring-aop-5.1.5.RELEASE.jar;C:\Users\Dominique\.m2\repository\org\aspectj\aspectjweaver\1.9.2\aspectjweaver-1.9.2.jar;C:\Users\Dominique\.m2\repository\org\springframework\boot\spring-boot-starter-jdbc\2.1.3.RELEASE\spring-boot-starter-jdbc-2.1.3.RELEASE.jar;C:\Users\Dominique\.m2\repository\com\zaxxer\HikariCP\3.2.0\HikariCP-3.2.0.jar;C:\Users\Dominique\.m2\repository\org\springframework\spring-jdbc\5.1.5.RELEASE\spring-jdbc-5.1.5.RELEASE.jar;C:\Users\Dominique\.m2\repository\javax\transaction\javax.transaction-api\1.3\javax.transaction-api-1.3.jar;C:\
Launcher Type: SUN_STANDARD

Environment Variables:
JAVA_HOME=C:\Program Files\Java\jdk1.8.0_201
PATH=C:/Program Files/Java/jre1.8.0_201/bin/server;C:/Program Files/Java/jre1.8.0_201/bin;C:/Program Files/Java/jre1.8.0_201/lib/amd64;C:\Program Files (x86)\Common Files\Oracle\Java\javapath;C:\ProgramData\Oracle\Java\javapath;C:\WINDOWS\system32;C:\WINDOWS;C:\WINDOWS\System32\Wbem;C:\WINDOWS\System32\WindowsPowerShell\v1.0\;C:\Program Files (x86)\NVIDIA Corporation\PhysX\Common;C:\WINDOWS\system32;C:\WINDOWS;C:\WINDOWS\System32\Wbem;C:\WINDOWS\System32\WindowsPowerShell\v1.0\;C:\WINDOWS\System32\OpenSSH\;C:\Program Files\NVIDIA Corporation\NVIDIA NvDLISR;C:\Program Files\swipl\bin;C:\Program Files (x86)\OpenVPN\bin;C:\Program Files (x86)\sbt\bin;C:\Program Files (x86)\Yarn\bin\;C:\Program Files\nodejs\;C:\Program Files\Git\cmd;C:\Users\Dominique\Documents\apache-maven-3.6.0\bin;C:\Users\Dominique\AppData\Local\Programs\Python\Python37-32;C:\Users\Dominique\AppData\Local\Programs\Python\Python37-32\Scripts;C:\Users\Dominique\AppData\Local\Microsoft\WindowsApps;C:\Users\Dominique\AppData\Local\Yarn\bin;C:\Users\Dominique\AppData\Roaming\npm;C:\Users\Dominique\AppData\Local\Programs\Python;;C:\Users\Dominique\Desktop\JUMP FORCE [FitGirl Repack]\eclipse;
USERNAME=Dominique
OS=Windows_NT
PROCESSOR_IDENTIFIER=Intel64 Family 6 Model 158 Stepping 9, GenuineIntel



---------------  S Y S T E M  ---------------

OS: Windows 10.0 , 64 bit Build 17134 (10.0.17134.648)

CPU:total 8 (initial active 8) (4 cores per cpu, 2 threads per core) family 6 model 158 stepping 9, cmov, cx8, fxsr, mmx, sse, sse2, sse3, ssse3, sse4.1, sse4.2, popcnt, avx, avx2, aes, clmul, erms, 3dnowpref, lzcnt, ht, tsc, tscinvbit, bmi1, bmi2, adx

Memory: 4k page, physical 16655964k(6301564k free), swap 27911324k(12728712k free)

vm_info: Java HotSpot(TM) 64-Bit Server VM (25.201-b09) for windows-amd64 JRE (1.8.0_201-b09), built on Dec 15 2018 18:36:39 by "java_re" with MS VC++ 10.0 (VS2010)

time: Tue Apr 09 11:34:52 2019
timezone: Central Daylight Time
elapsed time: 204 seconds (0d 0h 3m 24s)

