#
# A fatal error has been detected by the Java Runtime Environment:
#
#  EXCEPTION_ACCESS_VIOLATION (0xc0000005) at pc=0x000000006cdfa0c5, pid=17960, tid=0x00000000000050b4
#
# JRE version: Java(TM) SE Runtime Environment (8.0_201-b09) (build 1.8.0_201-b09)
# Java VM: Java HotSpot(TM) 64-Bit Server VM (25.201-b09 mixed mode windows-amd64 compressed oops)
# Problematic frame:
# C  [sqlite-3.16.1-e8965309-428b-4518-bd38-03f0f9e75e1f-sqlitejdbc.dll+0x7a0c5]
#
# Failed to write core dump. Minidumps are not enabled by default on client versions of Windows
#
# If you would like to submit a bug report, please visit:
#   http://bugreport.java.com/bugreport/crash.jsp
# The crash happened outside the Java Virtual Machine in native code.
# See problematic frame for where to report the bug.
#

---------------  T H R E A D  ---------------

Current thread (0x00000000230cd000):  JavaThread "Secondary finalizer" [_thread_in_native, id=20660, stack(0x0000000029cb0000,0x0000000029db0000)]

siginfo: ExceptionCode=0xc0000005, reading address 0x0000000000000018

Registers:
RAX=0x000000006cd826d0, RBX=0x0000000021879b68, RCX=0x0000000021879b68, RDX=0x0000000029daf1f0
RSP=0x0000000029daf0f0, RBP=0x0000000029daf1c0, RSI=0x0000000000000000, RDI=0x000000000f332000
R8 =0x0000000021879b68, R9 =0x0000000000000000, R10=0x00000000035997af, R11=0x000000006d9dcd40
R12=0x0000000000000000, R13=0x0000000026531618, R14=0x0000000029daf1f0, R15=0x00000000230cd000
RIP=0x000000006cdfa0c5, EFLAGS=0x0000000000010202

Top of Stack: (sp=0x0000000029daf0f0)
0x0000000029daf0f0:   000000076b81b620 000000006d868cf9
0x0000000029daf100:   00000000253032d0 000000006d867f71
0x0000000029daf110:   0000000029daf668 0000000026531618
0x0000000029daf120:   000000076b81b620 00000000035997db
0x0000000029daf130:   000000000f332000 0000000003599542
0x0000000029daf140:   00000000230cd000 0000000026531618
0x0000000029daf150:   000000002767b948 000000006d86ac59
0x0000000029daf160:   0000000029daf668 000000000359950a
0x0000000029daf170:   0000000000000003 00000006c2f68ca8
0x0000000029daf180:   0000000029daf170 0000000026531618
0x0000000029daf190:   0000000029daf1f0 00000000265734b0
0x0000000029daf1a0:   0000000000000000 0000000026531618
0x0000000029daf1b0:   0000000000000000 0000000029daf1e0
0x0000000029daf1c0:   0000000029daf238 0000000003587da0
0x0000000029daf1d0:   0000000000000000 00000000035921d6
0x0000000029daf1e0:   0000000021879b68 0000000021879b68 

Instructions: (pc=0x000000006cdfa0c5)
0x000000006cdfa0a5:   48 83 c4 38 c3 66 0f 1f 44 00 00 56 53 48 83 ec
0x000000006cdfa0b5:   28 48 85 c9 0f 84 b1 00 00 00 48 8b 31 48 89 cb
0x000000006cdfa0c5:   48 8b 4e 18 48 85 c9 74 06 ff 15 74 df 04 00 48
0x000000006cdfa0d5:   83 bb b0 00 00 00 00 7e 0b 48 89 da 48 89 f1 e8 


Register to memory mapping:

RAX=0x000000006cd826d0 is an unknown value
RBX=0x0000000021879b68 is an unknown value
RCX=0x0000000021879b68 is an unknown value
RDX=0x0000000029daf1f0 is pointing into the stack for thread: 0x00000000230cd000
RSP=0x0000000029daf0f0 is pointing into the stack for thread: 0x00000000230cd000
RBP=0x0000000029daf1c0 is pointing into the stack for thread: 0x00000000230cd000
RSI=0x0000000000000000 is an unknown value
RDI=0x000000000f332000 is an unknown value
R8 =0x0000000021879b68 is an unknown value
R9 =0x0000000000000000 is an unknown value
R10=0x00000000035997af is at code_begin+1295 in an Interpreter codelet
method entry point (kind = native_synchronized)  [0x00000000035992a0, 0x0000000003599e00]  2912 bytes
R11=0x000000006d9dcd40 is an unknown value
R12=0x0000000000000000 is an unknown value
R13={method} {0x0000000026531620} 'reset' '(J)I' in 'org/sqlite/core/NativeDB'
R14=0x0000000029daf1f0 is pointing into the stack for thread: 0x00000000230cd000
R15=0x00000000230cd000 is a thread


Stack: [0x0000000029cb0000,0x0000000029db0000],  sp=0x0000000029daf0f0,  free space=1020k
Native frames: (J=compiled Java code, j=interpreted, Vv=VM code, C=native code)
C  [sqlite-3.16.1-e8965309-428b-4518-bd38-03f0f9e75e1f-sqlitejdbc.dll+0x7a0c5]
C  0x00000000035997db

Java frames: (J=compiled Java code, j=interpreted, Vv=VM code)
j  org.sqlite.core.NativeDB.reset(J)I+0
j  org.sqlite.core.CoreResultSet.close()V+81
j  org.sqlite.jdbc4.JDBC4ResultSet.close()V+6
j  org.sqlite.jdbc3.JDBC3ResultSet.finalize()V+1
J 3186 C2 java.lang.ref.Finalizer.access$100(Ljava/lang/ref/Finalizer;Lsun/misc/JavaLangAccess;)V (6 bytes) @ 0x00000000040c0dd4 [0x00000000040c0c00+0x1d4]
j  java.lang.ref.Finalizer$2.run()V+36
j  java.lang.Thread.run()V+11
v  ~StubRoutines::call_stub

---------------  P R O C E S S  ---------------

Java Threads: ( => current thread )
=>0x00000000230cd000 JavaThread "Secondary finalizer" [_thread_in_native, id=20660, stack(0x0000000029cb0000,0x0000000029db0000)]
  0x00000000230d8800 JavaThread "Thread-5" [_thread_blocked, id=19688, stack(0x00000000299b0000,0x0000000029ab0000)]
  0x00000000230d4000 JavaThread "DestroyJavaVM" [_thread_blocked, id=20200, stack(0x00000000032a0000,0x00000000033a0000)]
  0x000000002079e000 JavaThread "Live Reload Server" daemon [_thread_in_native, id=17316, stack(0x0000000027470000,0x0000000027570000)]
  0x00000000207a1000 JavaThread "mysql-cj-abandoned-connection-cleanup" daemon [_thread_blocked, id=17524, stack(0x0000000026670000,0x0000000026770000)]
  0x000000001ef4f800 JavaThread "Service Thread" daemon [_thread_blocked, id=19908, stack(0x000000001fa70000,0x000000001fb70000)]
  0x000000001eec8000 JavaThread "C1 CompilerThread3" daemon [_thread_blocked, id=16812, stack(0x000000001f970000,0x000000001fa70000)]
  0x000000001eec2000 JavaThread "C2 CompilerThread2" daemon [_thread_blocked, id=20308, stack(0x000000001f870000,0x000000001f970000)]
  0x000000001eebd800 JavaThread "C2 CompilerThread1" daemon [_thread_blocked, id=14548, stack(0x000000001f770000,0x000000001f870000)]
  0x000000001eebb800 JavaThread "C2 CompilerThread0" daemon [_thread_blocked, id=6460, stack(0x000000001f670000,0x000000001f770000)]
  0x000000001eeb1000 JavaThread "Attach Listener" daemon [_thread_blocked, id=16360, stack(0x000000001f570000,0x000000001f670000)]
  0x000000001eeb0000 JavaThread "Signal Dispatcher" daemon [_thread_blocked, id=16428, stack(0x000000001f470000,0x000000001f570000)]
  0x000000001eea0800 JavaThread "Finalizer" daemon [_thread_blocked, id=9640, stack(0x000000001f280000,0x000000001f380000)]
  0x000000000357c000 JavaThread "Reference Handler" daemon [_thread_blocked, id=10276, stack(0x000000001ed80000,0x000000001ee80000)]

Other Threads:
  0x000000001cf99000 VMThread [stack: 0x000000001ec80000,0x000000001ed80000] [id=8964]
  0x000000001ef72000 WatcherThread [stack: 0x000000001fb70000,0x000000001fc70000] [id=18700]

VM state:not at safepoint (normal execution)

VM Mutex/Monitor currently owned by a thread: None

heap address: 0x00000006c1c00000, size: 4068 MB, Compressed Oops mode: Zero based, Oop shift amount: 3
Narrow klass base: 0x0000000000000000, Narrow klass shift: 3
Compressed class space size: 1073741824 Address: 0x00000007c0000000

Heap:
 PSYoungGen      total 208896K, used 4963K [0x000000076b400000, 0x0000000779300000, 0x00000007c0000000)
  eden space 190464K, 2% used [0x000000076b400000,0x000000076b8d8d20,0x0000000776e00000)
  from space 18432K, 0% used [0x0000000778100000,0x0000000778100000,0x0000000779300000)
  to   space 18944K, 0% used [0x0000000776e00000,0x0000000776e00000,0x0000000778080000)
 ParOldGen       total 173568K, used 21690K [0x00000006c1c00000, 0x00000006cc580000, 0x000000076b400000)
  object space 173568K, 12% used [0x00000006c1c00000,0x00000006c312eb48,0x00000006cc580000)
 Metaspace       used 50731K, capacity 52766K, committed 53120K, reserved 1095680K
  class space    used 6812K, capacity 7209K, committed 7296K, reserved 1048576K

Card table byte_map: [0x0000000012940000,0x0000000013140000] byte_map_base: 0x000000000f332000

Marking Bits: (ParMarkBitMap*) 0x000000006dfd4ce0
 Begin Bits: [0x0000000013e90000, 0x0000000017e20000)
 End Bits:   [0x0000000017e20000, 0x000000001bdb0000)

Polling page: 0x00000000018b0000

CodeCache: size=245760Kb used=14565Kb max_used=15523Kb free=231194Kb
 bounds [0x0000000003580000, 0x00000000044c0000, 0x0000000012580000]
 total_blobs=4778 nmethods=4295 adapters=393
 compilation: enabled

Compilation events (10 events):
Event: 216.775 Thread 0x000000001eebb800 5037       4       java.util.zip.ZipFile$ZipFileInflaterInputStream::finalize (5 bytes)
Event: 216.776 Thread 0x000000001eec8000 nmethod 5032 0x000000000433e190 code [0x000000000433e3e0, 0x000000000433f488]
Event: 216.776 Thread 0x000000001eec2000 nmethod 5036 0x0000000003812010 code [0x0000000003812160, 0x00000000038121e8]
Event: 216.776 Thread 0x000000001eebb800 nmethod 5037 0x000000000387dc90 code [0x000000000387dde0, 0x000000000387de68]
Event: 216.776 Thread 0x000000001eec8000 5035   !   3       java.lang.ref.Reference::tryHandlePending (115 bytes)
Event: 216.777 Thread 0x000000001eec8000 nmethod 5035 0x00000000037f9390 code [0x00000000037f95c0, 0x00000000037fa268]
Event: 216.777 Thread 0x000000001eec8000 5034       3       java.util.concurrent.locks.ReentrantLock$Sync::tryRelease (45 bytes)
Event: 216.777 Thread 0x000000001eec8000 nmethod 5034 0x000000000433d910 code [0x000000000433daa0, 0x000000000433e048]
Event: 216.778 Thread 0x000000001eec8000 5033       1       org.springframework.util.ConcurrentReferenceHashMap::access$600 (5 bytes)
Event: 216.778 Thread 0x000000001eec8000 nmethod 5033 0x000000000433d650 code [0x000000000433d7a0, 0x000000000433d890]

GC Heap History (10 events):
Event: 2.979 GC heap before
{Heap before GC invocations=7 (full 1):
 PSYoungGen      total 134656K, used 113173K [0x000000076b400000, 0x0000000775780000, 0x00000007c0000000)
  eden space 123904K, 82% used [0x000000076b400000,0x0000000771808110,0x0000000772d00000)
  from space 10752K, 99% used [0x0000000772d00000,0x000000077377d440,0x0000000773780000)
  to   space 14336K, 0% used [0x0000000774980000,0x0000000774980000,0x0000000775780000)
 ParOldGen       total 108032K, used 10080K [0x00000006c1c00000, 0x00000006c8580000, 0x000000076b400000)
  object space 108032K, 9% used [0x00000006c1c00000,0x00000006c25d8218,0x00000006c8580000)
 Metaspace       used 33936K, capacity 35400K, committed 35456K, reserved 1079296K
  class space    used 4430K, capacity 4719K, committed 4736K, reserved 1048576K
Event: 2.988 GC heap after
Heap after GC invocations=7 (full 1):
 PSYoungGen      total 150016K, used 14315K [0x000000076b400000, 0x0000000778600000, 0x00000007c0000000)
  eden space 135680K, 0% used [0x000000076b400000,0x000000076b400000,0x0000000773880000)
  from space 14336K, 99% used [0x0000000774980000,0x000000077577adb8,0x0000000775780000)
  to   space 17408K, 0% used [0x0000000773880000,0x0000000773880000,0x0000000774980000)
 ParOldGen       total 108032K, used 10369K [0x00000006c1c00000, 0x00000006c8580000, 0x000000076b400000)
  object space 108032K, 9% used [0x00000006c1c00000,0x00000006c2620728,0x00000006c8580000)
 Metaspace       used 33936K, capacity 35400K, committed 35456K, reserved 1079296K
  class space    used 4430K, capacity 4719K, committed 4736K, reserved 1048576K
}
Event: 2.988 GC heap before
{Heap before GC invocations=8 (full 2):
 PSYoungGen      total 150016K, used 14315K [0x000000076b400000, 0x0000000778600000, 0x00000007c0000000)
  eden space 135680K, 0% used [0x000000076b400000,0x000000076b400000,0x0000000773880000)
  from space 14336K, 99% used [0x0000000774980000,0x000000077577adb8,0x0000000775780000)
  to   space 17408K, 0% used [0x0000000773880000,0x0000000773880000,0x0000000774980000)
 ParOldGen       total 108032K, used 10369K [0x00000006c1c00000, 0x00000006c8580000, 0x000000076b400000)
  object space 108032K, 9% used [0x00000006c1c00000,0x00000006c2620728,0x00000006c8580000)
 Metaspace       used 33936K, capacity 35400K, committed 35456K, reserved 1079296K
  class space    used 4430K, capacity 4719K, committed 4736K, reserved 1048576K
Event: 3.030 GC heap after
Heap after GC invocations=8 (full 2):
 PSYoungGen      total 150016K, used 0K [0x000000076b400000, 0x0000000778600000, 0x00000007c0000000)
  eden space 135680K, 0% used [0x000000076b400000,0x000000076b400000,0x0000000773880000)
  from space 14336K, 0% used [0x0000000774980000,0x0000000774980000,0x0000000775780000)
  to   space 17408K, 0% used [0x0000000773880000,0x0000000773880000,0x0000000774980000)
 ParOldGen       total 173568K, used 18946K [0x00000006c1c00000, 0x00000006cc580000, 0x000000076b400000)
  object space 173568K, 10% used [0x00000006c1c00000,0x00000006c2e809b8,0x00000006cc580000)
 Metaspace       used 33936K, capacity 35400K, committed 35456K, reserved 1079296K
  class space    used 4430K, capacity 4719K, committed 4736K, reserved 1048576K
}
Event: 4.666 GC heap before
{Heap before GC invocations=9 (full 2):
 PSYoungGen      total 150016K, used 135680K [0x000000076b400000, 0x0000000778600000, 0x00000007c0000000)
  eden space 135680K, 100% used [0x000000076b400000,0x0000000773880000,0x0000000773880000)
  from space 14336K, 0% used [0x0000000774980000,0x0000000774980000,0x0000000775780000)
  to   space 17408K, 0% used [0x0000000773880000,0x0000000773880000,0x0000000774980000)
 ParOldGen       total 173568K, used 18946K [0x00000006c1c00000, 0x00000006cc580000, 0x000000076b400000)
  object space 173568K, 10% used [0x00000006c1c00000,0x00000006c2e809b8,0x00000006cc580000)
 Metaspace       used 47085K, capacity 48966K, committed 49024K, reserved 1091584K
  class space    used 6397K, capacity 6768K, committed 6784K, reserved 1048576K
Event: 4.679 GC heap after
Heap after GC invocations=9 (full 2):
 PSYoungGen      total 153088K, used 15631K [0x000000076b400000, 0x0000000779400000, 0x00000007c0000000)
  eden space 135680K, 0% used [0x000000076b400000,0x000000076b400000,0x0000000773880000)
  from space 17408K, 89% used [0x0000000773880000,0x00000007747c3f50,0x0000000774980000)
  to   space 19456K, 0% used [0x0000000778100000,0x0000000778100000,0x0000000779400000)
 ParOldGen       total 173568K, used 18954K [0x00000006c1c00000, 0x00000006cc580000, 0x000000076b400000)
  object space 173568K, 10% used [0x00000006c1c00000,0x00000006c2e829b8,0x00000006cc580000)
 Metaspace       used 47085K, capacity 48966K, committed 49024K, reserved 1091584K
  class space    used 6397K, capacity 6768K, committed 6784K, reserved 1048576K
}
Event: 216.656 GC heap before
{Heap before GC invocations=10 (full 2):
 PSYoungGen      total 153088K, used 108748K [0x000000076b400000, 0x0000000779400000, 0x00000007c0000000)
  eden space 135680K, 68% used [0x000000076b400000,0x0000000770eef128,0x0000000773880000)
  from space 17408K, 89% used [0x0000000773880000,0x00000007747c3f50,0x0000000774980000)
  to   space 19456K, 0% used [0x0000000778100000,0x0000000778100000,0x0000000779400000)
 ParOldGen       total 173568K, used 18954K [0x00000006c1c00000, 0x00000006cc580000, 0x000000076b400000)
  object space 173568K, 10% used [0x00000006c1c00000,0x00000006c2e829b8,0x00000006cc580000)
 Metaspace       used 50768K, capacity 52876K, committed 53120K, reserved 1095680K
  class space    used 6825K, capacity 7234K, committed 7296K, reserved 1048576K
Event: 216.662 GC heap after
Heap after GC invocations=10 (full 2):
 PSYoungGen      total 208896K, used 8008K [0x000000076b400000, 0x0000000779300000, 0x00000007c0000000)
  eden space 190464K, 0% used [0x000000076b400000,0x000000076b400000,0x0000000776e00000)
  from space 18432K, 43% used [0x0000000778100000,0x00000007788d22a8,0x0000000779300000)
  to   space 18944K, 0% used [0x0000000776e00000,0x0000000776e00000,0x0000000778080000)
 ParOldGen       total 173568K, used 18962K [0x00000006c1c00000, 0x00000006cc580000, 0x000000076b400000)
  object space 173568K, 10% used [0x00000006c1c00000,0x00000006c2e849b8,0x00000006cc580000)
 Metaspace       used 50768K, capacity 52876K, committed 53120K, reserved 1095680K
  class space    used 6825K, capacity 7234K, committed 7296K, reserved 1048576K
}
Event: 216.662 GC heap before
{Heap before GC invocations=11 (full 3):
 PSYoungGen      total 208896K, used 8008K [0x000000076b400000, 0x0000000779300000, 0x00000007c0000000)
  eden space 190464K, 0% used [0x000000076b400000,0x000000076b400000,0x0000000776e00000)
  from space 18432K, 43% used [0x0000000778100000,0x00000007788d22a8,0x0000000779300000)
  to   space 18944K, 0% used [0x0000000776e00000,0x0000000776e00000,0x0000000778080000)
 ParOldGen       total 173568K, used 18962K [0x00000006c1c00000, 0x00000006cc580000, 0x000000076b400000)
  object space 173568K, 10% used [0x00000006c1c00000,0x00000006c2e849b8,0x00000006cc580000)
 Metaspace       used 50768K, capacity 52876K, committed 53120K, reserved 1095680K
  class space    used 6825K, capacity 7234K, committed 7296K, reserved 1048576K
Event: 216.775 GC heap after
Heap after GC invocations=11 (full 3):
 PSYoungGen      total 208896K, used 0K [0x000000076b400000, 0x0000000779300000, 0x00000007c0000000)
  eden space 190464K, 0% used [0x000000076b400000,0x000000076b400000,0x0000000776e00000)
  from space 18432K, 0% used [0x0000000778100000,0x0000000778100000,0x0000000779300000)
  to   space 18944K, 0% used [0x0000000776e00000,0x0000000776e00000,0x0000000778080000)
 ParOldGen       total 173568K, used 21690K [0x00000006c1c00000, 0x00000006cc580000, 0x000000076b400000)
  object space 173568K, 12% used [0x00000006c1c00000,0x00000006c312eb48,0x00000006cc580000)
 Metaspace       used 50727K, capacity 52766K, committed 53120K, reserved 1095680K
  class space    used 6810K, capacity 7209K, committed 7296K, reserved 1048576K
}

Deoptimization events (10 events):
Event: 13.353 Thread 0x00000000230ce000 Uncommon trap: reason=unstable_if action=reinterpret pc=0x0000000004187a40 method=java.nio.Buffer.limit(I)Ljava/nio/Buffer; @ 33
Event: 13.525 Thread 0x00000000230ce000 Uncommon trap: reason=unstable_if action=reinterpret pc=0x000000000408c4fc method=java.util.concurrent.locks.ReentrantLock$NonfairSync.lock()V @ 6
Event: 13.525 Thread 0x00000000230cf000 Uncommon trap: reason=unstable_if action=reinterpret pc=0x000000000408c4fc method=java.util.concurrent.locks.ReentrantLock$NonfairSync.lock()V @ 6
Event: 13.525 Thread 0x00000000230d0800 Uncommon trap: reason=unstable_if action=reinterpret pc=0x0000000003c337ec method=org.springframework.util.ConcurrentReferenceHashMap$Segment.restructureIfNecessary(Z)V @ 124
Event: 73.988 Thread 0x000000002079f000 Uncommon trap: reason=unstable_if action=reinterpret pc=0x0000000004480278 method=java.util.AbstractCollection.containsAll(Ljava/util/Collection;)Z @ 28
Event: 74.409 Thread 0x000000002079f000 Uncommon trap: reason=unstable_if action=reinterpret pc=0x00000000037c30d0 method=org.springframework.boot.devtools.filewatch.FileSnapshot.equals(Ljava/lang/Object;)Z @ 71
Event: 216.395 Thread 0x000000002079f000 Uncommon trap: reason=unstable_if action=reinterpret pc=0x0000000003b7807c method=org.springframework.boot.devtools.filewatch.FileSnapshot.equals(Ljava/lang/Object;)Z @ 93
Event: 216.414 Thread 0x00000000230d8800 Uncommon trap: reason=unstable_if action=reinterpret pc=0x0000000003b7bcb8 method=java.util.concurrent.locks.ReentrantLock$Sync.tryRelease(I)Z @ 28
Event: 216.424 Thread 0x00000000230d8800 Uncommon trap: reason=unstable_if action=reinterpret pc=0x00000000038a9484 method=java.util.concurrent.locks.ReentrantLock$Sync.tryRelease(I)Z @ 28
Event: 216.775 Thread 0x000000000357c000 Uncommon trap: reason=unstable_if action=reinterpret pc=0x0000000003c47cf0 method=java.lang.ref.Reference.tryHandlePending(Z)Z @ 20

Classes redefined (0 events):
No events

Internal exceptions (10 events):
Event: 4.097 Thread 0x000000002079f800 Exception <a 'java/lang/ClassNotFoundException': org/springframework/boot/autoconfigure/web/servlet/WebMvcAutoConfiguration$EnableWebMvcConfiguration$$EnhancerBySpringCGLIB$$871f44a4Customizer> (0x00000007709170b0) thrown at [C:\re\workspace\8-2-build-win
Event: 4.098 Thread 0x000000002079f800 Exception <a 'java/lang/ClassNotFoundException': org/springframework/context/annotation/ConfigurationClassEnhancer$EnhancedConfigurationCustomizer> (0x00000007709573b0) thrown at [C:\re\workspace\8-2-build-windows-amd64-cygwin\jdk8u201\12322\hotspot\src\s
Event: 4.099 Thread 0x000000002079f800 Exception <a 'java/lang/ClassNotFoundException': org/springframework/beans/factory/BeanFactoryAwareCustomizer> (0x000000077096c4f8) thrown at [C:\re\workspace\8-2-build-windows-amd64-cygwin\jdk8u201\12322\hotspot\src\share\vm\classfile\systemDictionary.cp
Event: 4.099 Thread 0x000000002079f800 Exception <a 'java/lang/ClassNotFoundException': org/springframework/beans/factory/AwareCustomizer> (0x00000007709800f0) thrown at [C:\re\workspace\8-2-build-windows-amd64-cygwin\jdk8u201\12322\hotspot\src\share\vm\classfile\systemDictionary.cpp, line 210
Event: 4.099 Thread 0x000000002079f800 Exception <a 'java/lang/ClassNotFoundException': org/springframework/context/ApplicationContextAwareCustomizer> (0x00000007709955a0) thrown at [C:\re\workspace\8-2-build-windows-amd64-cygwin\jdk8u201\12322\hotspot\src\share\vm\classfile\systemDictionary.c
Event: 4.100 Thread 0x000000002079f800 Exception <a 'java/lang/ClassNotFoundException': org/springframework/beans/factory/AwareCustomizer> (0x00000007709a9170) thrown at [C:\re\workspace\8-2-build-windows-amd64-cygwin\jdk8u201\12322\hotspot\src\share\vm\classfile\systemDictionary.cpp, line 210
Event: 4.100 Thread 0x000000002079f800 Exception <a 'java/lang/ClassNotFoundException': org/springframework/web/context/ServletContextAwareCustomizer> (0x00000007709be5b0) thrown at [C:\re\workspace\8-2-build-windows-amd64-cygwin\jdk8u201\12322\hotspot\src\share\vm\classfile\systemDictionary.c
Event: 4.101 Thread 0x000000002079f800 Exception <a 'java/lang/ClassNotFoundException': org/springframework/beans/factory/AwareCustomizer> (0x00000007709d1bf0) thrown at [C:\re\workspace\8-2-build-windows-amd64-cygwin\jdk8u201\12322\hotspot\src\share\vm\classfile\systemDictionary.cpp, line 210
Event: 12.556 Thread 0x00000000230cf000 Implicit null exception at 0x0000000004477190 to 0x00000000044795c1
Event: 216.655 Thread 0x000000002079a800 Exception <a 'java/lang/InterruptedException': sleep interrupted> (0x0000000770d85418) thrown at [C:\re\workspace\8-2-build-windows-amd64-cygwin\jdk8u201\12322\hotspot\src\share\vm\prims\jvm.cpp, line 3340]

Events (10 events):
Event: 216.775 Thread 0x00000000230d6800 Thread exited: 0x00000000230d6800
Event: 216.775 loading class java/lang/ref/Finalizer$2
Event: 216.775 loading class java/lang/ref/Finalizer$2 done
Event: 216.775 loading class java/lang/ref/Finalizer$1
Event: 216.775 loading class java/lang/ref/Finalizer$1 done
Event: 216.776 Thread 0x00000000230cd000 Thread added: 0x00000000230cd000
Event: 216.776 loading class org/sqlite/SQLiteErrorCode
Event: 216.776 loading class org/sqlite/SQLiteErrorCode done
Event: 216.776 Thread 0x000000001eec8000 flushing nmethod 0x0000000003703890
Event: 216.778 Thread 0x000000001eec8000 flushing nmethod 0x0000000003871990


Dynamic libraries:
0x00007ff65f4d0000 - 0x00007ff65f507000 	C:\Program Files\Java\jre1.8.0_201\bin\javaw.exe
0x00007ffb06af0000 - 0x00007ffb06cd1000 	C:\WINDOWS\SYSTEM32\ntdll.dll
0x00007ffb042a0000 - 0x00007ffb04351000 	C:\WINDOWS\System32\KERNEL32.DLL
0x00007ffb033f0000 - 0x00007ffb03663000 	C:\WINDOWS\System32\KERNELBASE.dll
0x00007ffb06900000 - 0x00007ffb069a1000 	C:\WINDOWS\System32\ADVAPI32.dll
0x00007ffb04d60000 - 0x00007ffb04dfe000 	C:\WINDOWS\System32\msvcrt.dll
0x00007ffb04450000 - 0x00007ffb044ab000 	C:\WINDOWS\System32\sechost.dll
0x00007ffb04900000 - 0x00007ffb04a24000 	C:\WINDOWS\System32\RPCRT4.dll
0x00007ffb04110000 - 0x00007ffb042a0000 	C:\WINDOWS\System32\USER32.dll
0x00007ffb033d0000 - 0x00007ffb033f0000 	C:\WINDOWS\System32\win32u.dll
0x00007ffb03f80000 - 0x00007ffb03fa8000 	C:\WINDOWS\System32\GDI32.dll
0x00007ffb036d0000 - 0x00007ffb03862000 	C:\WINDOWS\System32\gdi32full.dll
0x00007ffb032b0000 - 0x00007ffb0334f000 	C:\WINDOWS\System32\msvcp_win.dll
0x00007ffb02fc0000 - 0x00007ffb030b8000 	C:\WINDOWS\System32\ucrtbase.dll
0x00007ffaf2a20000 - 0x00007ffaf2c89000 	C:\WINDOWS\WinSxS\amd64_microsoft.windows.common-controls_6595b64144ccf1df_6.0.17134.706_none_fb43a2cb30647007\COMCTL32.dll
0x00007ffb04a30000 - 0x00007ffb04d52000 	C:\WINDOWS\System32\combase.dll
0x00007ffb03350000 - 0x00007ffb033ca000 	C:\WINDOWS\System32\bcryptPrimitives.dll
0x00007ffb04780000 - 0x00007ffb047ad000 	C:\WINDOWS\System32\IMM32.DLL
0x000000006d4e0000 - 0x000000006d5b1000 	C:\Program Files\Java\jre1.8.0_201\bin\msvcr100.dll
0x000000006d7b0000 - 0x000000006e054000 	C:\Program Files\Java\jre1.8.0_201\bin\server\jvm.dll
0x00007ffb06750000 - 0x00007ffb06758000 	C:\WINDOWS\System32\PSAPI.DLL
0x00007ffaf2ee0000 - 0x00007ffaf2ee9000 	C:\WINDOWS\SYSTEM32\WSOCK32.dll
0x00007ffafc290000 - 0x00007ffafc29a000 	C:\WINDOWS\SYSTEM32\VERSION.dll
0x00007ffafe940000 - 0x00007ffafe963000 	C:\WINDOWS\SYSTEM32\WINMM.dll
0x00007ffb046b0000 - 0x00007ffb0471c000 	C:\WINDOWS\System32\WS2_32.dll
0x00007ffafe910000 - 0x00007ffafe93a000 	C:\WINDOWS\SYSTEM32\winmmbase.dll
0x00007ffb02ec0000 - 0x00007ffb02f09000 	C:\WINDOWS\System32\cfgmgr32.dll
0x00007ffaf2500000 - 0x00007ffaf250f000 	C:\Program Files\Java\jre1.8.0_201\bin\verify.dll
0x00007ffad9f70000 - 0x00007ffad9f99000 	C:\Program Files\Java\jre1.8.0_201\bin\java.dll
0x00007ffaf2220000 - 0x00007ffaf2236000 	C:\Program Files\Java\jre1.8.0_201\bin\zip.dll
0x00007ffb04e00000 - 0x00007ffb06240000 	C:\WINDOWS\System32\SHELL32.dll
0x00007ffb047b0000 - 0x00007ffb04859000 	C:\WINDOWS\System32\shcore.dll
0x00007ffb03870000 - 0x00007ffb03f7d000 	C:\WINDOWS\System32\windows.storage.dll
0x00007ffb04720000 - 0x00007ffb04771000 	C:\WINDOWS\System32\shlwapi.dll
0x00007ffb02e20000 - 0x00007ffb02e31000 	C:\WINDOWS\System32\kernel.appcore.dll
0x00007ffb02ea0000 - 0x00007ffb02ebf000 	C:\WINDOWS\System32\profapi.dll
0x00007ffb02e50000 - 0x00007ffb02e9c000 	C:\WINDOWS\System32\powrprof.dll
0x00007ffb02e40000 - 0x00007ffb02e4a000 	C:\WINDOWS\System32\FLTLIB.DLL
0x00007ffacbd80000 - 0x00007ffacbd8d000 	C:\Program Files\Java\jre1.8.0_201\bin\management.dll
0x00007ffaabae0000 - 0x00007ffaabafa000 	C:\Program Files\Java\jre1.8.0_201\bin\net.dll
0x00007ffaf4e40000 - 0x00007ffaf5008000 	C:\WINDOWS\SYSTEM32\urlmon.dll
0x00007ffaf51c0000 - 0x00007ffaf5466000 	C:\WINDOWS\SYSTEM32\iertutil.dll
0x00007ffb02850000 - 0x00007ffb0285b000 	C:\WINDOWS\SYSTEM32\CRYPTBASE.DLL
0x00007ffb02680000 - 0x00007ffb026e6000 	C:\WINDOWS\system32\mswsock.dll
0x00007ffae3c80000 - 0x00007ffae3c96000 	C:\WINDOWS\system32\napinsp.dll
0x00007ffae3c60000 - 0x00007ffae3c7a000 	C:\WINDOWS\system32\pnrpnsp.dll
0x00007ffaff710000 - 0x00007ffaff729000 	C:\WINDOWS\system32\NLAapi.dll
0x00007ffb02440000 - 0x00007ffb024fe000 	C:\WINDOWS\SYSTEM32\DNSAPI.dll
0x00007ffb069e0000 - 0x00007ffb069e8000 	C:\WINDOWS\System32\NSI.dll
0x00007ffb02400000 - 0x00007ffb02438000 	C:\WINDOWS\SYSTEM32\IPHLPAPI.DLL
0x00007ffae5180000 - 0x00007ffae518e000 	C:\WINDOWS\System32\winrnr.dll
0x00007ffafdf80000 - 0x00007ffafdf95000 	C:\WINDOWS\System32\wshbth.dll
0x00007ffaf7030000 - 0x00007ffaf703a000 	C:\Windows\System32\rasadhlp.dll
0x00007ffaf76c0000 - 0x00007ffaf7732000 	C:\WINDOWS\System32\fwpuclnt.dll
0x00007ffb02960000 - 0x00007ffb02985000 	C:\WINDOWS\SYSTEM32\bcrypt.dll
0x00007ffaa94e0000 - 0x00007ffaa94f1000 	C:\Program Files\Java\jre1.8.0_201\bin\nio.dll
0x00007ffb02830000 - 0x00007ffb02847000 	C:\WINDOWS\SYSTEM32\CRYPTSP.dll
0x00007ffb02260000 - 0x00007ffb02293000 	C:\WINDOWS\system32\rsaenh.dll
0x00007ffb02d30000 - 0x00007ffb02d58000 	C:\WINDOWS\SYSTEM32\USERENV.dll
0x00007ffafdeb0000 - 0x00007ffafdec6000 	C:\WINDOWS\SYSTEM32\dhcpcsvc6.DLL
0x00007ffafde60000 - 0x00007ffafde7a000 	C:\WINDOWS\SYSTEM32\dhcpcsvc.DLL
0x000000006cd80000 - 0x000000006ce70000 	C:\Users\Dominique\AppData\Local\Temp\sqlite-3.16.1-e8965309-428b-4518-bd38-03f0f9e75e1f-sqlitejdbc.dll
0x00007ffaeff50000 - 0x00007ffaf0119000 	C:\WINDOWS\SYSTEM32\dbghelp.dll

VM Arguments:
jvm_args: -Dfile.encoding=UTF-8 
java_command: Ascari.one.AscariCab.AscariCabApplication
java_class_path (initial): C:\Program Files\Java\jre1.8.0_201\lib\resources.jar;C:\Program Files\Java\jre1.8.0_201\lib\rt.jar;C:\Program Files\Java\jre1.8.0_201\lib\jsse.jar;C:\Program Files\Java\jre1.8.0_201\lib\jce.jar;C:\Program Files\Java\jre1.8.0_201\lib\charsets.jar;C:\Program Files\Java\jre1.8.0_201\lib\jfr.jar;C:\Program Files\Java\jre1.8.0_201\lib\ext\access-bridge-64.jar;C:\Program Files\Java\jre1.8.0_201\lib\ext\cldrdata.jar;C:\Program Files\Java\jre1.8.0_201\lib\ext\dnsns.jar;C:\Program Files\Java\jre1.8.0_201\lib\ext\jaccess.jar;C:\Program Files\Java\jre1.8.0_201\lib\ext\jfxrt.jar;C:\Program Files\Java\jre1.8.0_201\lib\ext\localedata.jar;C:\Program Files\Java\jre1.8.0_201\lib\ext\nashorn.jar;C:\Program Files\Java\jre1.8.0_201\lib\ext\sunec.jar;C:\Program Files\Java\jre1.8.0_201\lib\ext\sunjce_provider.jar;C:\Program Files\Java\jre1.8.0_201\lib\ext\sunmscapi.jar;C:\Program Files\Java\jre1.8.0_201\lib\ext\sunpkcs11.jar;C:\Program Files\Java\jre1.8.0_201\lib\ext\zipfs.jar;C:\Users\Dominique\Desktop\research\New folder (3)\JohnnysShop\target\classes;C:\Users\Dominique\.m2\repository\org\springframework\boot\spring-boot-starter-data-jpa\2.1.3.RELEASE\spring-boot-starter-data-jpa-2.1.3.RELEASE.jar;C:\Users\Dominique\.m2\repository\org\springframework\boot\spring-boot-starter-aop\2.1.3.RELEASE\spring-boot-starter-aop-2.1.3.RELEASE.jar;C:\Users\Dominique\.m2\repository\org\springframework\spring-aop\5.1.5.RELEASE\spring-aop-5.1.5.RELEASE.jar;C:\Users\Dominique\.m2\repository\org\aspectj\aspectjweaver\1.9.2\aspectjweaver-1.9.2.jar;C:\Users\Dominique\.m2\repository\org\springframework\boot\spring-boot-starter-jdbc\2.1.3.RELEASE\spring-boot-starter-jdbc-2.1.3.RELEASE.jar;C:\Users\Dominique\.m2\repository\com\zaxxer\HikariCP\3.2.0\HikariCP-3.2.0.jar;C:\Users\Dominique\.m2\repository\org\springframework\spring-jdbc\5.1.5.RELEASE\spring-jdbc-5.1.5.RELEASE.jar;C:\Users\Dominique\.m2\repository\javax\transaction\javax.transaction-api\1.3\javax.transaction-api-1.3.jar
Launcher Type: SUN_STANDARD

Environment Variables:
JAVA_HOME=C:\Program Files\Java\jdk1.8.0_201
PATH=C:/Program Files/Java/jre1.8.0_201/bin/server;C:/Program Files/Java/jre1.8.0_201/bin;C:/Program Files/Java/jre1.8.0_201/lib/amd64;C:\Program Files (x86)\Common Files\Oracle\Java\javapath;C:\ProgramData\Oracle\Java\javapath;C:\WINDOWS\system32;C:\WINDOWS;C:\WINDOWS\System32\Wbem;C:\WINDOWS\System32\WindowsPowerShell\v1.0\;C:\Program Files (x86)\NVIDIA Corporation\PhysX\Common;C:\WINDOWS\system32;C:\WINDOWS;C:\WINDOWS\System32\Wbem;C:\WINDOWS\System32\WindowsPowerShell\v1.0\;C:\WINDOWS\System32\OpenSSH\;C:\Program Files\NVIDIA Corporation\NVIDIA NvDLISR;C:\Program Files\swipl\bin;C:\Program Files (x86)\OpenVPN\bin;C:\Program Files (x86)\sbt\bin;C:\Program Files (x86)\Yarn\bin\;C:\Program Files\nodejs\;C:\Program Files\Git\cmd;C:\Users\Dominique\Documents\apache-maven-3.6.0\bin;C:\Users\Dominique\AppData\Local\Programs\Python\Python37-32;C:\Users\Dominique\AppData\Local\Programs\Python\Python37-32\Scripts;C:\Users\Dominique\AppData\Local\Microsoft\WindowsApps;C:\Users\Dominique\AppData\Local\Yarn\bin;C:\Users\Dominique\AppData\Roaming\npm;C:\Users\Dominique\AppData\Local\Programs\Python;;C:\Users\Dominique\Desktop\eclipse;
USERNAME=Dominique
OS=Windows_NT
PROCESSOR_IDENTIFIER=Intel64 Family 6 Model 158 Stepping 9, GenuineIntel



---------------  S Y S T E M  ---------------

OS: Windows 10.0 , 64 bit Build 17134 (10.0.17134.706)

CPU:total 8 (initial active 8) (4 cores per cpu, 2 threads per core) family 6 model 158 stepping 9, cmov, cx8, fxsr, mmx, sse, sse2, sse3, ssse3, sse4.1, sse4.2, popcnt, avx, avx2, aes, clmul, erms, 3dnowpref, lzcnt, ht, tsc, tscinvbit, bmi1, bmi2, adx

Memory: 4k page, physical 16655964k(6684008k free), swap 29843032k(14052808k free)

vm_info: Java HotSpot(TM) 64-Bit Server VM (25.201-b09) for windows-amd64 JRE (1.8.0_201-b09), built on Dec 15 2018 18:36:39 by "java_re" with MS VC++ 10.0 (VS2010)

time: Fri Apr 12 09:25:18 2019
timezone: Central Daylight Time
elapsed time: 216 seconds (0d 0h 3m 36s)

