#
# A fatal error has been detected by the Java Runtime Environment:
#
#  EXCEPTION_ACCESS_VIOLATION (0xc0000005) at pc=0x00007ffd669dee9d, pid=4984, tid=0x00000000000017ac
#
# JRE version: Java(TM) SE Runtime Environment (8.0_201-b09) (build 1.8.0_201-b09)
# Java VM: Java HotSpot(TM) 64-Bit Server VM (25.201-b09 mixed mode windows-amd64 compressed oops)
# Problematic frame:
# C  [ntdll.dll+0x1ee9d]
#
# Failed to write core dump. Minidumps are not enabled by default on client versions of Windows
#
# If you would like to submit a bug report, please visit:
#   http://bugreport.java.com/bugreport/crash.jsp
# The crash happened outside the Java Virtual Machine in native code.
# See problematic frame for where to report the bug.
#

---------------  T H R E A D  ---------------

Current thread (0x000000001f2e5800):  JavaThread "Secondary finalizer" [_thread_in_native, id=6060, stack(0x000000002a160000,0x000000002a260000)]

siginfo: ExceptionCode=0xc0000005, reading address 0xffffffffffffffff

Registers:
RAX=0x00000000007bc000, RBX=0x0000000020db8b98, RCX=0x7369786520746f6e, RDX=0x000000002a25f180
RSP=0x000000002a25f050, RBP=0x000000002a25f150, RSI=0x0000000020da3730, RDI=0x0000000000000003
R8 =0x0000000020db8b98, R9 =0x0000000023333b00, R10=0x0000000002af97af, R11=0x000000007061cd40
R12=0x0000000000000000, R13=0x0000000026d0cd68, R14=0x000000002a25f180, R15=0x000000001f2e5800
RIP=0x00007ffd669dee9d, EFLAGS=0x0000000000010206

Top of Stack: (sp=0x000000002a25f050)
0x000000002a25f050:   000000001f2e5800 000000001f2e5800
0x000000002a25f060:   000000002a25f100 000000007062ecca
0x000000002a25f070:   000000002679ba48 000000006cdfa0d4
0x000000002a25f080:   00000006c2d51210 000000007060deb1
0x000000002a25f090:   000000001fcee380 00000000704a7f71
0x000000002a25f0a0:   000000002a25f708 0000000026d0cd68
0x000000002a25f0b0:   00000006c2d51210 0000000002af97db
0x000000002a25f0c0:   0000000000000003 0000000002af9542
0x000000002a25f0d0:   000000001f2e5800 0000000026d0cd68
0x000000002a25f0e0:   0000000000000019 000000007062dc65
0x000000002a25f0f0:   0000000002ae80e0 0000000002af950a
0x000000002a25f100:   0000000000000003 00000006c308d218
0x000000002a25f110:   000000002a25f100 0000000026d0cd68
0x000000002a25f120:   000000002a25f180 0000000026d3ea48
0x000000002a25f130:   0000000000000000 0000000026d0cd68
0x000000002a25f140:   0000000000000000 000000002a25f170 

Instructions: (pc=0x00007ffd669dee9d)
0x00007ffd669dee7d:   5e c3 f0 ff 43 38 eb c8 cc cc cc cc cc cc cc cc
0x00007ffd669dee8d:   cc cc cc 48 83 ec 28 65 48 8b 04 25 30 00 00 00
0x00007ffd669dee9d:   f0 0f ba 71 08 00 48 8b 40 48 73 12 48 89 41 10
0x00007ffd669deead:   33 c0 c7 41 0c 01 00 00 00 48 83 c4 28 c3 48 39 


Register to memory mapping:

RAX=0x00000000007bc000 is an unknown value
RBX=0x0000000020db8b98 is an unknown value
RCX=0x7369786520746f6e is an unknown value
RDX=0x000000002a25f180 is pointing into the stack for thread: 0x000000001f2e5800
RSP=0x000000002a25f050 is pointing into the stack for thread: 0x000000001f2e5800
RBP=0x000000002a25f150 is pointing into the stack for thread: 0x000000001f2e5800
RSI=0x0000000020da3730 is an unknown value
RDI=0x0000000000000003 is an unknown value
R8 =0x0000000020db8b98 is an unknown value
R9 =0x0000000023333b00 is an unknown value
R10=0x0000000002af97af is at code_begin+1295 in an Interpreter codelet
method entry point (kind = native_synchronized)  [0x0000000002af92a0, 0x0000000002af9e00]  2912 bytes
R11=0x000000007061cd40 is an unknown value
R12=0x0000000000000000 is an unknown value
R13={method} {0x0000000026d0cd70} 'reset' '(J)I' in 'org/sqlite/core/NativeDB'
R14=0x000000002a25f180 is pointing into the stack for thread: 0x000000001f2e5800
R15=0x000000001f2e5800 is a thread


Stack: [0x000000002a160000,0x000000002a260000],  sp=0x000000002a25f050,  free space=1020k
Native frames: (J=compiled Java code, j=interpreted, Vv=VM code, C=native code)
C  [ntdll.dll+0x1ee9d]
C  [sqlite-3.16.1-370286dc-06c2-438e-b40b-cb5359a1d2d9-sqlitejdbc.dll+0x7a0d4]
C  0x0000000002af97db

Java frames: (J=compiled Java code, j=interpreted, Vv=VM code)
j  org.sqlite.core.NativeDB.reset(J)I+0
j  org.sqlite.core.CoreResultSet.close()V+81
j  org.sqlite.jdbc4.JDBC4ResultSet.close()V+6
j  org.sqlite.core.CoreStatement.internalClose()V+34
j  org.sqlite.jdbc3.JDBC3Statement.close()V+33
j  org.sqlite.jdbc4.JDBC4Statement.close()V+1
j  org.sqlite.jdbc3.JDBC3Statement.finalize()V+1
J 3495 C2 java.lang.ref.Finalizer.access$100(Ljava/lang/ref/Finalizer;Lsun/misc/JavaLangAccess;)V (6 bytes) @ 0x00000000036f60d4 [0x00000000036f5f00+0x1d4]
j  java.lang.ref.Finalizer$2.run()V+36
j  java.lang.Thread.run()V+11
v  ~StubRoutines::call_stub

---------------  P R O C E S S  ---------------

Java Threads: ( => current thread )
=>0x000000001f2e5800 JavaThread "Secondary finalizer" [_thread_in_native, id=6060, stack(0x000000002a160000,0x000000002a260000)]
  0x000000001f2ed000 JavaThread "Thread-5" [_thread_blocked, id=14552, stack(0x0000000029e60000,0x0000000029f60000)]
  0x000000001f2ee800 JavaThread "DestroyJavaVM" [_thread_blocked, id=15656, stack(0x00000000027e0000,0x00000000028e0000)]
  0x0000000024855800 JavaThread "Live Reload Server" daemon [_thread_in_native, id=15464, stack(0x0000000027b50000,0x0000000027c50000)]
  0x0000000024850800 JavaThread "mysql-cj-abandoned-connection-cleanup" daemon [_thread_blocked, id=932, stack(0x0000000025a10000,0x0000000025b10000)]
  0x000000001e4af800 JavaThread "Service Thread" daemon [_thread_blocked, id=15692, stack(0x000000001efd0000,0x000000001f0d0000)]
  0x000000001e41e800 JavaThread "C1 CompilerThread3" daemon [_thread_blocked, id=7716, stack(0x000000001eed0000,0x000000001efd0000)]
  0x000000001e418800 JavaThread "C2 CompilerThread2" daemon [_thread_blocked, id=13316, stack(0x000000001edd0000,0x000000001eed0000)]
  0x000000001e414800 JavaThread "C2 CompilerThread1" daemon [_thread_blocked, id=13928, stack(0x000000001ecd0000,0x000000001edd0000)]
  0x000000001e412000 JavaThread "C2 CompilerThread0" daemon [_thread_blocked, id=952, stack(0x000000001ebd0000,0x000000001ecd0000)]
  0x000000001e410000 JavaThread "Attach Listener" daemon [_thread_blocked, id=14360, stack(0x000000001ead0000,0x000000001ebd0000)]
  0x000000001e40f800 JavaThread "Signal Dispatcher" daemon [_thread_blocked, id=19440, stack(0x000000001e9d0000,0x000000001ead0000)]
  0x000000001e400800 JavaThread "Finalizer" daemon [_thread_blocked, id=16880, stack(0x000000001e7e0000,0x000000001e8e0000)]
  0x0000000002add000 JavaThread "Reference Handler" daemon [_thread_blocked, id=11572, stack(0x000000001e2e0000,0x000000001e3e0000)]

Other Threads:
  0x000000001c4f9000 VMThread [stack: 0x000000001e1e0000,0x000000001e2e0000] [id=19876]
  0x000000001e4da800 WatcherThread [stack: 0x000000001f0d0000,0x000000001f1d0000] [id=4064]

VM state:not at safepoint (normal execution)

VM Mutex/Monitor currently owned by a thread: None

heap address: 0x00000006c1c00000, size: 4068 MB, Compressed Oops mode: Zero based, Oop shift amount: 3
Narrow klass base: 0x0000000000000000, Narrow klass shift: 3
Compressed class space size: 1073741824 Address: 0x00000007c0000000

Heap:
 PSYoungGen      total 290304K, used 7473K [0x000000076b400000, 0x0000000783b80000, 0x00000007c0000000)
  eden space 273408K, 2% used [0x000000076b400000,0x000000076bb4c530,0x000000077bf00000)
  from space 16896K, 0% used [0x000000077d100000,0x000000077d100000,0x000000077e180000)
  to   space 18432K, 0% used [0x000000077bf00000,0x000000077bf00000,0x000000077d100000)
 ParOldGen       total 181760K, used 28269K [0x00000006c1c00000, 0x00000006ccd80000, 0x000000076b400000)
  object space 181760K, 15% used [0x00000006c1c00000,0x00000006c379b608,0x00000006ccd80000)
 Metaspace       used 47296K, capacity 49246K, committed 49408K, reserved 1091584K
  class space    used 6440K, capacity 6827K, committed 6912K, reserved 1048576K

Card table byte_map: [0x0000000011ea0000,0x00000000126a0000] byte_map_base: 0x000000000e892000

Marking Bits: (ParMarkBitMap*) 0x0000000070c14ce0
 Begin Bits: [0x00000000133f0000, 0x0000000017380000)
 End Bits:   [0x0000000017380000, 0x000000001b310000)

Polling page: 0x0000000000ec0000

CodeCache: size=245760Kb used=13201Kb max_used=15519Kb free=232558Kb
 bounds [0x0000000002ae0000, 0x0000000003a20000, 0x0000000011ae0000]
 total_blobs=4073 nmethods=3609 adapters=375
 compilation: enabled

Compilation events (10 events):
Event: 57.753 Thread 0x000000001e414800 4214       4       java.util.regex.Matcher::reset (83 bytes)
Event: 57.753 Thread 0x000000001e418800 4215       4       java.util.zip.ZipFile$ZipFileInputStream::finalize (5 bytes)
Event: 57.753 Thread 0x000000001e41e800 4217       3       java.util.regex.Matcher::start (22 bytes)
Event: 57.754 Thread 0x000000001e41e800 nmethod 4217 0x0000000002caff90 code [0x0000000002cb0100, 0x0000000002cb0348]
Event: 57.754 Thread 0x000000001e41e800 4218       3       java.util.Formatter$Conversion::isGeneral (64 bytes)
Event: 57.754 Thread 0x000000001e418800 nmethod 4215 0x000000000317c4d0 code [0x000000000317c620, 0x000000000317c6a8]
Event: 57.754 Thread 0x000000001e418800 4216       4       java.util.zip.ZipFile$ZipFileInflaterInputStream::finalize (5 bytes)
Event: 57.754 Thread 0x000000001e41e800 nmethod 4218 0x00000000032d3b50 code [0x00000000032d3ca0, 0x00000000032d3e10]
Event: 57.754 Thread 0x000000001e412000 nmethod 4213 0x0000000002bf6390 code [0x0000000002bf64e0, 0x0000000002bf6818]
Event: 57.754 Thread 0x000000001e41e800 4219       1       java.util.Formatter$FormatSpecifier::index (5 bytes)

GC Heap History (10 events):
Event: 2.295 GC heap before
{Heap before GC invocations=5 (full 1):
 PSYoungGen      total 141824K, used 131072K [0x000000076b400000, 0x000000077c900000, 0x00000007c0000000)
  eden space 131072K, 100% used [0x000000076b400000,0x0000000773400000,0x0000000773400000)
  from space 10752K, 0% used [0x0000000773400000,0x0000000773400000,0x0000000773e80000)
  to   space 10752K, 0% used [0x000000077be80000,0x000000077be80000,0x000000077c900000)
 ParOldGen       total 108544K, used 9743K [0x00000006c1c00000, 0x00000006c8600000, 0x000000076b400000)
  object space 108544K, 8% used [0x00000006c1c00000,0x00000006c2583c40,0x00000006c8600000)
 Metaspace       used 27000K, capacity 27826K, committed 28032K, reserved 1073152K
  class space    used 3508K, capacity 3710K, committed 3712K, reserved 1048576K
Event: 2.302 GC heap after
Heap after GC invocations=5 (full 1):
 PSYoungGen      total 200704K, used 9052K [0x000000076b400000, 0x000000077c780000, 0x00000007c0000000)
  eden space 191488K, 0% used [0x000000076b400000,0x000000076b400000,0x0000000776f00000)
  from space 9216K, 98% used [0x000000077be80000,0x000000077c757048,0x000000077c780000)
  to   space 10752K, 0% used [0x000000077b280000,0x000000077b280000,0x000000077bd00000)
 ParOldGen       total 108544K, used 9815K [0x00000006c1c00000, 0x00000006c8600000, 0x000000076b400000)
  object space 108544K, 9% used [0x00000006c1c00000,0x00000006c2595c50,0x00000006c8600000)
 Metaspace       used 27000K, capacity 27826K, committed 28032K, reserved 1073152K
  class space    used 3508K, capacity 3710K, committed 3712K, reserved 1048576K
}
Event: 3.301 GC heap before
{Heap before GC invocations=6 (full 1):
 PSYoungGen      total 200704K, used 146456K [0x000000076b400000, 0x000000077c780000, 0x00000007c0000000)
  eden space 191488K, 71% used [0x000000076b400000,0x0000000773a2f0c8,0x0000000776f00000)
  from space 9216K, 98% used [0x000000077be80000,0x000000077c757048,0x000000077c780000)
  to   space 10752K, 0% used [0x000000077b280000,0x000000077b280000,0x000000077bd00000)
 ParOldGen       total 108544K, used 9815K [0x00000006c1c00000, 0x00000006c8600000, 0x000000076b400000)
  object space 108544K, 9% used [0x00000006c1c00000,0x00000006c2595c50,0x00000006c8600000)
 Metaspace       used 33956K, capacity 35412K, committed 35456K, reserved 1079296K
  class space    used 4432K, capacity 4721K, committed 4736K, reserved 1048576K
Event: 3.313 GC heap after
Heap after GC invocations=6 (full 1):
 PSYoungGen      total 271360K, used 10742K [0x000000076b400000, 0x000000077e180000, 0x00000007c0000000)
  eden space 260608K, 0% used [0x000000076b400000,0x000000076b400000,0x000000077b280000)
  from space 10752K, 99% used [0x000000077b280000,0x000000077bcfdac8,0x000000077bd00000)
  to   space 16896K, 0% used [0x000000077d100000,0x000000077d100000,0x000000077e180000)
 ParOldGen       total 108544K, used 14908K [0x00000006c1c00000, 0x00000006c8600000, 0x000000076b400000)
  object space 108544K, 13% used [0x00000006c1c00000,0x00000006c2a8f208,0x00000006c8600000)
 Metaspace       used 33956K, capacity 35412K, committed 35456K, reserved 1079296K
  class space    used 4432K, capacity 4721K, committed 4736K, reserved 1048576K
}
Event: 3.313 GC heap before
{Heap before GC invocations=7 (full 2):
 PSYoungGen      total 271360K, used 10742K [0x000000076b400000, 0x000000077e180000, 0x00000007c0000000)
  eden space 260608K, 0% used [0x000000076b400000,0x000000076b400000,0x000000077b280000)
  from space 10752K, 99% used [0x000000077b280000,0x000000077bcfdac8,0x000000077bd00000)
  to   space 16896K, 0% used [0x000000077d100000,0x000000077d100000,0x000000077e180000)
 ParOldGen       total 108544K, used 14908K [0x00000006c1c00000, 0x00000006c8600000, 0x000000076b400000)
  object space 108544K, 13% used [0x00000006c1c00000,0x00000006c2a8f208,0x00000006c8600000)
 Metaspace       used 33956K, capacity 35412K, committed 35456K, reserved 1079296K
  class space    used 4432K, capacity 4721K, committed 4736K, reserved 1048576K
Event: 3.374 GC heap after
Heap after GC invocations=7 (full 2):
 PSYoungGen      total 271360K, used 0K [0x000000076b400000, 0x000000077e180000, 0x00000007c0000000)
  eden space 260608K, 0% used [0x000000076b400000,0x000000076b400000,0x000000077b280000)
  from space 10752K, 0% used [0x000000077b280000,0x000000077b280000,0x000000077bd00000)
  to   space 16896K, 0% used [0x000000077d100000,0x000000077d100000,0x000000077e180000)
 ParOldGen       total 181760K, used 20017K [0x00000006c1c00000, 0x00000006ccd80000, 0x000000076b400000)
  object space 181760K, 11% used [0x00000006c1c00000,0x00000006c2f8c708,0x00000006ccd80000)
 Metaspace       used 33956K, capacity 35412K, committed 35456K, reserved 1079296K
  class space    used 4432K, capacity 4721K, committed 4736K, reserved 1048576K
}
Event: 57.634 GC heap before
{Heap before GC invocations=8 (full 2):
 PSYoungGen      total 271360K, used 195699K [0x000000076b400000, 0x000000077e180000, 0x00000007c0000000)
  eden space 260608K, 75% used [0x000000076b400000,0x000000077731cd88,0x000000077b280000)
  from space 10752K, 0% used [0x000000077b280000,0x000000077b280000,0x000000077bd00000)
  to   space 16896K, 0% used [0x000000077d100000,0x000000077d100000,0x000000077e180000)
 ParOldGen       total 181760K, used 20017K [0x00000006c1c00000, 0x00000006ccd80000, 0x000000076b400000)
  object space 181760K, 11% used [0x00000006c1c00000,0x00000006c2f8c708,0x00000006ccd80000)
 Metaspace       used 47293K, capacity 49246K, committed 49408K, reserved 1091584K
  class space    used 6438K, capacity 6827K, committed 6912K, reserved 1048576K
Event: 57.648 GC heap after
Heap after GC invocations=8 (full 2):
 PSYoungGen      total 290304K, used 15101K [0x000000076b400000, 0x0000000783b80000, 0x00000007c0000000)
  eden space 273408K, 0% used [0x000000076b400000,0x000000076b400000,0x000000077bf00000)
  from space 16896K, 89% used [0x000000077d100000,0x000000077dfbf4f0,0x000000077e180000)
  to   space 18432K, 0% used [0x000000077bf00000,0x000000077bf00000,0x000000077d100000)
 ParOldGen       total 181760K, used 20025K [0x00000006c1c00000, 0x00000006ccd80000, 0x000000076b400000)
  object space 181760K, 11% used [0x00000006c1c00000,0x00000006c2f8e708,0x00000006ccd80000)
 Metaspace       used 47293K, capacity 49246K, committed 49408K, reserved 1091584K
  class space    used 6438K, capacity 6827K, committed 6912K, reserved 1048576K
}
Event: 57.648 GC heap before
{Heap before GC invocations=9 (full 3):
 PSYoungGen      total 290304K, used 15101K [0x000000076b400000, 0x0000000783b80000, 0x00000007c0000000)
  eden space 273408K, 0% used [0x000000076b400000,0x000000076b400000,0x000000077bf00000)
  from space 16896K, 89% used [0x000000077d100000,0x000000077dfbf4f0,0x000000077e180000)
  to   space 18432K, 0% used [0x000000077bf00000,0x000000077bf00000,0x000000077d100000)
 ParOldGen       total 181760K, used 20025K [0x00000006c1c00000, 0x00000006ccd80000, 0x000000076b400000)
  object space 181760K, 11% used [0x00000006c1c00000,0x00000006c2f8e708,0x00000006ccd80000)
 Metaspace       used 47293K, capacity 49246K, committed 49408K, reserved 1091584K
  class space    used 6438K, capacity 6827K, committed 6912K, reserved 1048576K
Event: 57.750 GC heap after
Heap after GC invocations=9 (full 3):
 PSYoungGen      total 290304K, used 0K [0x000000076b400000, 0x0000000783b80000, 0x00000007c0000000)
  eden space 273408K, 0% used [0x000000076b400000,0x000000076b400000,0x000000077bf00000)
  from space 16896K, 0% used [0x000000077d100000,0x000000077d100000,0x000000077e180000)
  to   space 18432K, 0% used [0x000000077bf00000,0x000000077bf00000,0x000000077d100000)
 ParOldGen       total 181760K, used 28269K [0x00000006c1c00000, 0x00000006ccd80000, 0x000000076b400000)
  object space 181760K, 15% used [0x00000006c1c00000,0x00000006c379b608,0x00000006ccd80000)
 Metaspace       used 47293K, capacity 49246K, committed 49408K, reserved 1091584K
  class space    used 6438K, capacity 6827K, committed 6912K, reserved 1048576K
}

Deoptimization events (10 events):
Event: 5.120 Thread 0x000000001f915000 Uncommon trap: reason=bimorphic action=maybe_recompile pc=0x00000000035f9550 method=java.util.Hashtable.get(Ljava/lang/Object;)Ljava/lang/Object; @ 6
Event: 5.120 Thread 0x000000001f915000 Uncommon trap: reason=bimorphic action=maybe_recompile pc=0x00000000035f9550 method=java.util.Hashtable.get(Ljava/lang/Object;)Ljava/lang/Object; @ 6
Event: 6.076 Thread 0x0000000024853800 Uncommon trap: reason=class_check action=maybe_recompile pc=0x00000000036f2a78 method=java.util.AbstractCollection.containsAll(Ljava/util/Collection;)Z @ 1
Event: 6.076 Thread 0x0000000024853800 Uncommon trap: reason=class_check action=maybe_recompile pc=0x00000000036f2a78 method=java.util.AbstractCollection.containsAll(Ljava/util/Collection;)Z @ 1
Event: 6.076 Thread 0x0000000024853800 Uncommon trap: reason=class_check action=maybe_recompile pc=0x00000000036f2a78 method=java.util.AbstractCollection.containsAll(Ljava/util/Collection;)Z @ 1
Event: 6.076 Thread 0x0000000024853800 Uncommon trap: reason=class_check action=maybe_recompile pc=0x00000000036f2a78 method=java.util.AbstractCollection.containsAll(Ljava/util/Collection;)Z @ 1
Event: 57.002 Thread 0x0000000024853800 Uncommon trap: reason=unstable_if action=reinterpret pc=0x0000000002d19d78 method=java.util.AbstractCollection.containsAll(Ljava/util/Collection;)Z @ 28
Event: 57.434 Thread 0x0000000024853800 Uncommon trap: reason=unstable_if action=reinterpret pc=0x0000000002eb18b0 method=org.springframework.boot.devtools.filewatch.FileSnapshot.equals(Ljava/lang/Object;)Z @ 93
Event: 57.440 Thread 0x0000000024853800 Uncommon trap: reason=unstable_if action=reinterpret pc=0x00000000037c94bc method=jdk.internal.org.objectweb.asm.Item.isEqualTo(Ljdk/internal/org/objectweb/asm/Item;)Z @ 331
Event: 57.750 Thread 0x0000000002add000 Uncommon trap: reason=unstable_if action=reinterpret pc=0x000000000345007c method=java.lang.ref.Reference.tryHandlePending(Z)Z @ 20

Classes redefined (0 events):
No events

Internal exceptions (10 events):
Event: 4.547 Thread 0x000000001f915000 Exception <a 'java/lang/ClassNotFoundException': org/springframework/boot/autoconfigure/web/servlet/WebMvcAutoConfiguration$EnableWebMvcConfiguration$$EnhancerBySpringCGLIB$$78801f0cCustomizer> (0x00000007712178f8) thrown at [C:\re\workspace\8-2-build-win
Event: 4.549 Thread 0x000000001f915000 Exception <a 'java/lang/ClassNotFoundException': org/springframework/context/annotation/ConfigurationClassEnhancer$EnhancedConfigurationCustomizer> (0x0000000771257a18) thrown at [C:\re\workspace\8-2-build-windows-amd64-cygwin\jdk8u201\12322\hotspot\src\s
Event: 4.550 Thread 0x000000001f915000 Exception <a 'java/lang/ClassNotFoundException': org/springframework/beans/factory/BeanFactoryAwareCustomizer> (0x000000077126ca10) thrown at [C:\re\workspace\8-2-build-windows-amd64-cygwin\jdk8u201\12322\hotspot\src\share\vm\classfile\systemDictionary.cp
Event: 4.550 Thread 0x000000001f915000 Exception <a 'java/lang/ClassNotFoundException': org/springframework/beans/factory/AwareCustomizer> (0x00000007712804b8) thrown at [C:\re\workspace\8-2-build-windows-amd64-cygwin\jdk8u201\12322\hotspot\src\share\vm\classfile\systemDictionary.cpp, line 210
Event: 4.550 Thread 0x000000001f915000 Exception <a 'java/lang/ClassNotFoundException': org/springframework/context/ApplicationContextAwareCustomizer> (0x0000000771295818) thrown at [C:\re\workspace\8-2-build-windows-amd64-cygwin\jdk8u201\12322\hotspot\src\share\vm\classfile\systemDictionary.c
Event: 4.551 Thread 0x000000001f915000 Exception <a 'java/lang/ClassNotFoundException': org/springframework/beans/factory/AwareCustomizer> (0x00000007712a9298) thrown at [C:\re\workspace\8-2-build-windows-amd64-cygwin\jdk8u201\12322\hotspot\src\share\vm\classfile\systemDictionary.cpp, line 210
Event: 4.552 Thread 0x000000001f915000 Exception <a 'java/lang/ClassNotFoundException': org/springframework/web/context/ServletContextAwareCustomizer> (0x00000007712be598) thrown at [C:\re\workspace\8-2-build-windows-amd64-cygwin\jdk8u201\12322\hotspot\src\share\vm\classfile\systemDictionary.c
Event: 4.552 Thread 0x000000001f915000 Exception <a 'java/lang/ClassNotFoundException': org/springframework/beans/factory/AwareCustomizer> (0x00000007712d1a88) thrown at [C:\re\workspace\8-2-build-windows-amd64-cygwin\jdk8u201\12322\hotspot\src\share\vm\classfile\systemDictionary.cpp, line 210
Event: 4.690 Thread 0x000000001f915000 Implicit null exception at 0x00000000038f5c9d to 0x00000000038f7fa1
Event: 57.633 Thread 0x0000000024854000 Exception <a 'java/lang/InterruptedException': sleep interrupted> (0x000000077716a838) thrown at [C:\re\workspace\8-2-build-windows-amd64-cygwin\jdk8u201\12322\hotspot\src\share\vm\prims\jvm.cpp, line 3340]

Events (10 events):
Event: 57.752 Thread 0x000000001e41e800 flushing nmethod 0x000000000370c5d0
Event: 57.752 Thread 0x000000001e41e800 flushing nmethod 0x000000000370e8d0
Event: 57.753 Thread 0x000000001e41e800 flushing nmethod 0x000000000372b250
Event: 57.753 Thread 0x000000001e41e800 flushing nmethod 0x000000000372f7d0
Event: 57.753 Thread 0x000000001e41e800 flushing nmethod 0x000000000374ec50
Event: 57.754 Executing VM operation: BulkRevokeBias
Event: 57.754 Executing VM operation: BulkRevokeBias done
Event: 57.754 Executing VM operation: RevokeBias
Event: 57.754 Executing VM operation: RevokeBias done
Event: 57.755 Executing VM operation: RevokeBias


Dynamic libraries:
0x00007ff6a9cb0000 - 0x00007ff6a9ce7000 	C:\Program Files\Java\jre1.8.0_201\bin\javaw.exe
0x00007ffd669c0000 - 0x00007ffd66ba1000 	C:\WINDOWS\SYSTEM32\ntdll.dll
0x00007ffd65450000 - 0x00007ffd65502000 	C:\WINDOWS\System32\KERNEL32.DLL
0x00007ffd63b80000 - 0x00007ffd63df3000 	C:\WINDOWS\System32\KERNELBASE.dll
0x00007ffd65e90000 - 0x00007ffd65f31000 	C:\WINDOWS\System32\ADVAPI32.dll
0x00007ffd65f40000 - 0x00007ffd65fde000 	C:\WINDOWS\System32\msvcrt.dll
0x00007ffd66930000 - 0x00007ffd6698b000 	C:\WINDOWS\System32\sechost.dll
0x00007ffd65570000 - 0x00007ffd65694000 	C:\WINDOWS\System32\RPCRT4.dll
0x00007ffd65fe0000 - 0x00007ffd66170000 	C:\WINDOWS\System32\USER32.dll
0x00007ffd63ac0000 - 0x00007ffd63ae0000 	C:\WINDOWS\System32\win32u.dll
0x00007ffd65d80000 - 0x00007ffd65da8000 	C:\WINDOWS\System32\GDI32.dll
0x00007ffd63820000 - 0x00007ffd639b2000 	C:\WINDOWS\System32\gdi32full.dll
0x00007ffd63ae0000 - 0x00007ffd63b7f000 	C:\WINDOWS\System32\msvcp_win.dll
0x00007ffd639c0000 - 0x00007ffd63ab8000 	C:\WINDOWS\System32\ucrtbase.dll
0x00007ffd53380000 - 0x00007ffd535e9000 	C:\WINDOWS\WinSxS\amd64_microsoft.windows.common-controls_6595b64144ccf1df_6.0.17134.648_none_fb45a0e93062a6d2\COMCTL32.dll
0x00007ffd65740000 - 0x00007ffd65a62000 	C:\WINDOWS\System32\combase.dll
0x00007ffd63090000 - 0x00007ffd6310a000 	C:\WINDOWS\System32\bcryptPrimitives.dll
0x00007ffd65db0000 - 0x00007ffd65ddd000 	C:\WINDOWS\System32\IMM32.DLL
0x00000000701e0000 - 0x00000000702b1000 	C:\Program Files\Java\jre1.8.0_201\bin\msvcr100.dll
0x00000000703f0000 - 0x0000000070c94000 	C:\Program Files\Java\jre1.8.0_201\bin\server\jvm.dll
0x00007ffd65a80000 - 0x00007ffd65a88000 	C:\WINDOWS\System32\PSAPI.DLL
0x00007ffd60880000 - 0x00007ffd60889000 	C:\WINDOWS\SYSTEM32\WSOCK32.dll
0x00007ffd5ad60000 - 0x00007ffd5ad6a000 	C:\WINDOWS\SYSTEM32\VERSION.dll
0x00007ffd5ec60000 - 0x00007ffd5ec83000 	C:\WINDOWS\SYSTEM32\WINMM.dll
0x00007ffd66170000 - 0x00007ffd661dc000 	C:\WINDOWS\System32\WS2_32.dll
0x00007ffd5ec30000 - 0x00007ffd5ec5a000 	C:\WINDOWS\SYSTEM32\WINMMBASE.dll
0x00007ffd63e00000 - 0x00007ffd63e49000 	C:\WINDOWS\System32\cfgmgr32.dll
0x00007ffd60750000 - 0x00007ffd6075f000 	C:\Program Files\Java\jre1.8.0_201\bin\verify.dll
0x00007ffd55480000 - 0x00007ffd554a9000 	C:\Program Files\Java\jre1.8.0_201\bin\java.dll
0x00007ffd572b0000 - 0x00007ffd572c6000 	C:\Program Files\Java\jre1.8.0_201\bin\zip.dll
0x00007ffd63fb0000 - 0x00007ffd653f0000 	C:\WINDOWS\System32\SHELL32.dll
0x00007ffd65de0000 - 0x00007ffd65e89000 	C:\WINDOWS\System32\shcore.dll
0x00007ffd63110000 - 0x00007ffd6381d000 	C:\WINDOWS\System32\windows.storage.dll
0x00007ffd65b80000 - 0x00007ffd65bd1000 	C:\WINDOWS\System32\shlwapi.dll
0x00007ffd62d50000 - 0x00007ffd62d61000 	C:\WINDOWS\System32\kernel.appcore.dll
0x00007ffd62d70000 - 0x00007ffd62d8f000 	C:\WINDOWS\System32\profapi.dll
0x00007ffd62ce0000 - 0x00007ffd62d2c000 	C:\WINDOWS\System32\powrprof.dll
0x00007ffd62cd0000 - 0x00007ffd62cda000 	C:\WINDOWS\System32\FLTLIB.DLL
0x00007ffd5ecf0000 - 0x00007ffd5ecfd000 	C:\Program Files\Java\jre1.8.0_201\bin\management.dll
0x00007ffd55440000 - 0x00007ffd5545a000 	C:\Program Files\Java\jre1.8.0_201\bin\net.dll
0x00007ffd52a30000 - 0x00007ffd52bf8000 	C:\WINDOWS\SYSTEM32\urlmon.dll
0x00007ffd54480000 - 0x00007ffd54725000 	C:\WINDOWS\SYSTEM32\iertutil.dll
0x00007ffd62720000 - 0x00007ffd6272b000 	C:\WINDOWS\SYSTEM32\CRYPTBASE.DLL
0x00007ffd62550000 - 0x00007ffd625b6000 	C:\WINDOWS\system32\mswsock.dll
0x00007ffd388e0000 - 0x00007ffd388f6000 	C:\WINDOWS\system32\napinsp.dll
0x00007ffd388c0000 - 0x00007ffd388da000 	C:\WINDOWS\system32\pnrpnsp.dll
0x00007ffd5f940000 - 0x00007ffd5f959000 	C:\WINDOWS\system32\NLAapi.dll
0x00007ffd62310000 - 0x00007ffd623ce000 	C:\WINDOWS\SYSTEM32\DNSAPI.dll
0x00007ffd65a70000 - 0x00007ffd65a78000 	C:\WINDOWS\System32\NSI.dll
0x00007ffd622d0000 - 0x00007ffd62308000 	C:\WINDOWS\SYSTEM32\IPHLPAPI.DLL
0x00007ffd388b0000 - 0x00007ffd388be000 	C:\WINDOWS\System32\winrnr.dll
0x00007ffd5d660000 - 0x00007ffd5d675000 	C:\WINDOWS\System32\wshbth.dll
0x00007ffd56ec0000 - 0x00007ffd56eca000 	C:\Windows\System32\rasadhlp.dll
0x00007ffd575a0000 - 0x00007ffd57612000 	C:\WINDOWS\System32\fwpuclnt.dll
0x00007ffd62830000 - 0x00007ffd62855000 	C:\WINDOWS\SYSTEM32\bcrypt.dll
0x00007ffd55420000 - 0x00007ffd55431000 	C:\Program Files\Java\jre1.8.0_201\bin\nio.dll
0x00007ffd62700000 - 0x00007ffd62717000 	C:\WINDOWS\SYSTEM32\CRYPTSP.dll
0x00007ffd62130000 - 0x00007ffd62163000 	C:\WINDOWS\system32\rsaenh.dll
0x00007ffd62c00000 - 0x00007ffd62c28000 	C:\WINDOWS\SYSTEM32\USERENV.dll
0x00007ffd5ad70000 - 0x00007ffd5ad86000 	C:\WINDOWS\SYSTEM32\dhcpcsvc6.DLL
0x00007ffd5ad20000 - 0x00007ffd5ad3a000 	C:\WINDOWS\SYSTEM32\dhcpcsvc.DLL
0x000000006cd80000 - 0x000000006ce70000 	C:\Users\Dominique\AppData\Local\Temp\sqlite-3.16.1-370286dc-06c2-438e-b40b-cb5359a1d2d9-sqlitejdbc.dll
0x00007ffd43f30000 - 0x00007ffd440f9000 	C:\WINDOWS\SYSTEM32\dbghelp.dll

VM Arguments:
jvm_args: -Dfile.encoding=UTF-8 
java_command: Ascari.one.AscariCab.AscariCabApplication
java_class_path (initial): C:\Program Files\Java\jre1.8.0_201\lib\resources.jar;C:\Program Files\Java\jre1.8.0_201\lib\rt.jar;C:\Program Files\Java\jre1.8.0_201\lib\jsse.jar;C:\Program Files\Java\jre1.8.0_201\lib\jce.jar;C:\Program Files\Java\jre1.8.0_201\lib\charsets.jar;C:\Program Files\Java\jre1.8.0_201\lib\jfr.jar;C:\Program Files\Java\jre1.8.0_201\lib\ext\access-bridge-64.jar;C:\Program Files\Java\jre1.8.0_201\lib\ext\cldrdata.jar;C:\Program Files\Java\jre1.8.0_201\lib\ext\dnsns.jar;C:\Program Files\Java\jre1.8.0_201\lib\ext\jaccess.jar;C:\Program Files\Java\jre1.8.0_201\lib\ext\jfxrt.jar;C:\Program Files\Java\jre1.8.0_201\lib\ext\localedata.jar;C:\Program Files\Java\jre1.8.0_201\lib\ext\nashorn.jar;C:\Program Files\Java\jre1.8.0_201\lib\ext\sunec.jar;C:\Program Files\Java\jre1.8.0_201\lib\ext\sunjce_provider.jar;C:\Program Files\Java\jre1.8.0_201\lib\ext\sunmscapi.jar;C:\Program Files\Java\jre1.8.0_201\lib\ext\sunpkcs11.jar;C:\Program Files\Java\jre1.8.0_201\lib\ext\zipfs.jar;C:\Users\Dominique\Desktop\research\New folder\JohnnysShop\target\classes;C:\Users\Dominique\.m2\repository\org\springframework\boot\spring-boot-starter-data-jpa\2.1.3.RELEASE\spring-boot-starter-data-jpa-2.1.3.RELEASE.jar;C:\Users\Dominique\.m2\repository\org\springframework\boot\spring-boot-starter-aop\2.1.3.RELEASE\spring-boot-starter-aop-2.1.3.RELEASE.jar;C:\Users\Dominique\.m2\repository\org\springframework\spring-aop\5.1.5.RELEASE\spring-aop-5.1.5.RELEASE.jar;C:\Users\Dominique\.m2\repository\org\aspectj\aspectjweaver\1.9.2\aspectjweaver-1.9.2.jar;C:\Users\Dominique\.m2\repository\org\springframework\boot\spring-boot-starter-jdbc\2.1.3.RELEASE\spring-boot-starter-jdbc-2.1.3.RELEASE.jar;C:\Users\Dominique\.m2\repository\com\zaxxer\HikariCP\3.2.0\HikariCP-3.2.0.jar;C:\Users\Dominique\.m2\repository\org\springframework\spring-jdbc\5.1.5.RELEASE\spring-jdbc-5.1.5.RELEASE.jar;C:\Users\Dominique\.m2\repository\javax\transaction\javax.transaction-api\1.3\javax.transaction-api-1.3.jar;C:\
Launcher Type: SUN_STANDARD

Environment Variables:
JAVA_HOME=C:\Program Files\Java\jdk1.8.0_201
PATH=C:/Program Files/Java/jre1.8.0_201/bin/server;C:/Program Files/Java/jre1.8.0_201/bin;C:/Program Files/Java/jre1.8.0_201/lib/amd64;C:\Program Files (x86)\Common Files\Oracle\Java\javapath;C:\ProgramData\Oracle\Java\javapath;C:\WINDOWS\system32;C:\WINDOWS;C:\WINDOWS\System32\Wbem;C:\WINDOWS\System32\WindowsPowerShell\v1.0\;C:\Program Files (x86)\NVIDIA Corporation\PhysX\Common;C:\WINDOWS\system32;C:\WINDOWS;C:\WINDOWS\System32\Wbem;C:\WINDOWS\System32\WindowsPowerShell\v1.0\;C:\WINDOWS\System32\OpenSSH\;C:\Program Files\NVIDIA Corporation\NVIDIA NvDLISR;C:\Program Files\swipl\bin;C:\Program Files (x86)\OpenVPN\bin;C:\Program Files (x86)\sbt\bin;C:\Program Files (x86)\Yarn\bin\;C:\Program Files\nodejs\;C:\Program Files\Git\cmd;C:\Users\Dominique\Documents\apache-maven-3.6.0\bin;C:\Users\Dominique\AppData\Local\Programs\Python\Python37-32;C:\Users\Dominique\AppData\Local\Programs\Python\Python37-32\Scripts;C:\Users\Dominique\AppData\Local\Microsoft\WindowsApps;C:\Users\Dominique\AppData\Local\Yarn\bin;C:\Users\Dominique\AppData\Roaming\npm;C:\Users\Dominique\AppData\Local\Programs\Python;;C:\Users\Dominique\Desktop\JUMP FORCE [FitGirl Repack]\eclipse;
USERNAME=Dominique
OS=Windows_NT
PROCESSOR_IDENTIFIER=Intel64 Family 6 Model 158 Stepping 9, GenuineIntel



---------------  S Y S T E M  ---------------

OS: Windows 10.0 , 64 bit Build 17134 (10.0.17134.648)

CPU:total 8 (initial active 8) (4 cores per cpu, 2 threads per core) family 6 model 158 stepping 9, cmov, cx8, fxsr, mmx, sse, sse2, sse3, ssse3, sse4.1, sse4.2, popcnt, avx, avx2, aes, clmul, erms, 3dnowpref, lzcnt, ht, tsc, tscinvbit, bmi1, bmi2, adx

Memory: 4k page, physical 16655964k(5973988k free), swap 27911324k(11215544k free)

vm_info: Java HotSpot(TM) 64-Bit Server VM (25.201-b09) for windows-amd64 JRE (1.8.0_201-b09), built on Dec 15 2018 18:36:39 by "java_re" with MS VC++ 10.0 (VS2010)

time: Tue Apr 09 12:00:00 2019
timezone: Central Daylight Time
elapsed time: 57 seconds (0d 0h 0m 57s)

